[35m[1mConsolidate compiler generated dependencies of target allan_variance_msgs__rosidl_generator_c[0m
[  3%] Built target allan_variance_msgs__cpp
[ 12%] Built target allan_variance_msgs__rosidl_generator_c
[ 12%] Built target ament_cmake_python_copy_allan_variance_msgs
[35m[1mConsolidate compiler generated dependencies of target allan_variance_msgs__rosidl_typesupport_fastrtps_cpp[0m
[35m[1mConsolidate compiler generated dependencies of target allan_variance_msgs__rosidl_typesupport_cpp[0m
[35m[1mConsolidate compiler generated dependencies of target allan_variance_msgs__rosidl_typesupport_introspection_cpp[0m
[35m[1mConsolidate compiler generated dependencies of target allan_variance_msgs__rosidl_typesupport_fastrtps_c[0m
[35m[1mConsolidate compiler generated dependencies of target allan_variance_msgs__rosidl_typesupport_c[0m
[35m[1mConsolidate compiler generated dependencies of target allan_variance_msgs__rosidl_typesupport_introspection_c[0m
[ 32%] Built target allan_variance_msgs__rosidl_typesupport_fastrtps_cpp
[ 32%] Built target allan_variance_msgs__rosidl_typesupport_cpp
[ 51%] Built target allan_variance_msgs__rosidl_typesupport_introspection_cpp
[ 54%] Built target allan_variance_msgs__rosidl_typesupport_fastrtps_c
[ 61%] Built target allan_variance_msgs__rosidl_typesupport_c
[ 70%] Built target allan_variance_msgs__rosidl_typesupport_introspection_c
[ 70%] Built target allan_variance_msgs
[ 74%] Built target allan_variance_msgs__py
[35m[1mConsolidate compiler generated dependencies of target allan_variance_msgs__rosidl_generator_py[0m
[ 80%] Built target allan_variance_msgs__rosidl_generator_py
[35m[1mConsolidate compiler generated dependencies of target allan_variance_msgs__rosidl_typesupport_c__pyext[0m
[35m[1mConsolidate compiler generated dependencies of target allan_variance_msgs__rosidl_typesupport_introspection_c__pyext[0m
[35m[1mConsolidate compiler generated dependencies of target allan_variance_msgs__rosidl_typesupport_fastrtps_c__pyext[0m
[100%] Built target allan_variance_msgs__rosidl_typesupport_fastrtps_c__pyext
[100%] Built target allan_variance_msgs__rosidl_typesupport_c__pyext
[100%] Built target allan_variance_msgs__rosidl_typesupport_introspection_c__pyext
running egg_info
writing allan_variance_msgs.egg-info/PKG-INFO
writing dependency_links to allan_variance_msgs.egg-info/dependency_links.txt
writing top-level names to allan_variance_msgs.egg-info/top_level.txt
reading manifest file 'allan_variance_msgs.egg-info/SOURCES.txt'
writing manifest file 'allan_variance_msgs.egg-info/SOURCES.txt'
[100%] Built target ament_cmake_python_build_allan_variance_msgs_egg
-- Install configuration: ""
-- Installing: /home/ws/install/allan_variance_msgs/share/ament_index/resource_index/rosidl_interfaces/allan_variance_msgs
-- Installing: /home/ws/install/allan_variance_msgs/include/allan_variance_msgs/allan_variance_msgs
-- Installing: /home/ws/install/allan_variance_msgs/include/allan_variance_msgs/allan_variance_msgs/msg
-- Installing: /home/ws/install/allan_variance_msgs/include/allan_variance_msgs/allan_variance_msgs/msg/detail
-- Installing: /home/ws/install/allan_variance_msgs/include/allan_variance_msgs/allan_variance_msgs/msg/detail/imu9_do_f__struct.h
-- Installing: /home/ws/install/allan_variance_msgs/include/allan_variance_msgs/allan_variance_msgs/msg/detail/imu9_do_f__functions.c
-- Installing: /home/ws/install/allan_variance_msgs/include/allan_variance_msgs/allan_variance_msgs/msg/detail/imu9_do_f__type_support.h
-- Installing: /home/ws/install/allan_variance_msgs/include/allan_variance_msgs/allan_variance_msgs/msg/detail/imu9_do_f__functions.h
-- Installing: /home/ws/install/allan_variance_msgs/include/allan_variance_msgs/allan_variance_msgs/msg/imu9_do_f.h
-- Installing: /home/ws/install/allan_variance_msgs/include/allan_variance_msgs/allan_variance_msgs/msg/rosidl_generator_c__visibility_control.h
-- Installing: /home/ws/install/allan_variance_msgs/share/allan_variance_msgs/environment/library_path.sh
-- Installing: /home/ws/install/allan_variance_msgs/share/allan_variance_msgs/environment/library_path.dsv
-- Installing: /home/ws/install/allan_variance_msgs/lib/liballan_variance_msgs__rosidl_generator_c.so
-- Set runtime path of "/home/ws/install/allan_variance_msgs/lib/liballan_variance_msgs__rosidl_generator_c.so" to ""
-- Up-to-date: /home/ws/install/allan_variance_msgs/include/allan_variance_msgs/allan_variance_msgs
-- Up-to-date: /home/ws/install/allan_variance_msgs/include/allan_variance_msgs/allan_variance_msgs/msg
-- Up-to-date: /home/ws/install/allan_variance_msgs/include/allan_variance_msgs/allan_variance_msgs/msg/detail
-- Installing: /home/ws/install/allan_variance_msgs/include/allan_variance_msgs/allan_variance_msgs/msg/detail/imu9_do_f__rosidl_typesupport_fastrtps_c.h
-- Installing: /home/ws/install/allan_variance_msgs/include/allan_variance_msgs/allan_variance_msgs/msg/rosidl_typesupport_fastrtps_c__visibility_control.h
-- Installing: /home/ws/install/allan_variance_msgs/lib/liballan_variance_msgs__rosidl_typesupport_fastrtps_c.so
-- Set runtime path of "/home/ws/install/allan_variance_msgs/lib/liballan_variance_msgs__rosidl_typesupport_fastrtps_c.so" to ""
-- Up-to-date: /home/ws/install/allan_variance_msgs/include/allan_variance_msgs/allan_variance_msgs
-- Up-to-date: /home/ws/install/allan_variance_msgs/include/allan_variance_msgs/allan_variance_msgs/msg
-- Up-to-date: /home/ws/install/allan_variance_msgs/include/allan_variance_msgs/allan_variance_msgs/msg/detail
-- Installing: /home/ws/install/allan_variance_msgs/include/allan_variance_msgs/allan_variance_msgs/msg/detail/imu9_do_f__traits.hpp
-- Installing: /home/ws/install/allan_variance_msgs/include/allan_variance_msgs/allan_variance_msgs/msg/detail/imu9_do_f__struct.hpp
-- Installing: /home/ws/install/allan_variance_msgs/include/allan_variance_msgs/allan_variance_msgs/msg/detail/imu9_do_f__builder.hpp
-- Installing: /home/ws/install/allan_variance_msgs/include/allan_variance_msgs/allan_variance_msgs/msg/imu9_do_f.hpp
-- Up-to-date: /home/ws/install/allan_variance_msgs/include/allan_variance_msgs/allan_variance_msgs
-- Up-to-date: /home/ws/install/allan_variance_msgs/include/allan_variance_msgs/allan_variance_msgs/msg
-- Up-to-date: /home/ws/install/allan_variance_msgs/include/allan_variance_msgs/allan_variance_msgs/msg/detail
-- Installing: /home/ws/install/allan_variance_msgs/include/allan_variance_msgs/allan_variance_msgs/msg/detail/dds_fastrtps
-- Installing: /home/ws/install/allan_variance_msgs/include/allan_variance_msgs/allan_variance_msgs/msg/detail/imu9_do_f__rosidl_typesupport_fastrtps_cpp.hpp
-- Installing: /home/ws/install/allan_variance_msgs/include/allan_variance_msgs/allan_variance_msgs/msg/rosidl_typesupport_fastrtps_cpp__visibility_control.h
-- Installing: /home/ws/install/allan_variance_msgs/lib/liballan_variance_msgs__rosidl_typesupport_fastrtps_cpp.so
-- Set runtime path of "/home/ws/install/allan_variance_msgs/lib/liballan_variance_msgs__rosidl_typesupport_fastrtps_cpp.so" to ""
-- Up-to-date: /home/ws/install/allan_variance_msgs/include/allan_variance_msgs/allan_variance_msgs
-- Up-to-date: /home/ws/install/allan_variance_msgs/include/allan_variance_msgs/allan_variance_msgs/msg
-- Up-to-date: /home/ws/install/allan_variance_msgs/include/allan_variance_msgs/allan_variance_msgs/msg/detail
-- Installing: /home/ws/install/allan_variance_msgs/include/allan_variance_msgs/allan_variance_msgs/msg/detail/imu9_do_f__type_support.c
-- Installing: /home/ws/install/allan_variance_msgs/include/allan_variance_msgs/allan_variance_msgs/msg/detail/imu9_do_f__rosidl_typesupport_introspection_c.h
-- Installing: /home/ws/install/allan_variance_msgs/include/allan_variance_msgs/allan_variance_msgs/msg/rosidl_typesupport_introspection_c__visibility_control.h
-- Installing: /home/ws/install/allan_variance_msgs/lib/liballan_variance_msgs__rosidl_typesupport_introspection_c.so
-- Set runtime path of "/home/ws/install/allan_variance_msgs/lib/liballan_variance_msgs__rosidl_typesupport_introspection_c.so" to ""
-- Installing: /home/ws/install/allan_variance_msgs/lib/liballan_variance_msgs__rosidl_typesupport_c.so
-- Set runtime path of "/home/ws/install/allan_variance_msgs/lib/liballan_variance_msgs__rosidl_typesupport_c.so" to ""
-- Up-to-date: /home/ws/install/allan_variance_msgs/include/allan_variance_msgs/allan_variance_msgs
-- Up-to-date: /home/ws/install/allan_variance_msgs/include/allan_variance_msgs/allan_variance_msgs/msg
-- Up-to-date: /home/ws/install/allan_variance_msgs/include/allan_variance_msgs/allan_variance_msgs/msg/detail
-- Installing: /home/ws/install/allan_variance_msgs/include/allan_variance_msgs/allan_variance_msgs/msg/detail/imu9_do_f__rosidl_typesupport_introspection_cpp.hpp
-- Installing: /home/ws/install/allan_variance_msgs/include/allan_variance_msgs/allan_variance_msgs/msg/detail/imu9_do_f__type_support.cpp
-- Installing: /home/ws/install/allan_variance_msgs/lib/liballan_variance_msgs__rosidl_typesupport_introspection_cpp.so
-- Set runtime path of "/home/ws/install/allan_variance_msgs/lib/liballan_variance_msgs__rosidl_typesupport_introspection_cpp.so" to ""
-- Installing: /home/ws/install/allan_variance_msgs/lib/liballan_variance_msgs__rosidl_typesupport_cpp.so
-- Set runtime path of "/home/ws/install/allan_variance_msgs/lib/liballan_variance_msgs__rosidl_typesupport_cpp.so" to ""
-- Installing: /home/ws/install/allan_variance_msgs/share/allan_variance_msgs/environment/pythonpath.sh
-- Installing: /home/ws/install/allan_variance_msgs/share/allan_variance_msgs/environment/pythonpath.dsv
-- Installing: /home/ws/install/allan_variance_msgs/local/lib/python3.10/dist-packages/allan_variance_msgs-0.0.0-py3.10.egg-info
-- Installing: /home/ws/install/allan_variance_msgs/local/lib/python3.10/dist-packages/allan_variance_msgs-0.0.0-py3.10.egg-info/PKG-INFO
-- Installing: /home/ws/install/allan_variance_msgs/local/lib/python3.10/dist-packages/allan_variance_msgs-0.0.0-py3.10.egg-info/SOURCES.txt
-- Installing: /home/ws/install/allan_variance_msgs/local/lib/python3.10/dist-packages/allan_variance_msgs-0.0.0-py3.10.egg-info/dependency_links.txt
-- Installing: /home/ws/install/allan_variance_msgs/local/lib/python3.10/dist-packages/allan_variance_msgs-0.0.0-py3.10.egg-info/top_level.txt
-- Installing: /home/ws/install/allan_variance_msgs/local/lib/python3.10/dist-packages/allan_variance_msgs
-- Installing: /home/ws/install/allan_variance_msgs/local/lib/python3.10/dist-packages/allan_variance_msgs/_allan_variance_msgs_s.ep.rosidl_typesupport_fastrtps_c.c
-- Installing: /home/ws/install/allan_variance_msgs/local/lib/python3.10/dist-packages/allan_variance_msgs/_allan_variance_msgs_s.ep.rosidl_typesupport_c.c
-- Installing: /home/ws/install/allan_variance_msgs/local/lib/python3.10/dist-packages/allan_variance_msgs/allan_variance_msgs_s__rosidl_typesupport_c.cpython-310-x86_64-linux-gnu.so
-- Installing: /home/ws/install/allan_variance_msgs/local/lib/python3.10/dist-packages/allan_variance_msgs/msg
-- Installing: /home/ws/install/allan_variance_msgs/local/lib/python3.10/dist-packages/allan_variance_msgs/msg/_imu9_do_f_s.c
-- Installing: /home/ws/install/allan_variance_msgs/local/lib/python3.10/dist-packages/allan_variance_msgs/msg/_imu9_do_f.py
-- Installing: /home/ws/install/allan_variance_msgs/local/lib/python3.10/dist-packages/allan_variance_msgs/msg/__init__.py
-- Installing: /home/ws/install/allan_variance_msgs/local/lib/python3.10/dist-packages/allan_variance_msgs/_allan_variance_msgs_s.ep.rosidl_typesupport_introspection_c.c
-- Installing: /home/ws/install/allan_variance_msgs/local/lib/python3.10/dist-packages/allan_variance_msgs/allan_variance_msgs_s__rosidl_typesupport_fastrtps_c.cpython-310-x86_64-linux-gnu.so
-- Installing: /home/ws/install/allan_variance_msgs/local/lib/python3.10/dist-packages/allan_variance_msgs/allan_variance_msgs_s__rosidl_typesupport_introspection_c.cpython-310-x86_64-linux-gnu.so
-- Installing: /home/ws/install/allan_variance_msgs/local/lib/python3.10/dist-packages/allan_variance_msgs/__init__.py
-- Installing: /home/ws/install/allan_variance_msgs/local/lib/python3.10/dist-packages/allan_variance_msgs/liballan_variance_msgs__rosidl_generator_py.so
Listing '/home/ws/install/allan_variance_msgs/local/lib/python3.10/dist-packages/allan_variance_msgs'...
Compiling '/home/ws/install/allan_variance_msgs/local/lib/python3.10/dist-packages/allan_variance_msgs/__init__.py'...
Listing '/home/ws/install/allan_variance_msgs/local/lib/python3.10/dist-packages/allan_variance_msgs/msg'...
Compiling '/home/ws/install/allan_variance_msgs/local/lib/python3.10/dist-packages/allan_variance_msgs/msg/__init__.py'...
Compiling '/home/ws/install/allan_variance_msgs/local/lib/python3.10/dist-packages/allan_variance_msgs/msg/_imu9_do_f.py'...
-- Installing: /home/ws/install/allan_variance_msgs/local/lib/python3.10/dist-packages/allan_variance_msgs/allan_variance_msgs_s__rosidl_typesupport_fastrtps_c.cpython-310-x86_64-linux-gnu.so
-- Set runtime path of "/home/ws/install/allan_variance_msgs/local/lib/python3.10/dist-packages/allan_variance_msgs/allan_variance_msgs_s__rosidl_typesupport_fastrtps_c.cpython-310-x86_64-linux-gnu.so" to ""
-- Installing: /home/ws/install/allan_variance_msgs/local/lib/python3.10/dist-packages/allan_variance_msgs/allan_variance_msgs_s__rosidl_typesupport_introspection_c.cpython-310-x86_64-linux-gnu.so
-- Set runtime path of "/home/ws/install/allan_variance_msgs/local/lib/python3.10/dist-packages/allan_variance_msgs/allan_variance_msgs_s__rosidl_typesupport_introspection_c.cpython-310-x86_64-linux-gnu.so" to ""
-- Installing: /home/ws/install/allan_variance_msgs/local/lib/python3.10/dist-packages/allan_variance_msgs/allan_variance_msgs_s__rosidl_typesupport_c.cpython-310-x86_64-linux-gnu.so
-- Set runtime path of "/home/ws/install/allan_variance_msgs/local/lib/python3.10/dist-packages/allan_variance_msgs/allan_variance_msgs_s__rosidl_typesupport_c.cpython-310-x86_64-linux-gnu.so" to ""
-- Installing: /home/ws/install/allan_variance_msgs/lib/liballan_variance_msgs__rosidl_generator_py.so
-- Set runtime path of "/home/ws/install/allan_variance_msgs/lib/liballan_variance_msgs__rosidl_generator_py.so" to ""
-- Installing: /home/ws/install/allan_variance_msgs/share/allan_variance_msgs/msg/Imu9DoF.idl
-- Installing: /home/ws/install/allan_variance_msgs/share/allan_variance_msgs/msg/Imu9DoF.msg
-- Installing: /home/ws/install/allan_variance_msgs/share/ament_index/resource_index/package_run_dependencies/allan_variance_msgs
-- Installing: /home/ws/install/allan_variance_msgs/share/ament_index/resource_index/parent_prefix_path/allan_variance_msgs
-- Installing: /home/ws/install/allan_variance_msgs/share/allan_variance_msgs/environment/ament_prefix_path.sh
-- Installing: /home/ws/install/allan_variance_msgs/share/allan_variance_msgs/environment/ament_prefix_path.dsv
-- Installing: /home/ws/install/allan_variance_msgs/share/allan_variance_msgs/environment/path.sh
-- Installing: /home/ws/install/allan_variance_msgs/share/allan_variance_msgs/environment/path.dsv
-- Installing: /home/ws/install/allan_variance_msgs/share/allan_variance_msgs/local_setup.bash
-- Installing: /home/ws/install/allan_variance_msgs/share/allan_variance_msgs/local_setup.sh
-- Installing: /home/ws/install/allan_variance_msgs/share/allan_variance_msgs/local_setup.zsh
-- Installing: /home/ws/install/allan_variance_msgs/share/allan_variance_msgs/local_setup.dsv
-- Installing: /home/ws/install/allan_variance_msgs/share/allan_variance_msgs/package.dsv
-- Installing: /home/ws/install/allan_variance_msgs/share/ament_index/resource_index/packages/allan_variance_msgs
-- Installing: /home/ws/install/allan_variance_msgs/share/allan_variance_msgs/cmake/export_allan_variance_msgs__rosidl_generator_cExport.cmake
-- Installing: /home/ws/install/allan_variance_msgs/share/allan_variance_msgs/cmake/export_allan_variance_msgs__rosidl_generator_cExport-noconfig.cmake
-- Installing: /home/ws/install/allan_variance_msgs/share/allan_variance_msgs/cmake/export_allan_variance_msgs__rosidl_typesupport_fastrtps_cExport.cmake
-- Installing: /home/ws/install/allan_variance_msgs/share/allan_variance_msgs/cmake/export_allan_variance_msgs__rosidl_typesupport_fastrtps_cExport-noconfig.cmake
-- Installing: /home/ws/install/allan_variance_msgs/share/allan_variance_msgs/cmake/export_allan_variance_msgs__rosidl_generator_cppExport.cmake
-- Installing: /home/ws/install/allan_variance_msgs/share/allan_variance_msgs/cmake/export_allan_variance_msgs__rosidl_typesupport_fastrtps_cppExport.cmake
-- Installing: /home/ws/install/allan_variance_msgs/share/allan_variance_msgs/cmake/export_allan_variance_msgs__rosidl_typesupport_fastrtps_cppExport-noconfig.cmake
-- Installing: /home/ws/install/allan_variance_msgs/share/allan_variance_msgs/cmake/allan_variance_msgs__rosidl_typesupport_introspection_cExport.cmake
-- Installing: /home/ws/install/allan_variance_msgs/share/allan_variance_msgs/cmake/allan_variance_msgs__rosidl_typesupport_introspection_cExport-noconfig.cmake
-- Installing: /home/ws/install/allan_variance_msgs/share/allan_variance_msgs/cmake/allan_variance_msgs__rosidl_typesupport_cExport.cmake
-- Installing: /home/ws/install/allan_variance_msgs/share/allan_variance_msgs/cmake/allan_variance_msgs__rosidl_typesupport_cExport-noconfig.cmake
-- Installing: /home/ws/install/allan_variance_msgs/share/allan_variance_msgs/cmake/allan_variance_msgs__rosidl_typesupport_introspection_cppExport.cmake
-- Installing: /home/ws/install/allan_variance_msgs/share/allan_variance_msgs/cmake/allan_variance_msgs__rosidl_typesupport_introspection_cppExport-noconfig.cmake
-- Installing: /home/ws/install/allan_variance_msgs/share/allan_variance_msgs/cmake/allan_variance_msgs__rosidl_typesupport_cppExport.cmake
-- Installing: /home/ws/install/allan_variance_msgs/share/allan_variance_msgs/cmake/allan_variance_msgs__rosidl_typesupport_cppExport-noconfig.cmake
-- Installing: /home/ws/install/allan_variance_msgs/share/allan_variance_msgs/cmake/export_allan_variance_msgs__rosidl_generator_pyExport.cmake
-- Installing: /home/ws/install/allan_variance_msgs/share/allan_variance_msgs/cmake/export_allan_variance_msgs__rosidl_generator_pyExport-noconfig.cmake
-- Installing: /home/ws/install/allan_variance_msgs/share/allan_variance_msgs/cmake/rosidl_cmake-extras.cmake
-- Installing: /home/ws/install/allan_variance_msgs/share/allan_variance_msgs/cmake/ament_cmake_export_dependencies-extras.cmake
-- Installing: /home/ws/install/allan_variance_msgs/share/allan_variance_msgs/cmake/ament_cmake_export_include_directories-extras.cmake
-- Installing: /home/ws/install/allan_variance_msgs/share/allan_variance_msgs/cmake/ament_cmake_export_libraries-extras.cmake
-- Installing: /home/ws/install/allan_variance_msgs/share/allan_variance_msgs/cmake/ament_cmake_export_targets-extras.cmake
-- Installing: /home/ws/install/allan_variance_msgs/share/allan_variance_msgs/cmake/rosidl_cmake_export_typesupport_targets-extras.cmake
-- Installing: /home/ws/install/allan_variance_msgs/share/allan_variance_msgs/cmake/rosidl_cmake_export_typesupport_libraries-extras.cmake
-- Installing: /home/ws/install/allan_variance_msgs/share/allan_variance_msgs/cmake/allan_variance_msgsConfig.cmake
-- Installing: /home/ws/install/allan_variance_msgs/share/allan_variance_msgs/cmake/allan_variance_msgsConfig-version.cmake
-- Installing: /home/ws/install/allan_variance_msgs/share/allan_variance_msgs/package.xml
