[0.012s] Invoking command in '/home/ws/build/allan_variance_msgs': CMAKE_PREFIX_PATH=${CMAKE_PREFIX_PATH}:/opt/ros/humble /usr/bin/cmake --build /home/ws/build/allan_variance_msgs -- -j12 -l12
[0.040s] [35m[1mConsolidate compiler generated dependencies of target allan_variance_msgs__rosidl_generator_c[0m
[0.047s] [  3%] Built target allan_variance_msgs__cpp
[0.048s] [ 12%] Built target allan_variance_msgs__rosidl_generator_c
[0.055s] [ 12%] Built target ament_cmake_python_copy_allan_variance_msgs
[0.055s] [35m[1mConsolidate compiler generated dependencies of target allan_variance_msgs__rosidl_typesupport_fastrtps_cpp[0m
[0.056s] [35m[1mConsolidate compiler generated dependencies of target allan_variance_msgs__rosidl_typesupport_cpp[0m
[0.056s] [35m[1mConsolidate compiler generated dependencies of target allan_variance_msgs__rosidl_typesupport_introspection_cpp[0m
[0.056s] [35m[1mConsolidate compiler generated dependencies of target allan_variance_msgs__rosidl_typesupport_fastrtps_c[0m
[0.058s] [35m[1mConsolidate compiler generated dependencies of target allan_variance_msgs__rosidl_typesupport_c[0m
[0.058s] [35m[1mConsolidate compiler generated dependencies of target allan_variance_msgs__rosidl_typesupport_introspection_c[0m
[0.065s] [ 32%] Built target allan_variance_msgs__rosidl_typesupport_fastrtps_cpp
[0.065s] [ 32%] Built target allan_variance_msgs__rosidl_typesupport_cpp
[0.068s] [ 51%] Built target allan_variance_msgs__rosidl_typesupport_introspection_cpp
[0.068s] [ 54%] Built target allan_variance_msgs__rosidl_typesupport_fastrtps_c
[0.068s] [ 61%] Built target allan_variance_msgs__rosidl_typesupport_c
[0.069s] [ 70%] Built target allan_variance_msgs__rosidl_typesupport_introspection_c
[0.085s] [ 70%] Built target allan_variance_msgs
[0.099s] [ 74%] Built target allan_variance_msgs__py
[0.107s] [35m[1mConsolidate compiler generated dependencies of target allan_variance_msgs__rosidl_generator_py[0m
[0.117s] [ 80%] Built target allan_variance_msgs__rosidl_generator_py
[0.125s] [35m[1mConsolidate compiler generated dependencies of target allan_variance_msgs__rosidl_typesupport_c__pyext[0m
[0.125s] [35m[1mConsolidate compiler generated dependencies of target allan_variance_msgs__rosidl_typesupport_introspection_c__pyext[0m
[0.126s] [35m[1mConsolidate compiler generated dependencies of target allan_variance_msgs__rosidl_typesupport_fastrtps_c__pyext[0m
[0.135s] [100%] Built target allan_variance_msgs__rosidl_typesupport_fastrtps_c__pyext
[0.135s] [100%] Built target allan_variance_msgs__rosidl_typesupport_c__pyext
[0.135s] [100%] Built target allan_variance_msgs__rosidl_typesupport_introspection_c__pyext
[0.248s] running egg_info
[0.248s] writing allan_variance_msgs.egg-info/PKG-INFO
[0.248s] writing dependency_links to allan_variance_msgs.egg-info/dependency_links.txt
[0.249s] writing top-level names to allan_variance_msgs.egg-info/top_level.txt
[0.251s] reading manifest file 'allan_variance_msgs.egg-info/SOURCES.txt'
[0.251s] writing manifest file 'allan_variance_msgs.egg-info/SOURCES.txt'
[0.270s] [100%] Built target ament_cmake_python_build_allan_variance_msgs_egg
[0.278s] Invoked command in '/home/ws/build/allan_variance_msgs' returned '0': CMAKE_PREFIX_PATH=${CMAKE_PREFIX_PATH}:/opt/ros/humble /usr/bin/cmake --build /home/ws/build/allan_variance_msgs -- -j12 -l12
[0.320s] Invoking command in '/home/ws/build/allan_variance_msgs': CMAKE_PREFIX_PATH=${CMAKE_PREFIX_PATH}:/opt/ros/humble /usr/bin/cmake --install /home/ws/build/allan_variance_msgs
[0.325s] -- Install configuration: ""
[0.326s] -- Installing: /home/ws/install/allan_variance_msgs/share/ament_index/resource_index/rosidl_interfaces/allan_variance_msgs
[0.326s] -- Installing: /home/ws/install/allan_variance_msgs/include/allan_variance_msgs/allan_variance_msgs
[0.326s] -- Installing: /home/ws/install/allan_variance_msgs/include/allan_variance_msgs/allan_variance_msgs/msg
[0.326s] -- Installing: /home/ws/install/allan_variance_msgs/include/allan_variance_msgs/allan_variance_msgs/msg/detail
[0.326s] -- Installing: /home/ws/install/allan_variance_msgs/include/allan_variance_msgs/allan_variance_msgs/msg/detail/imu9_do_f__struct.h
[0.326s] -- Installing: /home/ws/install/allan_variance_msgs/include/allan_variance_msgs/allan_variance_msgs/msg/detail/imu9_do_f__functions.c
[0.326s] -- Installing: /home/ws/install/allan_variance_msgs/include/allan_variance_msgs/allan_variance_msgs/msg/detail/imu9_do_f__type_support.h
[0.326s] -- Installing: /home/ws/install/allan_variance_msgs/include/allan_variance_msgs/allan_variance_msgs/msg/detail/imu9_do_f__functions.h
[0.326s] -- Installing: /home/ws/install/allan_variance_msgs/include/allan_variance_msgs/allan_variance_msgs/msg/imu9_do_f.h
[0.326s] -- Installing: /home/ws/install/allan_variance_msgs/include/allan_variance_msgs/allan_variance_msgs/msg/rosidl_generator_c__visibility_control.h
[0.326s] -- Installing: /home/ws/install/allan_variance_msgs/share/allan_variance_msgs/environment/library_path.sh
[0.327s] -- Installing: /home/ws/install/allan_variance_msgs/share/allan_variance_msgs/environment/library_path.dsv
[0.327s] -- Installing: /home/ws/install/allan_variance_msgs/lib/liballan_variance_msgs__rosidl_generator_c.so
[0.327s] -- Set runtime path of "/home/ws/install/allan_variance_msgs/lib/liballan_variance_msgs__rosidl_generator_c.so" to ""
[0.327s] -- Up-to-date: /home/ws/install/allan_variance_msgs/include/allan_variance_msgs/allan_variance_msgs
[0.327s] -- Up-to-date: /home/ws/install/allan_variance_msgs/include/allan_variance_msgs/allan_variance_msgs/msg
[0.327s] -- Up-to-date: /home/ws/install/allan_variance_msgs/include/allan_variance_msgs/allan_variance_msgs/msg/detail
[0.327s] -- Installing: /home/ws/install/allan_variance_msgs/include/allan_variance_msgs/allan_variance_msgs/msg/detail/imu9_do_f__rosidl_typesupport_fastrtps_c.h
[0.327s] -- Installing: /home/ws/install/allan_variance_msgs/include/allan_variance_msgs/allan_variance_msgs/msg/rosidl_typesupport_fastrtps_c__visibility_control.h
[0.327s] -- Installing: /home/ws/install/allan_variance_msgs/lib/liballan_variance_msgs__rosidl_typesupport_fastrtps_c.so
[0.327s] -- Set runtime path of "/home/ws/install/allan_variance_msgs/lib/liballan_variance_msgs__rosidl_typesupport_fastrtps_c.so" to ""
[0.327s] -- Up-to-date: /home/ws/install/allan_variance_msgs/include/allan_variance_msgs/allan_variance_msgs
[0.327s] -- Up-to-date: /home/ws/install/allan_variance_msgs/include/allan_variance_msgs/allan_variance_msgs/msg
[0.328s] -- Up-to-date: /home/ws/install/allan_variance_msgs/include/allan_variance_msgs/allan_variance_msgs/msg/detail
[0.328s] -- Installing: /home/ws/install/allan_variance_msgs/include/allan_variance_msgs/allan_variance_msgs/msg/detail/imu9_do_f__traits.hpp
[0.328s] -- Installing: /home/ws/install/allan_variance_msgs/include/allan_variance_msgs/allan_variance_msgs/msg/detail/imu9_do_f__struct.hpp
[0.328s] -- Installing: /home/ws/install/allan_variance_msgs/include/allan_variance_msgs/allan_variance_msgs/msg/detail/imu9_do_f__builder.hpp
[0.328s] -- Installing: /home/ws/install/allan_variance_msgs/include/allan_variance_msgs/allan_variance_msgs/msg/imu9_do_f.hpp
[0.328s] -- Up-to-date: /home/ws/install/allan_variance_msgs/include/allan_variance_msgs/allan_variance_msgs
[0.328s] -- Up-to-date: /home/ws/install/allan_variance_msgs/include/allan_variance_msgs/allan_variance_msgs/msg
[0.328s] -- Up-to-date: /home/ws/install/allan_variance_msgs/include/allan_variance_msgs/allan_variance_msgs/msg/detail
[0.328s] -- Installing: /home/ws/install/allan_variance_msgs/include/allan_variance_msgs/allan_variance_msgs/msg/detail/dds_fastrtps
[0.328s] -- Installing: /home/ws/install/allan_variance_msgs/include/allan_variance_msgs/allan_variance_msgs/msg/detail/imu9_do_f__rosidl_typesupport_fastrtps_cpp.hpp
[0.328s] -- Installing: /home/ws/install/allan_variance_msgs/include/allan_variance_msgs/allan_variance_msgs/msg/rosidl_typesupport_fastrtps_cpp__visibility_control.h
[0.328s] -- Installing: /home/ws/install/allan_variance_msgs/lib/liballan_variance_msgs__rosidl_typesupport_fastrtps_cpp.so
[0.328s] -- Set runtime path of "/home/ws/install/allan_variance_msgs/lib/liballan_variance_msgs__rosidl_typesupport_fastrtps_cpp.so" to ""
[0.328s] -- Up-to-date: /home/ws/install/allan_variance_msgs/include/allan_variance_msgs/allan_variance_msgs
[0.328s] -- Up-to-date: /home/ws/install/allan_variance_msgs/include/allan_variance_msgs/allan_variance_msgs/msg
[0.328s] -- Up-to-date: /home/ws/install/allan_variance_msgs/include/allan_variance_msgs/allan_variance_msgs/msg/detail
[0.329s] -- Installing: /home/ws/install/allan_variance_msgs/include/allan_variance_msgs/allan_variance_msgs/msg/detail/imu9_do_f__type_support.c
[0.329s] -- Installing: /home/ws/install/allan_variance_msgs/include/allan_variance_msgs/allan_variance_msgs/msg/detail/imu9_do_f__rosidl_typesupport_introspection_c.h
[0.329s] -- Installing: /home/ws/install/allan_variance_msgs/include/allan_variance_msgs/allan_variance_msgs/msg/rosidl_typesupport_introspection_c__visibility_control.h
[0.329s] -- Installing: /home/ws/install/allan_variance_msgs/lib/liballan_variance_msgs__rosidl_typesupport_introspection_c.so
[0.329s] -- Set runtime path of "/home/ws/install/allan_variance_msgs/lib/liballan_variance_msgs__rosidl_typesupport_introspection_c.so" to ""
[0.329s] -- Installing: /home/ws/install/allan_variance_msgs/lib/liballan_variance_msgs__rosidl_typesupport_c.so
[0.329s] -- Set runtime path of "/home/ws/install/allan_variance_msgs/lib/liballan_variance_msgs__rosidl_typesupport_c.so" to ""
[0.329s] -- Up-to-date: /home/ws/install/allan_variance_msgs/include/allan_variance_msgs/allan_variance_msgs
[0.329s] -- Up-to-date: /home/ws/install/allan_variance_msgs/include/allan_variance_msgs/allan_variance_msgs/msg
[0.329s] -- Up-to-date: /home/ws/install/allan_variance_msgs/include/allan_variance_msgs/allan_variance_msgs/msg/detail
[0.329s] -- Installing: /home/ws/install/allan_variance_msgs/include/allan_variance_msgs/allan_variance_msgs/msg/detail/imu9_do_f__rosidl_typesupport_introspection_cpp.hpp
[0.329s] -- Installing: /home/ws/install/allan_variance_msgs/include/allan_variance_msgs/allan_variance_msgs/msg/detail/imu9_do_f__type_support.cpp
[0.329s] -- Installing: /home/ws/install/allan_variance_msgs/lib/liballan_variance_msgs__rosidl_typesupport_introspection_cpp.so
[0.330s] -- Set runtime path of "/home/ws/install/allan_variance_msgs/lib/liballan_variance_msgs__rosidl_typesupport_introspection_cpp.so" to ""
[0.330s] -- Installing: /home/ws/install/allan_variance_msgs/lib/liballan_variance_msgs__rosidl_typesupport_cpp.so
[0.330s] -- Set runtime path of "/home/ws/install/allan_variance_msgs/lib/liballan_variance_msgs__rosidl_typesupport_cpp.so" to ""
[0.330s] -- Installing: /home/ws/install/allan_variance_msgs/share/allan_variance_msgs/environment/pythonpath.sh
[0.330s] -- Installing: /home/ws/install/allan_variance_msgs/share/allan_variance_msgs/environment/pythonpath.dsv
[0.330s] -- Installing: /home/ws/install/allan_variance_msgs/local/lib/python3.10/dist-packages/allan_variance_msgs-0.0.0-py3.10.egg-info
[0.330s] -- Installing: /home/ws/install/allan_variance_msgs/local/lib/python3.10/dist-packages/allan_variance_msgs-0.0.0-py3.10.egg-info/PKG-INFO
[0.330s] -- Installing: /home/ws/install/allan_variance_msgs/local/lib/python3.10/dist-packages/allan_variance_msgs-0.0.0-py3.10.egg-info/SOURCES.txt
[0.330s] -- Installing: /home/ws/install/allan_variance_msgs/local/lib/python3.10/dist-packages/allan_variance_msgs-0.0.0-py3.10.egg-info/dependency_links.txt
[0.330s] -- Installing: /home/ws/install/allan_variance_msgs/local/lib/python3.10/dist-packages/allan_variance_msgs-0.0.0-py3.10.egg-info/top_level.txt
[0.331s] -- Installing: /home/ws/install/allan_variance_msgs/local/lib/python3.10/dist-packages/allan_variance_msgs
[0.331s] -- Installing: /home/ws/install/allan_variance_msgs/local/lib/python3.10/dist-packages/allan_variance_msgs/_allan_variance_msgs_s.ep.rosidl_typesupport_fastrtps_c.c
[0.331s] -- Installing: /home/ws/install/allan_variance_msgs/local/lib/python3.10/dist-packages/allan_variance_msgs/_allan_variance_msgs_s.ep.rosidl_typesupport_c.c
[0.331s] -- Installing: /home/ws/install/allan_variance_msgs/local/lib/python3.10/dist-packages/allan_variance_msgs/allan_variance_msgs_s__rosidl_typesupport_c.cpython-310-x86_64-linux-gnu.so
[0.331s] -- Installing: /home/ws/install/allan_variance_msgs/local/lib/python3.10/dist-packages/allan_variance_msgs/msg
[0.331s] -- Installing: /home/ws/install/allan_variance_msgs/local/lib/python3.10/dist-packages/allan_variance_msgs/msg/_imu9_do_f_s.c
[0.331s] -- Installing: /home/ws/install/allan_variance_msgs/local/lib/python3.10/dist-packages/allan_variance_msgs/msg/_imu9_do_f.py
[0.331s] -- Installing: /home/ws/install/allan_variance_msgs/local/lib/python3.10/dist-packages/allan_variance_msgs/msg/__init__.py
[0.331s] -- Installing: /home/ws/install/allan_variance_msgs/local/lib/python3.10/dist-packages/allan_variance_msgs/_allan_variance_msgs_s.ep.rosidl_typesupport_introspection_c.c
[0.331s] -- Installing: /home/ws/install/allan_variance_msgs/local/lib/python3.10/dist-packages/allan_variance_msgs/allan_variance_msgs_s__rosidl_typesupport_fastrtps_c.cpython-310-x86_64-linux-gnu.so
[0.331s] -- Installing: /home/ws/install/allan_variance_msgs/local/lib/python3.10/dist-packages/allan_variance_msgs/allan_variance_msgs_s__rosidl_typesupport_introspection_c.cpython-310-x86_64-linux-gnu.so
[0.331s] -- Installing: /home/ws/install/allan_variance_msgs/local/lib/python3.10/dist-packages/allan_variance_msgs/__init__.py
[0.331s] -- Installing: /home/ws/install/allan_variance_msgs/local/lib/python3.10/dist-packages/allan_variance_msgs/liballan_variance_msgs__rosidl_generator_py.so
[0.358s] Listing '/home/ws/install/allan_variance_msgs/local/lib/python3.10/dist-packages/allan_variance_msgs'...
[0.358s] Compiling '/home/ws/install/allan_variance_msgs/local/lib/python3.10/dist-packages/allan_variance_msgs/__init__.py'...
[0.358s] Listing '/home/ws/install/allan_variance_msgs/local/lib/python3.10/dist-packages/allan_variance_msgs/msg'...
[0.358s] Compiling '/home/ws/install/allan_variance_msgs/local/lib/python3.10/dist-packages/allan_variance_msgs/msg/__init__.py'...
[0.358s] Compiling '/home/ws/install/allan_variance_msgs/local/lib/python3.10/dist-packages/allan_variance_msgs/msg/_imu9_do_f.py'...
[0.361s] -- Installing: /home/ws/install/allan_variance_msgs/local/lib/python3.10/dist-packages/allan_variance_msgs/allan_variance_msgs_s__rosidl_typesupport_fastrtps_c.cpython-310-x86_64-linux-gnu.so
[0.361s] -- Set runtime path of "/home/ws/install/allan_variance_msgs/local/lib/python3.10/dist-packages/allan_variance_msgs/allan_variance_msgs_s__rosidl_typesupport_fastrtps_c.cpython-310-x86_64-linux-gnu.so" to ""
[0.361s] -- Installing: /home/ws/install/allan_variance_msgs/local/lib/python3.10/dist-packages/allan_variance_msgs/allan_variance_msgs_s__rosidl_typesupport_introspection_c.cpython-310-x86_64-linux-gnu.so
[0.362s] -- Set runtime path of "/home/ws/install/allan_variance_msgs/local/lib/python3.10/dist-packages/allan_variance_msgs/allan_variance_msgs_s__rosidl_typesupport_introspection_c.cpython-310-x86_64-linux-gnu.so" to ""
[0.362s] -- Installing: /home/ws/install/allan_variance_msgs/local/lib/python3.10/dist-packages/allan_variance_msgs/allan_variance_msgs_s__rosidl_typesupport_c.cpython-310-x86_64-linux-gnu.so
[0.362s] -- Set runtime path of "/home/ws/install/allan_variance_msgs/local/lib/python3.10/dist-packages/allan_variance_msgs/allan_variance_msgs_s__rosidl_typesupport_c.cpython-310-x86_64-linux-gnu.so" to ""
[0.362s] -- Installing: /home/ws/install/allan_variance_msgs/lib/liballan_variance_msgs__rosidl_generator_py.so
[0.362s] -- Set runtime path of "/home/ws/install/allan_variance_msgs/lib/liballan_variance_msgs__rosidl_generator_py.so" to ""
[0.362s] -- Installing: /home/ws/install/allan_variance_msgs/share/allan_variance_msgs/msg/Imu9DoF.idl
[0.362s] -- Installing: /home/ws/install/allan_variance_msgs/share/allan_variance_msgs/msg/Imu9DoF.msg
[0.362s] -- Installing: /home/ws/install/allan_variance_msgs/share/ament_index/resource_index/package_run_dependencies/allan_variance_msgs
[0.363s] -- Installing: /home/ws/install/allan_variance_msgs/share/ament_index/resource_index/parent_prefix_path/allan_variance_msgs
[0.363s] -- Installing: /home/ws/install/allan_variance_msgs/share/allan_variance_msgs/environment/ament_prefix_path.sh
[0.363s] -- Installing: /home/ws/install/allan_variance_msgs/share/allan_variance_msgs/environment/ament_prefix_path.dsv
[0.363s] -- Installing: /home/ws/install/allan_variance_msgs/share/allan_variance_msgs/environment/path.sh
[0.363s] -- Installing: /home/ws/install/allan_variance_msgs/share/allan_variance_msgs/environment/path.dsv
[0.363s] -- Installing: /home/ws/install/allan_variance_msgs/share/allan_variance_msgs/local_setup.bash
[0.363s] -- Installing: /home/ws/install/allan_variance_msgs/share/allan_variance_msgs/local_setup.sh
[0.363s] -- Installing: /home/ws/install/allan_variance_msgs/share/allan_variance_msgs/local_setup.zsh
[0.363s] -- Installing: /home/ws/install/allan_variance_msgs/share/allan_variance_msgs/local_setup.dsv
[0.363s] -- Installing: /home/ws/install/allan_variance_msgs/share/allan_variance_msgs/package.dsv
[0.364s] -- Installing: /home/ws/install/allan_variance_msgs/share/ament_index/resource_index/packages/allan_variance_msgs
[0.364s] -- Installing: /home/ws/install/allan_variance_msgs/share/allan_variance_msgs/cmake/export_allan_variance_msgs__rosidl_generator_cExport.cmake
[0.364s] -- Installing: /home/ws/install/allan_variance_msgs/share/allan_variance_msgs/cmake/export_allan_variance_msgs__rosidl_generator_cExport-noconfig.cmake
[0.364s] -- Installing: /home/ws/install/allan_variance_msgs/share/allan_variance_msgs/cmake/export_allan_variance_msgs__rosidl_typesupport_fastrtps_cExport.cmake
[0.364s] -- Installing: /home/ws/install/allan_variance_msgs/share/allan_variance_msgs/cmake/export_allan_variance_msgs__rosidl_typesupport_fastrtps_cExport-noconfig.cmake
[0.364s] -- Installing: /home/ws/install/allan_variance_msgs/share/allan_variance_msgs/cmake/export_allan_variance_msgs__rosidl_generator_cppExport.cmake
[0.364s] -- Installing: /home/ws/install/allan_variance_msgs/share/allan_variance_msgs/cmake/export_allan_variance_msgs__rosidl_typesupport_fastrtps_cppExport.cmake
[0.364s] -- Installing: /home/ws/install/allan_variance_msgs/share/allan_variance_msgs/cmake/export_allan_variance_msgs__rosidl_typesupport_fastrtps_cppExport-noconfig.cmake
[0.364s] -- Installing: /home/ws/install/allan_variance_msgs/share/allan_variance_msgs/cmake/allan_variance_msgs__rosidl_typesupport_introspection_cExport.cmake
[0.364s] -- Installing: /home/ws/install/allan_variance_msgs/share/allan_variance_msgs/cmake/allan_variance_msgs__rosidl_typesupport_introspection_cExport-noconfig.cmake
[0.365s] -- Installing: /home/ws/install/allan_variance_msgs/share/allan_variance_msgs/cmake/allan_variance_msgs__rosidl_typesupport_cExport.cmake
[0.365s] -- Installing: /home/ws/install/allan_variance_msgs/share/allan_variance_msgs/cmake/allan_variance_msgs__rosidl_typesupport_cExport-noconfig.cmake
[0.365s] -- Installing: /home/ws/install/allan_variance_msgs/share/allan_variance_msgs/cmake/allan_variance_msgs__rosidl_typesupport_introspection_cppExport.cmake
[0.365s] -- Installing: /home/ws/install/allan_variance_msgs/share/allan_variance_msgs/cmake/allan_variance_msgs__rosidl_typesupport_introspection_cppExport-noconfig.cmake
[0.365s] -- Installing: /home/ws/install/allan_variance_msgs/share/allan_variance_msgs/cmake/allan_variance_msgs__rosidl_typesupport_cppExport.cmake
[0.365s] -- Installing: /home/ws/install/allan_variance_msgs/share/allan_variance_msgs/cmake/allan_variance_msgs__rosidl_typesupport_cppExport-noconfig.cmake
[0.365s] -- Installing: /home/ws/install/allan_variance_msgs/share/allan_variance_msgs/cmake/export_allan_variance_msgs__rosidl_generator_pyExport.cmake
[0.365s] -- Installing: /home/ws/install/allan_variance_msgs/share/allan_variance_msgs/cmake/export_allan_variance_msgs__rosidl_generator_pyExport-noconfig.cmake
[0.365s] -- Installing: /home/ws/install/allan_variance_msgs/share/allan_variance_msgs/cmake/rosidl_cmake-extras.cmake
[0.365s] -- Installing: /home/ws/install/allan_variance_msgs/share/allan_variance_msgs/cmake/ament_cmake_export_dependencies-extras.cmake
[0.366s] -- Installing: /home/ws/install/allan_variance_msgs/share/allan_variance_msgs/cmake/ament_cmake_export_include_directories-extras.cmake
[0.366s] -- Installing: /home/ws/install/allan_variance_msgs/share/allan_variance_msgs/cmake/ament_cmake_export_libraries-extras.cmake
[0.366s] -- Installing: /home/ws/install/allan_variance_msgs/share/allan_variance_msgs/cmake/ament_cmake_export_targets-extras.cmake
[0.366s] -- Installing: /home/ws/install/allan_variance_msgs/share/allan_variance_msgs/cmake/rosidl_cmake_export_typesupport_targets-extras.cmake
[0.366s] -- Installing: /home/ws/install/allan_variance_msgs/share/allan_variance_msgs/cmake/rosidl_cmake_export_typesupport_libraries-extras.cmake
[0.366s] -- Installing: /home/ws/install/allan_variance_msgs/share/allan_variance_msgs/cmake/allan_variance_msgsConfig.cmake
[0.366s] -- Installing: /home/ws/install/allan_variance_msgs/share/allan_variance_msgs/cmake/allan_variance_msgsConfig-version.cmake
[0.366s] -- Installing: /home/ws/install/allan_variance_msgs/share/allan_variance_msgs/package.xml
[0.368s] Invoked command in '/home/ws/build/allan_variance_msgs' returned '0': CMAKE_PREFIX_PATH=${CMAKE_PREFIX_PATH}:/opt/ros/humble /usr/bin/cmake --install /home/ws/build/allan_variance_msgs
