[  3%] [34m[1mGenerating C code for ROS interfaces[0m
[  6%] [34m[1mGenerating C++ code for ROS interfaces[0m
[  6%] Built target ament_cmake_python_copy_allan_variance_msgs
[  9%] [32mBuilding C object CMakeFiles/allan_variance_msgs__rosidl_generator_c.dir/rosidl_generator_c/allan_variance_msgs/msg/detail/imu9_do_f__functions.c.o[0m
running egg_info
creating allan_variance_msgs.egg-info
writing allan_variance_msgs.egg-info/PKG-INFO
writing dependency_links to allan_variance_msgs.egg-info/dependency_links.txt
writing top-level names to allan_variance_msgs.egg-info/top_level.txt
writing manifest file 'allan_variance_msgs.egg-info/SOURCES.txt'
reading manifest file 'allan_variance_msgs.egg-info/SOURCES.txt'
[  9%] Built target allan_variance_msgs__cpp
writing manifest file 'allan_variance_msgs.egg-info/SOURCES.txt'
[ 12%] [34m[1mGenerating C++ type support for eProsima Fast-RTPS[0m
[ 19%] [34m[1mGenerating C++ introspection for ROS interfaces[0m
[ 19%] [34m[1mGenerating C++ type support dispatch for ROS interfaces[0m
[ 19%] Built target ament_cmake_python_build_allan_variance_msgs_egg
[ 22%] [32m[1mLinking C shared library liballan_variance_msgs__rosidl_generator_c.so[0m
[ 22%] Built target allan_variance_msgs__rosidl_generator_c
[ 32%] [34m[1mGenerating C type support for eProsima Fast-RTPS[0m
[ 32%] [34m[1mGenerating C type support dispatch for ROS interfaces[0m
[ 32%] [34m[1mGenerating C introspection for ROS interfaces[0m
[ 35%] [32mBuilding CXX object CMakeFiles/allan_variance_msgs__rosidl_typesupport_cpp.dir/rosidl_typesupport_cpp/allan_variance_msgs/msg/imu9_do_f__type_support.cpp.o[0m
[ 38%] [32mBuilding CXX object CMakeFiles/allan_variance_msgs__rosidl_typesupport_introspection_cpp.dir/rosidl_typesupport_introspection_cpp/allan_variance_msgs/msg/detail/imu9_do_f__type_support.cpp.o[0m
[ 41%] [32mBuilding CXX object CMakeFiles/allan_variance_msgs__rosidl_typesupport_fastrtps_cpp.dir/rosidl_typesupport_fastrtps_cpp/allan_variance_msgs/msg/detail/dds_fastrtps/imu9_do_f__type_support.cpp.o[0m
[ 45%] [32mBuilding CXX object CMakeFiles/allan_variance_msgs__rosidl_typesupport_c.dir/rosidl_typesupport_c/allan_variance_msgs/msg/imu9_do_f__type_support.cpp.o[0m
[ 48%] [32m[1mLinking CXX shared library liballan_variance_msgs__rosidl_typesupport_c.so[0m
[ 48%] Built target allan_variance_msgs__rosidl_typesupport_c
[ 51%] [32m[1mLinking CXX shared library liballan_variance_msgs__rosidl_typesupport_cpp.so[0m
[ 54%] [32mBuilding C object CMakeFiles/allan_variance_msgs__rosidl_typesupport_introspection_c.dir/rosidl_typesupport_introspection_c/allan_variance_msgs/msg/detail/imu9_do_f__type_support.c.o[0m
[ 58%] [32mBuilding CXX object CMakeFiles/allan_variance_msgs__rosidl_typesupport_fastrtps_c.dir/rosidl_typesupport_fastrtps_c/allan_variance_msgs/msg/detail/imu9_do_f__type_support_c.cpp.o[0m
[ 58%] Built target allan_variance_msgs__rosidl_typesupport_cpp
[ 61%] [32m[1mLinking C shared library liballan_variance_msgs__rosidl_typesupport_introspection_c.so[0m
[ 61%] Built target allan_variance_msgs__rosidl_typesupport_introspection_c
[ 64%] [32m[1mLinking CXX shared library liballan_variance_msgs__rosidl_typesupport_introspection_cpp.so[0m
[ 67%] [32m[1mLinking CXX shared library liballan_variance_msgs__rosidl_typesupport_fastrtps_cpp.so[0m
[ 67%] Built target allan_variance_msgs__rosidl_typesupport_introspection_cpp
[ 67%] Built target allan_variance_msgs__rosidl_typesupport_fastrtps_cpp
[ 70%] [32m[1mLinking CXX shared library liballan_variance_msgs__rosidl_typesupport_fastrtps_c.so[0m
[ 70%] Built target allan_variance_msgs__rosidl_typesupport_fastrtps_c
[ 70%] Built target allan_variance_msgs
[ 74%] [34m[1mGenerating Python code for ROS interfaces[0m
[ 74%] Built target allan_variance_msgs__py
[ 77%] [32mBuilding C object CMakeFiles/allan_variance_msgs__rosidl_generator_py.dir/rosidl_generator_py/allan_variance_msgs/msg/_imu9_do_f_s.c.o[0m
[ 80%] [32m[1mLinking C shared library rosidl_generator_py/allan_variance_msgs/liballan_variance_msgs__rosidl_generator_py.so[0m
[ 80%] Built target allan_variance_msgs__rosidl_generator_py
[ 90%] [32mBuilding C object CMakeFiles/allan_variance_msgs__rosidl_typesupport_introspection_c__pyext.dir/rosidl_generator_py/allan_variance_msgs/_allan_variance_msgs_s.ep.rosidl_typesupport_introspection_c.c.o[0m
[ 90%] [32mBuilding C object CMakeFiles/allan_variance_msgs__rosidl_typesupport_c__pyext.dir/rosidl_generator_py/allan_variance_msgs/_allan_variance_msgs_s.ep.rosidl_typesupport_c.c.o[0m
[ 90%] [32mBuilding C object CMakeFiles/allan_variance_msgs__rosidl_typesupport_fastrtps_c__pyext.dir/rosidl_generator_py/allan_variance_msgs/_allan_variance_msgs_s.ep.rosidl_typesupport_fastrtps_c.c.o[0m
[ 93%] [32m[1mLinking C shared library rosidl_generator_py/allan_variance_msgs/allan_variance_msgs_s__rosidl_typesupport_c.cpython-310-x86_64-linux-gnu.so[0m
[ 96%] [32m[1mLinking C shared library rosidl_generator_py/allan_variance_msgs/allan_variance_msgs_s__rosidl_typesupport_introspection_c.cpython-310-x86_64-linux-gnu.so[0m
gmake[2]: *** [CMakeFiles/allan_variance_msgs__rosidl_typesupport_introspection_c__pyext.dir/build.make:136: rosidl_generator_py/allan_variance_msgs/allan_variance_msgs_s__rosidl_typesupport_introspection_c.cpython-310-x86_64-linux-gnu.so] Interrupt
gmake[1]: *** [CMakeFiles/Makefile2:535: CMakeFiles/allan_variance_msgs__rosidl_typesupport_introspection_c__pyext.dir/all] Interrupt
gmake[2]: *** [CMakeFiles/allan_variance_msgs__rosidl_typesupport_c__pyext.dir/build.make:135: rosidl_generator_py/allan_variance_msgs/allan_variance_msgs_s__rosidl_typesupport_c.cpython-310-x86_64-linux-gnu.so] Interrupt
gmake[1]: *** [CMakeFiles/Makefile2:564: CMakeFiles/allan_variance_msgs__rosidl_typesupport_c__pyext.dir/all] Interrupt
gmake[2]: *** [CMakeFiles/allan_variance_msgs__rosidl_typesupport_fastrtps_c__pyext.dir/build.make:136: rosidl_generator_py/allan_variance_msgs/allan_variance_msgs_s__rosidl_typesupport_fastrtps_c.cpython-310-x86_64-linux-gnu.so] Interrupt
gmake[1]: *** [CMakeFiles/Makefile2:505: CMakeFiles/allan_variance_msgs__rosidl_typesupport_fastrtps_c__pyext.dir/all] Interrupt
gmake: *** [Makefile:146: all] Interrupt
