[0.015s] Invoking command in '/home/ws/build/allan_variance_msgs': CMAKE_PREFIX_PATH=${CMAKE_PREFIX_PATH}:/opt/ros/humble /usr/bin/cmake --build /home/ws/build/allan_variance_msgs -- -j12 -l12
[0.050s] [  3%] [34m[1mGenerating C code for ROS interfaces[0m
[0.057s] [  6%] [34m[1mGenerating C++ code for ROS interfaces[0m
[0.063s] [  6%] Built target ament_cmake_python_copy_allan_variance_msgs
[0.274s] [  9%] [32mBuilding C object CMakeFiles/allan_variance_msgs__rosidl_generator_c.dir/rosidl_generator_c/allan_variance_msgs/msg/detail/imu9_do_f__functions.c.o[0m
[0.276s] running egg_info
[0.277s] creating allan_variance_msgs.egg-info
[0.277s] writing allan_variance_msgs.egg-info/PKG-INFO
[0.277s] writing dependency_links to allan_variance_msgs.egg-info/dependency_links.txt
[0.277s] writing top-level names to allan_variance_msgs.egg-info/top_level.txt
[0.278s] writing manifest file 'allan_variance_msgs.egg-info/SOURCES.txt'
[0.281s] reading manifest file 'allan_variance_msgs.egg-info/SOURCES.txt'
[0.281s] [  9%] Built target allan_variance_msgs__cpp
[0.282s] writing manifest file 'allan_variance_msgs.egg-info/SOURCES.txt'
[0.290s] [ 12%] [34m[1mGenerating C++ type support for eProsima Fast-RTPS[0m
[0.290s] [ 19%] [34m[1mGenerating C++ introspection for ROS interfaces[0m
[0.290s] [ 19%] [34m[1mGenerating C++ type support dispatch for ROS interfaces[0m
[0.307s] [ 19%] Built target ament_cmake_python_build_allan_variance_msgs_egg
[0.356s] [ 22%] [32m[1mLinking C shared library liballan_variance_msgs__rosidl_generator_c.so[0m
[0.383s] [ 22%] Built target allan_variance_msgs__rosidl_generator_c
[0.390s] [ 32%] [34m[1mGenerating C type support for eProsima Fast-RTPS[0m
[0.390s] [ 32%] [34m[1mGenerating C type support dispatch for ROS interfaces[0m
[0.390s] [ 32%] [34m[1mGenerating C introspection for ROS interfaces[0m
[0.486s] [ 35%] [32mBuilding CXX object CMakeFiles/allan_variance_msgs__rosidl_typesupport_cpp.dir/rosidl_typesupport_cpp/allan_variance_msgs/msg/imu9_do_f__type_support.cpp.o[0m
[0.500s] [ 38%] [32mBuilding CXX object CMakeFiles/allan_variance_msgs__rosidl_typesupport_introspection_cpp.dir/rosidl_typesupport_introspection_cpp/allan_variance_msgs/msg/detail/imu9_do_f__type_support.cpp.o[0m
[0.502s] [ 41%] [32mBuilding CXX object CMakeFiles/allan_variance_msgs__rosidl_typesupport_fastrtps_cpp.dir/rosidl_typesupport_fastrtps_cpp/allan_variance_msgs/msg/detail/dds_fastrtps/imu9_do_f__type_support.cpp.o[0m
[0.580s] [ 45%] [32mBuilding CXX object CMakeFiles/allan_variance_msgs__rosidl_typesupport_c.dir/rosidl_typesupport_c/allan_variance_msgs/msg/imu9_do_f__type_support.cpp.o[0m
[0.610s] [ 48%] [32m[1mLinking CXX shared library liballan_variance_msgs__rosidl_typesupport_c.so[0m
[0.643s] [ 48%] Built target allan_variance_msgs__rosidl_typesupport_c
[0.725s] [ 51%] [32m[1mLinking CXX shared library liballan_variance_msgs__rosidl_typesupport_cpp.so[0m
[0.741s] [ 54%] [32mBuilding C object CMakeFiles/allan_variance_msgs__rosidl_typesupport_introspection_c.dir/rosidl_typesupport_introspection_c/allan_variance_msgs/msg/detail/imu9_do_f__type_support.c.o[0m
[0.745s] [ 58%] [32mBuilding CXX object CMakeFiles/allan_variance_msgs__rosidl_typesupport_fastrtps_c.dir/rosidl_typesupport_fastrtps_c/allan_variance_msgs/msg/detail/imu9_do_f__type_support_c.cpp.o[0m
[0.768s] [ 58%] Built target allan_variance_msgs__rosidl_typesupport_cpp
[0.770s] [ 61%] [32m[1mLinking C shared library liballan_variance_msgs__rosidl_typesupport_introspection_c.so[0m
[0.793s] [ 61%] Built target allan_variance_msgs__rosidl_typesupport_introspection_c
[0.868s] [ 64%] [32m[1mLinking CXX shared library liballan_variance_msgs__rosidl_typesupport_introspection_cpp.so[0m
[0.873s] [ 67%] [32m[1mLinking CXX shared library liballan_variance_msgs__rosidl_typesupport_fastrtps_cpp.so[0m
[0.920s] [ 67%] Built target allan_variance_msgs__rosidl_typesupport_introspection_cpp
[0.940s] [ 67%] Built target allan_variance_msgs__rosidl_typesupport_fastrtps_cpp
[1.026s] [ 70%] [32m[1mLinking CXX shared library liballan_variance_msgs__rosidl_typesupport_fastrtps_c.so[0m
[1.079s] [ 70%] Built target allan_variance_msgs__rosidl_typesupport_fastrtps_c
[1.093s] [ 70%] Built target allan_variance_msgs
[1.107s] [ 74%] [34m[1mGenerating Python code for ROS interfaces[0m
[1.368s] [ 74%] Built target allan_variance_msgs__py
[1.381s] [ 77%] [32mBuilding C object CMakeFiles/allan_variance_msgs__rosidl_generator_py.dir/rosidl_generator_py/allan_variance_msgs/msg/_imu9_do_f_s.c.o[0m
[1.475s] [ 80%] [32m[1mLinking C shared library rosidl_generator_py/allan_variance_msgs/liballan_variance_msgs__rosidl_generator_py.so[0m
[1.538s] [ 80%] Built target allan_variance_msgs__rosidl_generator_py
[1.554s] [ 90%] [32mBuilding C object CMakeFiles/allan_variance_msgs__rosidl_typesupport_introspection_c__pyext.dir/rosidl_generator_py/allan_variance_msgs/_allan_variance_msgs_s.ep.rosidl_typesupport_introspection_c.c.o[0m
[1.554s] [ 90%] [32mBuilding C object CMakeFiles/allan_variance_msgs__rosidl_typesupport_c__pyext.dir/rosidl_generator_py/allan_variance_msgs/_allan_variance_msgs_s.ep.rosidl_typesupport_c.c.o[0m
[1.554s] [ 90%] [32mBuilding C object CMakeFiles/allan_variance_msgs__rosidl_typesupport_fastrtps_c__pyext.dir/rosidl_generator_py/allan_variance_msgs/_allan_variance_msgs_s.ep.rosidl_typesupport_fastrtps_c.c.o[0m
[1.635s] [ 93%] [32m[1mLinking C shared library rosidl_generator_py/allan_variance_msgs/allan_variance_msgs_s__rosidl_typesupport_c.cpython-310-x86_64-linux-gnu.so[0m
[1.635s] [ 96%] [32m[1mLinking C shared library rosidl_generator_py/allan_variance_msgs/allan_variance_msgs_s__rosidl_typesupport_introspection_c.cpython-310-x86_64-linux-gnu.so[0m
[1.636s] gmake[2]: *** [CMakeFiles/allan_variance_msgs__rosidl_typesupport_introspection_c__pyext.dir/build.make:136: rosidl_generator_py/allan_variance_msgs/allan_variance_msgs_s__rosidl_typesupport_introspection_c.cpython-310-x86_64-linux-gnu.so] Interrupt
[1.636s] gmake[1]: *** [CMakeFiles/Makefile2:535: CMakeFiles/allan_variance_msgs__rosidl_typesupport_introspection_c__pyext.dir/all] Interrupt
[1.636s] gmake[2]: *** [CMakeFiles/allan_variance_msgs__rosidl_typesupport_c__pyext.dir/build.make:135: rosidl_generator_py/allan_variance_msgs/allan_variance_msgs_s__rosidl_typesupport_c.cpython-310-x86_64-linux-gnu.so] Interrupt
[1.636s] gmake[1]: *** [CMakeFiles/Makefile2:564: CMakeFiles/allan_variance_msgs__rosidl_typesupport_c__pyext.dir/all] Interrupt
[1.636s] gmake[2]: *** [CMakeFiles/allan_variance_msgs__rosidl_typesupport_fastrtps_c__pyext.dir/build.make:136: rosidl_generator_py/allan_variance_msgs/allan_variance_msgs_s__rosidl_typesupport_fastrtps_c.cpython-310-x86_64-linux-gnu.so] Interrupt
[1.636s] gmake[1]: *** [CMakeFiles/Makefile2:505: CMakeFiles/allan_variance_msgs__rosidl_typesupport_fastrtps_c__pyext.dir/all] Interrupt
[1.636s] gmake: *** [Makefile:146: all] Interrupt
