[  2%] Built target allan_variance_ros2_msg__cpp
[ 10%] Built target allan_variance_ros2_msg__rosidl_generator_c
[ 13%] [32mBuilding CXX object CMakeFiles/allan_variance_ros2.dir/src/AllanVarianceComputor.cpp.o[0m
[ 13%] Built target ament_cmake_python_symlink_allan_variance_ros2
[ 21%] Built target allan_variance_ros2_msg__rosidl_typesupport_c
[ 29%] Built target allan_variance_ros2_msg__rosidl_typesupport_fastrtps_c
[ 37%] Built target allan_variance_ros2_msg__rosidl_typesupport_introspection_cpp
[ 54%] Built target allan_variance_ros2_msg__rosidl_typesupport_introspection_c
[ 54%] Built target allan_variance_ros2_msg__rosidl_typesupport_cpp
[ 62%] Built target allan_variance_ros2_msg__rosidl_typesupport_fastrtps_cpp
[ 62%] Built target allan_variance_ros2_msg
[ 64%] Built target allan_variance_ros2_msg__py
[35m[1mConsolidate compiler generated dependencies of target allan_variance_ros2_msg__rosidl_generator_py[0m
[ 70%] Built target allan_variance_ros2_msg__rosidl_generator_py
[35m[1mConsolidate compiler generated dependencies of target allan_variance_ros2__rosidl_typesupport_introspection_c__pyext[0m
[35m[1mConsolidate compiler generated dependencies of target allan_variance_ros2__rosidl_typesupport_fastrtps_c__pyext[0m
[35m[1mConsolidate compiler generated dependencies of target allan_variance_ros2__rosidl_typesupport_c__pyext[0m
[ 81%] Built target allan_variance_ros2__rosidl_typesupport_fastrtps_c__pyext
[ 81%] Built target allan_variance_ros2__rosidl_typesupport_c__pyext
[ 86%] Built target allan_variance_ros2__rosidl_typesupport_introspection_c__pyext
running egg_info
writing allan_variance_ros2.egg-info/PKG-INFO
writing dependency_links to allan_variance_ros2.egg-info/dependency_links.txt
writing top-level names to allan_variance_ros2.egg-info/top_level.txt
reading manifest file 'allan_variance_ros2.egg-info/SOURCES.txt'
writing manifest file 'allan_variance_ros2.egg-info/SOURCES.txt'
[ 86%] Built target ament_cmake_python_build_allan_variance_ros2_egg
