-- Found ament_cmake: 1.3.5 (/opt/ros/humble/share/ament_cmake/cmake)
-- Found rclcpp: 16.0.5 (/opt/ros/humble/share/rclcpp/cmake)
-- Found rosidl_generator_c: 3.1.5 (/opt/ros/humble/share/rosidl_generator_c/cmake)
-- Found rosidl_adapter: 3.1.5 (/opt/ros/humble/share/rosidl_adapter/cmake)
-- Found rosidl_generator_cpp: 3.1.5 (/opt/ros/humble/share/rosidl_generator_cpp/cmake)
-- Using all available rosidl_typesupport_c: rosidl_typesupport_fastrtps_c;rosidl_typesupport_introspection_c
-- Using all available rosidl_typesupport_cpp: rosidl_typesupport_fastrtps_cpp;rosidl_typesupport_introspection_cpp
-- Found rmw_implementation_cmake: 6.1.1 (/opt/ros/humble/share/rmw_implementation_cmake/cmake)
-- Found rmw_fastrtps_cpp: 6.2.3 (/opt/ros/humble/share/rmw_fastrtps_cpp/cmake)
-- Using RMW implementation 'rmw_fastrtps_cpp' as default
-- Found rosbag2_cpp: 0.15.7 (/opt/ros/humble/share/rosbag2_cpp/cmake)
-- Found geometry_msgs: 4.2.3 (/opt/ros/humble/share/geometry_msgs/cmake)
-- Found tf2: 0.25.3 (/opt/ros/humble/share/tf2/cmake)
-- Found allan_variance_msgs: 0.0.0 (/home/ws/install/allan_variance_msgs/share/allan_variance_msgs/cmake)
-- OpenMP found will try to link!
-- Configuring done
-- Generating done
-- Build files have been written to: /home/ws/build/allan_variance_ros2
[35m[1mConsolidate compiler generated dependencies of target allan_variance_ros2[0m
[ 16%] [32mBuilding CXX object CMakeFiles/allan_variance_ros2.dir/src/ImuMeasurement.cpp.o[0m
[ 50%] [32mBuilding CXX object CMakeFiles/allan_variance_ros2.dir/src/AllanVarianceComputor.cpp.o[0m
[ 50%] [32mBuilding CXX object CMakeFiles/allan_variance_ros2.dir/src/yaml_parsers.cpp.o[0m
