[0.279s] DEBUG:colcon:Command line arguments: ['/usr/bin/colcon', 'build', '--symlink-install']
[0.279s] DEBUG:colcon:Parsed command line arguments: Namespace(log_base=None, log_level=None, verb_name='build', build_base='build', install_base='install', merge_install=False, symlink_install=True, test_result_base=None, continue_on_error=False, executor='parallel', parallel_workers=12, event_handlers=None, ignore_user_meta=False, metas=['./colcon.meta'], base_paths=['.'], packages_ignore=None, packages_ignore_regex=None, paths=None, packages_up_to=None, packages_up_to_regex=None, packages_above=None, packages_above_and_dependencies=None, packages_above_depth=None, packages_select_by_dep=None, packages_skip_by_dep=None, packages_skip_up_to=None, packages_select_build_failed=False, packages_skip_build_finished=False, packages_select_test_failures=False, packages_skip_test_passed=False, packages_select=None, packages_skip=None, packages_select_regex=None, packages_skip_regex=None, packages_start=None, packages_end=None, cmake_args=None, cmake_target=None, cmake_target_skip_unavailable=False, cmake_clean_cache=False, cmake_clean_first=False, cmake_force_configure=False, ament_cmake_args=None, catkin_cmake_args=None, catkin_skip_building_tests=False, mixin_files=None, mixin=None, verb_parser=<colcon_mixin.mixin.mixin_argument.MixinArgumentDecorator object at 0x7f920e890370>, verb_extension=<colcon_core.verb.build.BuildVerb object at 0x7f920f04af50>, main=<bound method BuildVerb.main of <colcon_core.verb.build.BuildVerb object at 0x7f920f04af50>>, mixin_verb=('build',))
[0.307s] Level 1:colcon.colcon_core.package_discovery:discover_packages(colcon_meta) check parameters
[0.307s] Level 1:colcon.colcon_core.package_discovery:discover_packages(recursive) check parameters
[0.308s] Level 1:colcon.colcon_core.package_discovery:discover_packages(ignore) check parameters
[0.308s] Level 1:colcon.colcon_core.package_discovery:discover_packages(path) check parameters
[0.308s] Level 1:colcon.colcon_core.package_discovery:discover_packages(colcon_meta) discover
[0.308s] Level 1:colcon.colcon_core.package_discovery:discover_packages(recursive) discover
[0.308s] INFO:colcon.colcon_core.package_discovery:Crawling recursively for packages in '/home/ws'
[0.308s] Level 1:colcon.colcon_core.package_identification:_identify(.) by extensions ['ignore', 'ignore_ament_install']
[0.308s] Level 1:colcon.colcon_core.package_identification:_identify(.) by extension 'ignore'
[0.308s] Level 1:colcon.colcon_core.package_identification:_identify(.) by extension 'ignore_ament_install'
[0.308s] Level 1:colcon.colcon_core.package_identification:_identify(.) by extensions ['colcon_pkg']
[0.308s] Level 1:colcon.colcon_core.package_identification:_identify(.) by extension 'colcon_pkg'
[0.308s] Level 1:colcon.colcon_core.package_identification:_identify(.) by extensions ['colcon_meta']
[0.308s] Level 1:colcon.colcon_core.package_identification:_identify(.) by extension 'colcon_meta'
[0.308s] Level 1:colcon.colcon_core.package_identification:_identify(.) by extensions ['ros']
[0.308s] Level 1:colcon.colcon_core.package_identification:_identify(.) by extension 'ros'
[0.317s] Level 1:colcon.colcon_core.package_identification:_identify(.) by extensions ['cmake', 'python']
[0.318s] Level 1:colcon.colcon_core.package_identification:_identify(.) by extension 'cmake'
[0.318s] Level 1:colcon.colcon_core.package_identification:_identify(.) by extension 'python'
[0.318s] Level 1:colcon.colcon_core.package_identification:_identify(.) by extensions ['python_setup_py']
[0.318s] Level 1:colcon.colcon_core.package_identification:_identify(.) by extension 'python_setup_py'
[0.318s] Level 1:colcon.colcon_core.package_identification:_identify(build) by extensions ['ignore', 'ignore_ament_install']
[0.318s] Level 1:colcon.colcon_core.package_identification:_identify(build) by extension 'ignore'
[0.318s] Level 1:colcon.colcon_core.package_identification:_identify(build) ignored
[0.318s] Level 1:colcon.colcon_core.package_identification:_identify(data) by extensions ['ignore', 'ignore_ament_install']
[0.318s] Level 1:colcon.colcon_core.package_identification:_identify(data) by extension 'ignore'
[0.318s] Level 1:colcon.colcon_core.package_identification:_identify(data) by extension 'ignore_ament_install'
[0.318s] Level 1:colcon.colcon_core.package_identification:_identify(data) by extensions ['colcon_pkg']
[0.318s] Level 1:colcon.colcon_core.package_identification:_identify(data) by extension 'colcon_pkg'
[0.318s] Level 1:colcon.colcon_core.package_identification:_identify(data) by extensions ['colcon_meta']
[0.318s] Level 1:colcon.colcon_core.package_identification:_identify(data) by extension 'colcon_meta'
[0.318s] Level 1:colcon.colcon_core.package_identification:_identify(data) by extensions ['ros']
[0.318s] Level 1:colcon.colcon_core.package_identification:_identify(data) by extension 'ros'
[0.318s] Level 1:colcon.colcon_core.package_identification:_identify(data) by extensions ['cmake', 'python']
[0.318s] Level 1:colcon.colcon_core.package_identification:_identify(data) by extension 'cmake'
[0.318s] Level 1:colcon.colcon_core.package_identification:_identify(data) by extension 'python'
[0.318s] Level 1:colcon.colcon_core.package_identification:_identify(data) by extensions ['python_setup_py']
[0.318s] Level 1:colcon.colcon_core.package_identification:_identify(data) by extension 'python_setup_py'
[0.319s] Level 1:colcon.colcon_core.package_identification:_identify(data/config) by extensions ['ignore', 'ignore_ament_install']
[0.319s] Level 1:colcon.colcon_core.package_identification:_identify(data/config) by extension 'ignore'
[0.319s] Level 1:colcon.colcon_core.package_identification:_identify(data/config) by extension 'ignore_ament_install'
[0.319s] Level 1:colcon.colcon_core.package_identification:_identify(data/config) by extensions ['colcon_pkg']
[0.319s] Level 1:colcon.colcon_core.package_identification:_identify(data/config) by extension 'colcon_pkg'
[0.319s] Level 1:colcon.colcon_core.package_identification:_identify(data/config) by extensions ['colcon_meta']
[0.319s] Level 1:colcon.colcon_core.package_identification:_identify(data/config) by extension 'colcon_meta'
[0.319s] Level 1:colcon.colcon_core.package_identification:_identify(data/config) by extensions ['ros']
[0.319s] Level 1:colcon.colcon_core.package_identification:_identify(data/config) by extension 'ros'
[0.319s] Level 1:colcon.colcon_core.package_identification:_identify(data/config) by extensions ['cmake', 'python']
[0.319s] Level 1:colcon.colcon_core.package_identification:_identify(data/config) by extension 'cmake'
[0.319s] Level 1:colcon.colcon_core.package_identification:_identify(data/config) by extension 'python'
[0.319s] Level 1:colcon.colcon_core.package_identification:_identify(data/config) by extensions ['python_setup_py']
[0.319s] Level 1:colcon.colcon_core.package_identification:_identify(data/config) by extension 'python_setup_py'
[0.319s] Level 1:colcon.colcon_core.package_identification:_identify(figs) by extensions ['ignore', 'ignore_ament_install']
[0.319s] Level 1:colcon.colcon_core.package_identification:_identify(figs) by extension 'ignore'
[0.319s] Level 1:colcon.colcon_core.package_identification:_identify(figs) by extension 'ignore_ament_install'
[0.319s] Level 1:colcon.colcon_core.package_identification:_identify(figs) by extensions ['colcon_pkg']
[0.319s] Level 1:colcon.colcon_core.package_identification:_identify(figs) by extension 'colcon_pkg'
[0.319s] Level 1:colcon.colcon_core.package_identification:_identify(figs) by extensions ['colcon_meta']
[0.319s] Level 1:colcon.colcon_core.package_identification:_identify(figs) by extension 'colcon_meta'
[0.319s] Level 1:colcon.colcon_core.package_identification:_identify(figs) by extensions ['ros']
[0.319s] Level 1:colcon.colcon_core.package_identification:_identify(figs) by extension 'ros'
[0.320s] Level 1:colcon.colcon_core.package_identification:_identify(figs) by extensions ['cmake', 'python']
[0.320s] Level 1:colcon.colcon_core.package_identification:_identify(figs) by extension 'cmake'
[0.320s] Level 1:colcon.colcon_core.package_identification:_identify(figs) by extension 'python'
[0.320s] Level 1:colcon.colcon_core.package_identification:_identify(figs) by extensions ['python_setup_py']
[0.320s] Level 1:colcon.colcon_core.package_identification:_identify(figs) by extension 'python_setup_py'
[0.320s] Level 1:colcon.colcon_core.package_identification:_identify(install) by extensions ['ignore', 'ignore_ament_install']
[0.320s] Level 1:colcon.colcon_core.package_identification:_identify(install) by extension 'ignore'
[0.320s] Level 1:colcon.colcon_core.package_identification:_identify(install) ignored
[0.320s] Level 1:colcon.colcon_core.package_identification:_identify(log) by extensions ['ignore', 'ignore_ament_install']
[0.320s] Level 1:colcon.colcon_core.package_identification:_identify(log) by extension 'ignore'
[0.320s] Level 1:colcon.colcon_core.package_identification:_identify(log) ignored
[0.320s] Level 1:colcon.colcon_core.package_identification:_identify(src) by extensions ['ignore', 'ignore_ament_install']
[0.320s] Level 1:colcon.colcon_core.package_identification:_identify(src) by extension 'ignore'
[0.320s] Level 1:colcon.colcon_core.package_identification:_identify(src) by extension 'ignore_ament_install'
[0.320s] Level 1:colcon.colcon_core.package_identification:_identify(src) by extensions ['colcon_pkg']
[0.320s] Level 1:colcon.colcon_core.package_identification:_identify(src) by extension 'colcon_pkg'
[0.320s] Level 1:colcon.colcon_core.package_identification:_identify(src) by extensions ['colcon_meta']
[0.320s] Level 1:colcon.colcon_core.package_identification:_identify(src) by extension 'colcon_meta'
[0.320s] Level 1:colcon.colcon_core.package_identification:_identify(src) by extensions ['ros']
[0.320s] Level 1:colcon.colcon_core.package_identification:_identify(src) by extension 'ros'
[0.320s] Level 1:colcon.colcon_core.package_identification:_identify(src) by extensions ['cmake', 'python']
[0.320s] Level 1:colcon.colcon_core.package_identification:_identify(src) by extension 'cmake'
[0.321s] Level 1:colcon.colcon_core.package_identification:_identify(src) by extension 'python'
[0.321s] Level 1:colcon.colcon_core.package_identification:_identify(src) by extensions ['python_setup_py']
[0.321s] Level 1:colcon.colcon_core.package_identification:_identify(src) by extension 'python_setup_py'
[0.321s] Level 1:colcon.colcon_core.package_identification:_identify(src/allan_variance_msgs) by extensions ['ignore', 'ignore_ament_install']
[0.321s] Level 1:colcon.colcon_core.package_identification:_identify(src/allan_variance_msgs) by extension 'ignore'
[0.321s] Level 1:colcon.colcon_core.package_identification:_identify(src/allan_variance_msgs) by extension 'ignore_ament_install'
[0.321s] Level 1:colcon.colcon_core.package_identification:_identify(src/allan_variance_msgs) by extensions ['colcon_pkg']
[0.321s] Level 1:colcon.colcon_core.package_identification:_identify(src/allan_variance_msgs) by extension 'colcon_pkg'
[0.321s] Level 1:colcon.colcon_core.package_identification:_identify(src/allan_variance_msgs) by extensions ['colcon_meta']
[0.321s] Level 1:colcon.colcon_core.package_identification:_identify(src/allan_variance_msgs) by extension 'colcon_meta'
[0.321s] Level 1:colcon.colcon_core.package_identification:_identify(src/allan_variance_msgs) by extensions ['ros']
[0.321s] Level 1:colcon.colcon_core.package_identification:_identify(src/allan_variance_msgs) by extension 'ros'
[0.323s] DEBUG:colcon.colcon_core.package_identification:Package 'src/allan_variance_msgs' with type 'ros.ament_cmake' and name 'allan_variance_msgs'
[0.323s] Level 1:colcon.colcon_core.package_identification:_identify(src/allan_variance_ros2) by extensions ['ignore', 'ignore_ament_install']
[0.323s] Level 1:colcon.colcon_core.package_identification:_identify(src/allan_variance_ros2) by extension 'ignore'
[0.324s] Level 1:colcon.colcon_core.package_identification:_identify(src/allan_variance_ros2) by extension 'ignore_ament_install'
[0.324s] Level 1:colcon.colcon_core.package_identification:_identify(src/allan_variance_ros2) by extensions ['colcon_pkg']
[0.324s] Level 1:colcon.colcon_core.package_identification:_identify(src/allan_variance_ros2) by extension 'colcon_pkg'
[0.324s] Level 1:colcon.colcon_core.package_identification:_identify(src/allan_variance_ros2) by extensions ['colcon_meta']
[0.324s] Level 1:colcon.colcon_core.package_identification:_identify(src/allan_variance_ros2) by extension 'colcon_meta'
[0.324s] Level 1:colcon.colcon_core.package_identification:_identify(src/allan_variance_ros2) by extensions ['ros']
[0.324s] Level 1:colcon.colcon_core.package_identification:_identify(src/allan_variance_ros2) by extension 'ros'
[0.325s] DEBUG:colcon.colcon_core.package_identification:Package 'src/allan_variance_ros2' with type 'ros.ament_cmake' and name 'allan_variance_ros2'
[0.325s] Level 1:colcon.colcon_core.package_discovery:discover_packages(recursive) using defaults
[0.325s] Level 1:colcon.colcon_core.package_discovery:discover_packages(ignore) discover
[0.325s] Level 1:colcon.colcon_core.package_discovery:discover_packages(ignore) using defaults
[0.325s] Level 1:colcon.colcon_core.package_discovery:discover_packages(path) discover
[0.325s] Level 1:colcon.colcon_core.package_discovery:discover_packages(path) using defaults
[0.345s] Level 5:colcon.colcon_core.verb:set package 'allan_variance_msgs' build argument 'cmake_args' from command line to 'None'
[0.345s] Level 5:colcon.colcon_core.verb:set package 'allan_variance_msgs' build argument 'cmake_target' from command line to 'None'
[0.345s] Level 5:colcon.colcon_core.verb:set package 'allan_variance_msgs' build argument 'cmake_target_skip_unavailable' from command line to 'False'
[0.345s] Level 5:colcon.colcon_core.verb:set package 'allan_variance_msgs' build argument 'cmake_clean_cache' from command line to 'False'
[0.345s] Level 5:colcon.colcon_core.verb:set package 'allan_variance_msgs' build argument 'cmake_clean_first' from command line to 'False'
[0.345s] Level 5:colcon.colcon_core.verb:set package 'allan_variance_msgs' build argument 'cmake_force_configure' from command line to 'False'
[0.345s] Level 5:colcon.colcon_core.verb:set package 'allan_variance_msgs' build argument 'ament_cmake_args' from command line to 'None'
[0.346s] Level 5:colcon.colcon_core.verb:set package 'allan_variance_msgs' build argument 'catkin_cmake_args' from command line to 'None'
[0.346s] Level 5:colcon.colcon_core.verb:set package 'allan_variance_msgs' build argument 'catkin_skip_building_tests' from command line to 'False'
[0.346s] DEBUG:colcon.colcon_core.verb:Building package 'allan_variance_msgs' with the following arguments: {'ament_cmake_args': None, 'build_base': '/home/ws/build/allan_variance_msgs', 'catkin_cmake_args': None, 'catkin_skip_building_tests': False, 'cmake_args': None, 'cmake_clean_cache': False, 'cmake_clean_first': False, 'cmake_force_configure': False, 'cmake_target': None, 'cmake_target_skip_unavailable': False, 'install_base': '/home/ws/install/allan_variance_msgs', 'merge_install': False, 'path': '/home/ws/src/allan_variance_msgs', 'symlink_install': True, 'test_result_base': None}
[0.346s] Level 5:colcon.colcon_core.verb:set package 'allan_variance_ros2' build argument 'cmake_args' from command line to 'None'
[0.346s] Level 5:colcon.colcon_core.verb:set package 'allan_variance_ros2' build argument 'cmake_target' from command line to 'None'
[0.346s] Level 5:colcon.colcon_core.verb:set package 'allan_variance_ros2' build argument 'cmake_target_skip_unavailable' from command line to 'False'
[0.346s] Level 5:colcon.colcon_core.verb:set package 'allan_variance_ros2' build argument 'cmake_clean_cache' from command line to 'False'
[0.346s] Level 5:colcon.colcon_core.verb:set package 'allan_variance_ros2' build argument 'cmake_clean_first' from command line to 'False'
[0.346s] Level 5:colcon.colcon_core.verb:set package 'allan_variance_ros2' build argument 'cmake_force_configure' from command line to 'False'
[0.346s] Level 5:colcon.colcon_core.verb:set package 'allan_variance_ros2' build argument 'ament_cmake_args' from command line to 'None'
[0.346s] Level 5:colcon.colcon_core.verb:set package 'allan_variance_ros2' build argument 'catkin_cmake_args' from command line to 'None'
[0.347s] Level 5:colcon.colcon_core.verb:set package 'allan_variance_ros2' build argument 'catkin_skip_building_tests' from command line to 'False'
[0.347s] DEBUG:colcon.colcon_core.verb:Building package 'allan_variance_ros2' with the following arguments: {'ament_cmake_args': None, 'build_base': '/home/ws/build/allan_variance_ros2', 'catkin_cmake_args': None, 'catkin_skip_building_tests': False, 'cmake_args': None, 'cmake_clean_cache': False, 'cmake_clean_first': False, 'cmake_force_configure': False, 'cmake_target': None, 'cmake_target_skip_unavailable': False, 'install_base': '/home/ws/install/allan_variance_ros2', 'merge_install': False, 'path': '/home/ws/src/allan_variance_ros2', 'symlink_install': True, 'test_result_base': None}
[0.347s] INFO:colcon.colcon_core.executor:Executing jobs using 'parallel' executor
[0.350s] DEBUG:colcon.colcon_parallel_executor.executor.parallel:run_until_complete
[0.350s] INFO:colcon.colcon_ros.task.ament_cmake.build:Building ROS package in '/home/ws/src/allan_variance_msgs' with build type 'ament_cmake'
[0.350s] INFO:colcon.colcon_cmake.task.cmake.build:Building CMake package in '/home/ws/src/allan_variance_msgs'
[0.354s] INFO:colcon.colcon_core.plugin_system:Skipping extension 'colcon_core.shell.bat': Not used on non-Windows systems
[0.354s] INFO:colcon.colcon_core.shell:Skip shell extension 'powershell' for command environment: Not usable outside of PowerShell
[0.354s] DEBUG:colcon.colcon_core.shell:Skip shell extension 'dsv' for command environment
[0.363s] DEBUG:colcon.colcon_core.event_handler.log_command:Invoking command in '/home/ws/build/allan_variance_msgs': CMAKE_PREFIX_PATH=${CMAKE_PREFIX_PATH}:/opt/ros/humble /usr/bin/cmake --build /home/ws/build/allan_variance_msgs -- -j12 -l12
[0.628s] DEBUG:colcon.colcon_core.event_handler.log_command:Invoked command in '/home/ws/build/allan_variance_msgs' returned '0': CMAKE_PREFIX_PATH=${CMAKE_PREFIX_PATH}:/opt/ros/humble /usr/bin/cmake --build /home/ws/build/allan_variance_msgs -- -j12 -l12
[0.673s] DEBUG:colcon.colcon_core.event_handler.log_command:Invoking command in '/home/ws/build/allan_variance_msgs': CMAKE_PREFIX_PATH=${CMAKE_PREFIX_PATH}:/opt/ros/humble /usr/bin/cmake --install /home/ws/build/allan_variance_msgs
[0.728s] Level 1:colcon.colcon_core.environment:create_environment_scripts_only(allan_variance_msgs)
[0.729s] DEBUG:colcon.colcon_core.event_handler.log_command:Invoked command in '/home/ws/build/allan_variance_msgs' returned '0': CMAKE_PREFIX_PATH=${CMAKE_PREFIX_PATH}:/opt/ros/humble /usr/bin/cmake --install /home/ws/build/allan_variance_msgs
[0.732s] Level 1:colcon.colcon_core.environment:checking '/home/ws/install/allan_variance_msgs' for CMake module files
[0.732s] Level 1:colcon.colcon_core.environment:checking '/home/ws/install/allan_variance_msgs' for CMake config files
[0.733s] Level 1:colcon.colcon_core.shell:create_environment_hook('allan_variance_msgs', 'cmake_prefix_path')
[0.734s] INFO:colcon.colcon_core.shell:Creating environment hook '/home/ws/install/allan_variance_msgs/share/allan_variance_msgs/hook/cmake_prefix_path.ps1'
[0.734s] INFO:colcon.colcon_core.shell:Creating environment descriptor '/home/ws/install/allan_variance_msgs/share/allan_variance_msgs/hook/cmake_prefix_path.dsv'
[0.735s] INFO:colcon.colcon_core.shell:Creating environment hook '/home/ws/install/allan_variance_msgs/share/allan_variance_msgs/hook/cmake_prefix_path.sh'
[0.735s] Level 1:colcon.colcon_core.environment:checking '/home/ws/install/allan_variance_msgs/lib'
[0.736s] Level 1:colcon.colcon_core.shell:create_environment_hook('allan_variance_msgs', 'ld_library_path_lib')
[0.737s] INFO:colcon.colcon_core.shell:Creating environment hook '/home/ws/install/allan_variance_msgs/share/allan_variance_msgs/hook/ld_library_path_lib.ps1'
[0.737s] INFO:colcon.colcon_core.shell:Creating environment descriptor '/home/ws/install/allan_variance_msgs/share/allan_variance_msgs/hook/ld_library_path_lib.dsv'
[0.737s] INFO:colcon.colcon_core.shell:Creating environment hook '/home/ws/install/allan_variance_msgs/share/allan_variance_msgs/hook/ld_library_path_lib.sh'
[0.737s] Level 1:colcon.colcon_core.environment:checking '/home/ws/install/allan_variance_msgs/bin'
[0.737s] Level 1:colcon.colcon_core.environment:checking '/home/ws/install/allan_variance_msgs/lib/pkgconfig/allan_variance_msgs.pc'
[0.739s] Level 1:colcon.colcon_core.environment:checking '/home/ws/install/allan_variance_msgs/lib/python3.10/site-packages'
[0.739s] Level 1:colcon.colcon_core.environment:checking '/home/ws/install/allan_variance_msgs/bin'
[0.740s] INFO:colcon.colcon_core.shell:Creating package script '/home/ws/install/allan_variance_msgs/share/allan_variance_msgs/package.ps1'
[0.741s] INFO:colcon.colcon_core.shell:Creating package descriptor '/home/ws/install/allan_variance_msgs/share/allan_variance_msgs/package.dsv'
[0.741s] INFO:colcon.colcon_core.shell:Creating package script '/home/ws/install/allan_variance_msgs/share/allan_variance_msgs/package.sh'
[0.742s] INFO:colcon.colcon_core.shell:Creating package script '/home/ws/install/allan_variance_msgs/share/allan_variance_msgs/package.bash'
[0.742s] INFO:colcon.colcon_core.shell:Creating package script '/home/ws/install/allan_variance_msgs/share/allan_variance_msgs/package.zsh'
[0.743s] Level 1:colcon.colcon_core.environment:create_file_with_runtime_dependencies(/home/ws/install/allan_variance_msgs/share/colcon-core/packages/allan_variance_msgs)
[0.782s] Level 1:colcon.colcon_core.environment:create_environment_scripts_only(allan_variance_msgs)
[0.784s] Level 1:colcon.colcon_core.environment:checking '/home/ws/install/allan_variance_msgs' for CMake module files
[0.784s] Level 1:colcon.colcon_core.environment:checking '/home/ws/install/allan_variance_msgs' for CMake config files
[0.785s] Level 1:colcon.colcon_core.shell:create_environment_hook('allan_variance_msgs', 'cmake_prefix_path')
[0.786s] INFO:colcon.colcon_core.shell:Creating environment hook '/home/ws/install/allan_variance_msgs/share/allan_variance_msgs/hook/cmake_prefix_path.ps1'
[0.786s] INFO:colcon.colcon_core.shell:Creating environment descriptor '/home/ws/install/allan_variance_msgs/share/allan_variance_msgs/hook/cmake_prefix_path.dsv'
[0.786s] INFO:colcon.colcon_core.shell:Creating environment hook '/home/ws/install/allan_variance_msgs/share/allan_variance_msgs/hook/cmake_prefix_path.sh'
[0.787s] Level 1:colcon.colcon_core.environment:checking '/home/ws/install/allan_variance_msgs/lib'
[0.787s] Level 1:colcon.colcon_core.shell:create_environment_hook('allan_variance_msgs', 'ld_library_path_lib')
[0.788s] INFO:colcon.colcon_core.shell:Creating environment hook '/home/ws/install/allan_variance_msgs/share/allan_variance_msgs/hook/ld_library_path_lib.ps1'
[0.789s] INFO:colcon.colcon_core.shell:Creating environment descriptor '/home/ws/install/allan_variance_msgs/share/allan_variance_msgs/hook/ld_library_path_lib.dsv'
[0.789s] INFO:colcon.colcon_core.shell:Creating environment hook '/home/ws/install/allan_variance_msgs/share/allan_variance_msgs/hook/ld_library_path_lib.sh'
[0.789s] Level 1:colcon.colcon_core.environment:checking '/home/ws/install/allan_variance_msgs/bin'
[0.789s] Level 1:colcon.colcon_core.environment:checking '/home/ws/install/allan_variance_msgs/lib/pkgconfig/allan_variance_msgs.pc'
[0.790s] Level 1:colcon.colcon_core.environment:checking '/home/ws/install/allan_variance_msgs/lib/python3.10/site-packages'
[0.790s] Level 1:colcon.colcon_core.environment:checking '/home/ws/install/allan_variance_msgs/bin'
[0.791s] INFO:colcon.colcon_core.shell:Creating package script '/home/ws/install/allan_variance_msgs/share/allan_variance_msgs/package.ps1'
[0.791s] INFO:colcon.colcon_core.shell:Creating package descriptor '/home/ws/install/allan_variance_msgs/share/allan_variance_msgs/package.dsv'
[0.792s] INFO:colcon.colcon_core.shell:Creating package script '/home/ws/install/allan_variance_msgs/share/allan_variance_msgs/package.sh'
[0.792s] INFO:colcon.colcon_core.shell:Creating package script '/home/ws/install/allan_variance_msgs/share/allan_variance_msgs/package.bash'
[0.792s] INFO:colcon.colcon_core.shell:Creating package script '/home/ws/install/allan_variance_msgs/share/allan_variance_msgs/package.zsh'
[0.793s] Level 1:colcon.colcon_core.environment:create_file_with_runtime_dependencies(/home/ws/install/allan_variance_msgs/share/colcon-core/packages/allan_variance_msgs)
[0.793s] INFO:colcon.colcon_ros.task.ament_cmake.build:Building ROS package in '/home/ws/src/allan_variance_ros2' with build type 'ament_cmake'
[0.793s] INFO:colcon.colcon_cmake.task.cmake.build:Building CMake package in '/home/ws/src/allan_variance_ros2'
[0.794s] INFO:colcon.colcon_core.shell:Skip shell extension 'powershell' for command environment: Not usable outside of PowerShell
[0.794s] DEBUG:colcon.colcon_core.shell:Skip shell extension 'dsv' for command environment
[0.802s] DEBUG:colcon.colcon_core.event_handler.log_command:Invoking command in '/home/ws/build/allan_variance_ros2': CMAKE_PREFIX_PATH=${CMAKE_PREFIX_PATH}:/opt/ros/humble LD_LIBRARY_PATH=/home/ws/install/allan_variance_msgs/lib:/home/ws/install/allan_variance_ros2/lib:/opt/ros/humble/lib/x86_64-linux-gnu:/opt/ros/humble/lib /usr/bin/cmake --build /home/ws/build/allan_variance_ros2 -- -j12 -l12
[3.985s] DEBUG:colcon.colcon_core.event_handler.log_command:Invoked command in '/home/ws/build/allan_variance_ros2' returned '2': CMAKE_PREFIX_PATH=${CMAKE_PREFIX_PATH}:/opt/ros/humble LD_LIBRARY_PATH=/home/ws/install/allan_variance_msgs/lib:/home/ws/install/allan_variance_ros2/lib:/opt/ros/humble/lib/x86_64-linux-gnu:/opt/ros/humble/lib /usr/bin/cmake --build /home/ws/build/allan_variance_ros2 -- -j12 -l12
[4.008s] Level 1:colcon.colcon_core.environment:create_environment_scripts_only(allan_variance_ros2)
[4.010s] Level 1:colcon.colcon_core.environment:checking '/home/ws/install/allan_variance_ros2' for CMake module files
[4.011s] Level 1:colcon.colcon_core.environment:checking '/home/ws/install/allan_variance_ros2' for CMake config files
[4.011s] Level 1:colcon.colcon_core.shell:create_environment_hook('allan_variance_ros2', 'cmake_prefix_path')
[4.012s] INFO:colcon.colcon_core.shell:Creating environment hook '/home/ws/install/allan_variance_ros2/share/allan_variance_ros2/hook/cmake_prefix_path.ps1'
[4.012s] INFO:colcon.colcon_core.shell:Creating environment descriptor '/home/ws/install/allan_variance_ros2/share/allan_variance_ros2/hook/cmake_prefix_path.dsv'
[4.012s] INFO:colcon.colcon_core.shell:Creating environment hook '/home/ws/install/allan_variance_ros2/share/allan_variance_ros2/hook/cmake_prefix_path.sh'
[4.013s] Level 1:colcon.colcon_core.environment:checking '/home/ws/install/allan_variance_ros2/lib'
[4.013s] Level 1:colcon.colcon_core.shell:create_environment_hook('allan_variance_ros2', 'ld_library_path_lib')
[4.014s] INFO:colcon.colcon_core.shell:Creating environment hook '/home/ws/install/allan_variance_ros2/share/allan_variance_ros2/hook/ld_library_path_lib.ps1'
[4.014s] INFO:colcon.colcon_core.shell:Creating environment descriptor '/home/ws/install/allan_variance_ros2/share/allan_variance_ros2/hook/ld_library_path_lib.dsv'
[4.014s] INFO:colcon.colcon_core.shell:Creating environment hook '/home/ws/install/allan_variance_ros2/share/allan_variance_ros2/hook/ld_library_path_lib.sh'
[4.015s] Level 1:colcon.colcon_core.environment:checking '/home/ws/install/allan_variance_ros2/bin'
[4.015s] Level 1:colcon.colcon_core.environment:checking '/home/ws/install/allan_variance_ros2/lib/pkgconfig/allan_variance_ros2.pc'
[4.015s] Level 1:colcon.colcon_core.environment:checking '/home/ws/install/allan_variance_ros2/lib/python3.10/site-packages'
[4.015s] Level 1:colcon.colcon_core.environment:checking '/home/ws/install/allan_variance_ros2/bin'
[4.016s] INFO:colcon.colcon_core.shell:Creating package script '/home/ws/install/allan_variance_ros2/share/allan_variance_ros2/package.ps1'
[4.017s] INFO:colcon.colcon_core.shell:Creating package descriptor '/home/ws/install/allan_variance_ros2/share/allan_variance_ros2/package.dsv'
[4.017s] INFO:colcon.colcon_core.shell:Creating package script '/home/ws/install/allan_variance_ros2/share/allan_variance_ros2/package.sh'
[4.017s] INFO:colcon.colcon_core.shell:Creating package script '/home/ws/install/allan_variance_ros2/share/allan_variance_ros2/package.bash'
[4.018s] INFO:colcon.colcon_core.shell:Creating package script '/home/ws/install/allan_variance_ros2/share/allan_variance_ros2/package.zsh'
[4.018s] Level 1:colcon.colcon_core.environment:create_file_with_runtime_dependencies(/home/ws/install/allan_variance_ros2/share/colcon-core/packages/allan_variance_ros2)
[4.019s] DEBUG:colcon.colcon_parallel_executor.executor.parallel:closing loop
[4.019s] DEBUG:colcon.colcon_parallel_executor.executor.parallel:loop closed
[4.019s] DEBUG:colcon.colcon_parallel_executor.executor.parallel:run_until_complete finished with '2'
[4.019s] DEBUG:colcon.colcon_core.event_reactor:joining thread
[4.023s] INFO:colcon.colcon_core.plugin_system:Skipping extension 'colcon_notification.desktop_notification.notify_send': Could not find 'notify-send'
[4.023s] INFO:colcon.colcon_core.plugin_system:Skipping extension 'colcon_notification.desktop_notification.terminal_notifier': Not used on non-Darwin systems
[4.023s] INFO:colcon.colcon_core.plugin_system:Skipping extension 'colcon_notification.desktop_notification.win32': Not used on non-Windows systems
[4.023s] INFO:colcon.colcon_notification.desktop_notification:Sending desktop notification using 'notify2'
[4.025s] DEBUG:colcon.colcon_notification.desktop_notification.notify2:Failed to initialize notify2: org.freedesktop.DBus.Error.Spawn.ExecFailed: /usr/bin/dbus-launch terminated abnormally without any error message
[4.025s] DEBUG:colcon.colcon_core.event_reactor:joined thread
[4.027s] INFO:colcon.colcon_core.shell:Creating prefix script '/home/ws/install/local_setup.ps1'
[4.028s] INFO:colcon.colcon_core.shell:Creating prefix util module '/home/ws/install/_local_setup_util_ps1.py'
[4.030s] INFO:colcon.colcon_core.shell:Creating prefix chain script '/home/ws/install/setup.ps1'
[4.031s] INFO:colcon.colcon_core.shell:Creating prefix script '/home/ws/install/local_setup.sh'
[4.032s] INFO:colcon.colcon_core.shell:Creating prefix util module '/home/ws/install/_local_setup_util_sh.py'
[4.033s] INFO:colcon.colcon_core.shell:Creating prefix chain script '/home/ws/install/setup.sh'
[4.034s] INFO:colcon.colcon_core.shell:Creating prefix script '/home/ws/install/local_setup.bash'
[4.035s] INFO:colcon.colcon_core.shell:Creating prefix chain script '/home/ws/install/setup.bash'
[4.036s] INFO:colcon.colcon_core.shell:Creating prefix script '/home/ws/install/local_setup.zsh'
[4.037s] INFO:colcon.colcon_core.shell:Creating prefix chain script '/home/ws/install/setup.zsh'
