[0.009s] Invoking command in '/home/ws/build/allan_variance_ros2': CMAKE_PREFIX_PATH=/home/ws/install/allan_variance_msgs:/home/ws/install/allan_variance_ros2:/opt/ros/humble LD_LIBRARY_PATH=/home/ws/install/allan_variance_msgs/lib:/home/ws/install/allan_variance_ros2/lib:/opt/ros/humble/lib/x86_64-linux-gnu:/opt/ros/humble/lib /usr/bin/cmake --build /home/ws/build/allan_variance_ros2 -- -j12 -l12
[0.042s] [35m[1mConsolidate compiler generated dependencies of target allan_variance_ros2[0m
[0.059s] [ 66%] Built target allan_variance_ros2
[0.070s] [35m[1mConsolidate compiler generated dependencies of target allan_variance[0m
[0.089s] [ 83%] [32mBuilding CXX object CMakeFiles/allan_variance.dir/src/allan_variance.cpp.o[0m
[3.915s] [100%] [32m[1mLinking CXX executable allan_variance[0m
[4.037s] [100%] Built target allan_variance
[4.048s] Invoked command in '/home/ws/build/allan_variance_ros2' returned '0': CMAKE_PREFIX_PATH=/home/ws/install/allan_variance_msgs:/home/ws/install/allan_variance_ros2:/opt/ros/humble LD_LIBRARY_PATH=/home/ws/install/allan_variance_msgs/lib:/home/ws/install/allan_variance_ros2/lib:/opt/ros/humble/lib/x86_64-linux-gnu:/opt/ros/humble/lib /usr/bin/cmake --build /home/ws/build/allan_variance_ros2 -- -j12 -l12
[4.071s] Invoking command in '/home/ws/build/allan_variance_ros2': CMAKE_PREFIX_PATH=/home/ws/install/allan_variance_msgs:/home/ws/install/allan_variance_ros2:/opt/ros/humble LD_LIBRARY_PATH=/home/ws/install/allan_variance_msgs/lib:/home/ws/install/allan_variance_ros2/lib:/opt/ros/humble/lib/x86_64-linux-gnu:/opt/ros/humble/lib /usr/bin/cmake --install /home/ws/build/allan_variance_ros2
[4.077s] -- Install configuration: ""
[4.077s] -- Execute custom install script
[4.078s] -- Up-to-date symlink: /home/ws/install/allan_variance_ros2/include/allan_variance_ros2/AllanVarianceComputor.hpp
[4.078s] -- Up-to-date symlink: /home/ws/install/allan_variance_ros2/include/allan_variance_ros2/ImuMeasurement.hpp
[4.078s] -- Up-to-date symlink: /home/ws/install/allan_variance_ros2/include/allan_variance_ros2/yaml_parsers.hpp
[4.078s] -- Up-to-date symlink: /home/ws/install/allan_variance_ros2/lib/allan_variance_ros2/allan_variance
[4.079s] -- Up-to-date symlink: /home/ws/install/allan_variance_ros2/share/allan_variance_ros2/launch/record.launch
[4.079s] -- Up-to-date symlink: /home/ws/install/allan_variance_ros2/share/ament_index/resource_index/package_run_dependencies/allan_variance_ros2
[4.079s] -- Up-to-date symlink: /home/ws/install/allan_variance_ros2/share/ament_index/resource_index/parent_prefix_path/allan_variance_ros2
[4.079s] -- Up-to-date symlink: /home/ws/install/allan_variance_ros2/share/allan_variance_ros2/environment/ament_prefix_path.sh
[4.079s] -- Up-to-date symlink: /home/ws/install/allan_variance_ros2/share/allan_variance_ros2/environment/ament_prefix_path.dsv
[4.080s] -- Up-to-date symlink: /home/ws/install/allan_variance_ros2/share/allan_variance_ros2/environment/path.sh
[4.080s] -- Up-to-date symlink: /home/ws/install/allan_variance_ros2/share/allan_variance_ros2/environment/path.dsv
[4.080s] -- Up-to-date symlink: /home/ws/install/allan_variance_ros2/share/allan_variance_ros2/local_setup.bash
[4.080s] -- Up-to-date symlink: /home/ws/install/allan_variance_ros2/share/allan_variance_ros2/local_setup.sh
[4.080s] -- Up-to-date symlink: /home/ws/install/allan_variance_ros2/share/allan_variance_ros2/local_setup.zsh
[4.081s] -- Up-to-date symlink: /home/ws/install/allan_variance_ros2/share/allan_variance_ros2/local_setup.dsv
[4.081s] -- Symlinking: /home/ws/install/allan_variance_ros2/share/allan_variance_ros2/package.dsv
[4.088s] -- Up-to-date symlink: /home/ws/install/allan_variance_ros2/share/ament_index/resource_index/packages/allan_variance_ros2
[4.088s] -- Up-to-date symlink: /home/ws/install/allan_variance_ros2/share/allan_variance_ros2/cmake/ConfigExtras.cmake
[4.088s] -- Up-to-date symlink: /home/ws/install/allan_variance_ros2/share/allan_variance_ros2/cmake/allan_variance_ros2Config.cmake
[4.088s] -- Up-to-date symlink: /home/ws/install/allan_variance_ros2/share/allan_variance_ros2/cmake/allan_variance_ros2Config-version.cmake
[4.088s] -- Up-to-date symlink: /home/ws/install/allan_variance_ros2/share/allan_variance_ros2/package.xml
[4.090s] Invoked command in '/home/ws/build/allan_variance_ros2' returned '0': CMAKE_PREFIX_PATH=/home/ws/install/allan_variance_msgs:/home/ws/install/allan_variance_ros2:/opt/ros/humble LD_LIBRARY_PATH=/home/ws/install/allan_variance_msgs/lib:/home/ws/install/allan_variance_ros2/lib:/opt/ros/humble/lib/x86_64-linux-gnu:/opt/ros/humble/lib /usr/bin/cmake --install /home/ws/build/allan_variance_ros2
