[35m[1mConsolidate compiler generated dependencies of target allan_variance_ros2[0m
[  2%] Built target allan_variance_ros2_msg__cpp
[ 10%] Built target allan_variance_ros2_msg__rosidl_generator_c
[ 10%] Built target ament_cmake_python_symlink_allan_variance_ros2
[35m[1mConsolidate compiler generated dependencies of target allan_variance_ros2_msg__rosidl_typesupport_fastrtps_c[0m
[35m[1mConsolidate compiler generated dependencies of target allan_variance_ros2_msg__rosidl_typesupport_c[0m
[35m[1mConsolidate compiler generated dependencies of target allan_variance_ros2_msg__rosidl_typesupport_introspection_c[0m
[ 13%] [32mBuilding CXX object CMakeFiles/allan_variance_ros2.dir/src/AllanVarianceComputor.cpp.o[0m
[ 24%] Built target allan_variance_ros2_msg__rosidl_typesupport_introspection_cpp
[ 29%] Built target allan_variance_ros2_msg__rosidl_typesupport_cpp
[ 37%] Built target allan_variance_ros2_msg__rosidl_typesupport_c
[ 45%] Built target allan_variance_ros2_msg__rosidl_typesupport_fastrtps_cpp
[ 54%] Built target allan_variance_ros2_msg__rosidl_typesupport_introspection_c
[ 62%] Built target allan_variance_ros2_msg__rosidl_typesupport_fastrtps_c
[ 62%] Built target allan_variance_ros2_msg
running egg_info
writing allan_variance_ros2.egg-info/PKG-INFO
writing dependency_links to allan_variance_ros2.egg-info/dependency_links.txt
writing top-level names to allan_variance_ros2.egg-info/top_level.txt
reading manifest file 'allan_variance_ros2.egg-info/SOURCES.txt'
writing manifest file 'allan_variance_ros2.egg-info/SOURCES.txt'
[ 62%] Built target ament_cmake_python_build_allan_variance_ros2_egg
