[35m[1mConsolidate compiler generated dependencies of target allan_variance_ros2[0m
[  2%] Built target allan_variance_ros2_msg__cpp
[ 10%] Built target allan_variance_ros2_msg__rosidl_generator_c
[ 10%] Built target ament_cmake_python_symlink_allan_variance_ros2
[ 27%] Built target allan_variance_ros2_msg__rosidl_typesupport_fastrtps_cpp
[ 27%] Built target allan_variance_ros2_msg__rosidl_typesupport_c
[ 35%] Built target allan_variance_ros2_msg__rosidl_typesupport_fastrtps_c
[ 45%] Built target allan_variance_ros2
[ 54%] Built target allan_variance_ros2_msg__rosidl_typesupport_cpp
[ 62%] Built target allan_variance_ros2_msg__rosidl_typesupport_introspection_c
[ 70%] Built target allan_variance_ros2_msg__rosidl_typesupport_introspection_cpp
[35m[1mConsolidate compiler generated dependencies of target allan_variance[0m
[ 70%] Built target allan_variance_ros2_msg
[ 75%] Built target allan_variance
[ 78%] Built target allan_variance_ros2_msg__py
[ 83%] Built target allan_variance_ros2_msg__rosidl_generator_py
[100%] Built target allan_variance_ros2__rosidl_typesupport_c__pyext
[100%] Built target allan_variance_ros2__rosidl_typesupport_introspection_c__pyext
[100%] Built target allan_variance_ros2__rosidl_typesupport_fastrtps_c__pyext
running egg_info
writing allan_variance_ros2.egg-info/PKG-INFO
writing dependency_links to allan_variance_ros2.egg-info/dependency_links.txt
writing top-level names to allan_variance_ros2.egg-info/top_level.txt
reading manifest file 'allan_variance_ros2.egg-info/SOURCES.txt'
writing manifest file 'allan_variance_ros2.egg-info/SOURCES.txt'
[100%] Built target ament_cmake_python_build_allan_variance_ros2_egg
-- Install configuration: ""
-- Execute custom install script
-- Up-to-date symlink: /home/ws/install/allan_variance_ros2/include/allan_variance_ros2/AllanVarianceComputor.hpp
-- Up-to-date symlink: /home/ws/install/allan_variance_ros2/include/allan_variance_ros2/ImuMeasurement.hpp
-- Up-to-date symlink: /home/ws/install/allan_variance_ros2/include/allan_variance_ros2/yaml_parsers.hpp
-- Up-to-date symlink: /home/ws/install/allan_variance_ros2/lib/allan_variance_ros2/allan_variance
-- Up-to-date symlink: /home/ws/install/allan_variance_ros2/share/allan_variance_ros2/launch/record.launch
-- Up-to-date symlink: /home/ws/install/allan_variance_ros2/share/ament_index/resource_index/rosidl_interfaces/allan_variance_ros2
-- Up-to-date symlink: /home/ws/install/allan_variance_ros2/include/allan_variance_ros2/allan_variance_ros2/msg/detail/imu9_do_f__functions.h
-- Up-to-date symlink: /home/ws/install/allan_variance_ros2/include/allan_variance_ros2/allan_variance_ros2/msg/detail/imu9_do_f__struct.h
-- Up-to-date symlink: /home/ws/install/allan_variance_ros2/include/allan_variance_ros2/allan_variance_ros2/msg/detail/imu9_do_f__type_support.h
-- Up-to-date symlink: /home/ws/install/allan_variance_ros2/include/allan_variance_ros2/allan_variance_ros2/msg/imu9_do_f.h
-- Up-to-date symlink: /home/ws/install/allan_variance_ros2/include/allan_variance_ros2/allan_variance_ros2/msg/rosidl_generator_c__visibility_control.h
-- Up-to-date symlink: /home/ws/install/allan_variance_ros2/share/allan_variance_ros2/environment/library_path.sh
-- Up-to-date symlink: /home/ws/install/allan_variance_ros2/share/allan_variance_ros2/environment/library_path.dsv
-- Up-to-date symlink: /home/ws/install/allan_variance_ros2/include/allan_variance_ros2/allan_variance_ros2/msg/detail/imu9_do_f__rosidl_typesupport_fastrtps_c.h
-- Up-to-date symlink: /home/ws/install/allan_variance_ros2/include/allan_variance_ros2/allan_variance_ros2/msg/rosidl_typesupport_fastrtps_c__visibility_control.h
-- Up-to-date symlink: /home/ws/install/allan_variance_ros2/include/allan_variance_ros2/allan_variance_ros2/msg/detail/imu9_do_f__builder.hpp
-- Up-to-date symlink: /home/ws/install/allan_variance_ros2/include/allan_variance_ros2/allan_variance_ros2/msg/detail/imu9_do_f__struct.hpp
-- Up-to-date symlink: /home/ws/install/allan_variance_ros2/include/allan_variance_ros2/allan_variance_ros2/msg/detail/imu9_do_f__traits.hpp
-- Up-to-date symlink: /home/ws/install/allan_variance_ros2/include/allan_variance_ros2/allan_variance_ros2/msg/imu9_do_f.hpp
-- Up-to-date symlink: /home/ws/install/allan_variance_ros2/include/allan_variance_ros2/allan_variance_ros2/msg/detail/imu9_do_f__rosidl_typesupport_fastrtps_cpp.hpp
-- Up-to-date symlink: /home/ws/install/allan_variance_ros2/include/allan_variance_ros2/allan_variance_ros2/msg/rosidl_typesupport_fastrtps_cpp__visibility_control.h
-- Up-to-date symlink: /home/ws/install/allan_variance_ros2/include/allan_variance_ros2/allan_variance_ros2/msg/detail/imu9_do_f__rosidl_typesupport_introspection_c.h
-- Up-to-date symlink: /home/ws/install/allan_variance_ros2/include/allan_variance_ros2/allan_variance_ros2/msg/rosidl_typesupport_introspection_c__visibility_control.h
-- Up-to-date symlink: /home/ws/install/allan_variance_ros2/include/allan_variance_ros2/allan_variance_ros2/msg/detail/imu9_do_f__rosidl_typesupport_introspection_cpp.hpp
-- Up-to-date symlink: /home/ws/install/allan_variance_ros2/share/allan_variance_ros2/environment/pythonpath.sh
-- Up-to-date symlink: /home/ws/install/allan_variance_ros2/share/allan_variance_ros2/environment/pythonpath.dsv
-- Up-to-date symlink: /home/ws/install/allan_variance_ros2/local/lib/python3.10/dist-packages/allan_variance_ros2-0.0.1-py3.10.egg-info/PKG-INFO
-- Up-to-date symlink: /home/ws/install/allan_variance_ros2/local/lib/python3.10/dist-packages/allan_variance_ros2-0.0.1-py3.10.egg-info/SOURCES.txt
-- Up-to-date symlink: /home/ws/install/allan_variance_ros2/local/lib/python3.10/dist-packages/allan_variance_ros2-0.0.1-py3.10.egg-info/dependency_links.txt
-- Up-to-date symlink: /home/ws/install/allan_variance_ros2/local/lib/python3.10/dist-packages/allan_variance_ros2-0.0.1-py3.10.egg-info/top_level.txt
-- Up-to-date symlink: /home/ws/install/allan_variance_ros2/local/lib/python3.10/dist-packages/allan_variance_ros2/__init__.py
-- Up-to-date symlink: /home/ws/install/allan_variance_ros2/local/lib/python3.10/dist-packages/allan_variance_ros2/_allan_variance_ros2_s.ep.rosidl_typesupport_c.c
-- Up-to-date symlink: /home/ws/install/allan_variance_ros2/local/lib/python3.10/dist-packages/allan_variance_ros2/_allan_variance_ros2_s.ep.rosidl_typesupport_fastrtps_c.c
-- Up-to-date symlink: /home/ws/install/allan_variance_ros2/local/lib/python3.10/dist-packages/allan_variance_ros2/_allan_variance_ros2_s.ep.rosidl_typesupport_introspection_c.c
-- Up-to-date symlink: /home/ws/install/allan_variance_ros2/local/lib/python3.10/dist-packages/allan_variance_ros2/allan_variance_ros2_s__rosidl_typesupport_c.cpython-310-x86_64-linux-gnu.so
-- Up-to-date symlink: /home/ws/install/allan_variance_ros2/local/lib/python3.10/dist-packages/allan_variance_ros2/allan_variance_ros2_s__rosidl_typesupport_fastrtps_c.cpython-310-x86_64-linux-gnu.so
-- Up-to-date symlink: /home/ws/install/allan_variance_ros2/local/lib/python3.10/dist-packages/allan_variance_ros2/allan_variance_ros2_s__rosidl_typesupport_introspection_c.cpython-310-x86_64-linux-gnu.so
-- Up-to-date symlink: /home/ws/install/allan_variance_ros2/local/lib/python3.10/dist-packages/allan_variance_ros2/liballan_variance_ros2_msg__rosidl_generator_py.so
-- Up-to-date symlink: /home/ws/install/allan_variance_ros2/local/lib/python3.10/dist-packages/allan_variance_ros2/msg/__init__.py
-- Up-to-date symlink: /home/ws/install/allan_variance_ros2/local/lib/python3.10/dist-packages/allan_variance_ros2/msg/_imu9_do_f.py
-- Up-to-date symlink: /home/ws/install/allan_variance_ros2/local/lib/python3.10/dist-packages/allan_variance_ros2/msg/_imu9_do_f_s.c
-- Up-to-date symlink: /home/ws/install/allan_variance_ros2/local/lib/python3.10/dist-packages/allan_variance_ros2/allan_variance_ros2_s__rosidl_typesupport_fastrtps_c.cpython-310-x86_64-linux-gnu.so
-- Up-to-date symlink: /home/ws/install/allan_variance_ros2/local/lib/python3.10/dist-packages/allan_variance_ros2/allan_variance_ros2_s__rosidl_typesupport_introspection_c.cpython-310-x86_64-linux-gnu.so
-- Up-to-date symlink: /home/ws/install/allan_variance_ros2/local/lib/python3.10/dist-packages/allan_variance_ros2/allan_variance_ros2_s__rosidl_typesupport_c.cpython-310-x86_64-linux-gnu.so
-- Up-to-date symlink: /home/ws/install/allan_variance_ros2/share/allan_variance_ros2/msg/Imu9DoF.idl
-- Up-to-date symlink: /home/ws/install/allan_variance_ros2/share/allan_variance_ros2/msg/Imu9DoF.msg
-- Up-to-date symlink: /home/ws/install/allan_variance_ros2/share/ament_index/resource_index/package_run_dependencies/allan_variance_ros2
-- Up-to-date symlink: /home/ws/install/allan_variance_ros2/share/ament_index/resource_index/parent_prefix_path/allan_variance_ros2
-- Up-to-date symlink: /home/ws/install/allan_variance_ros2/share/allan_variance_ros2/environment/ament_prefix_path.sh
-- Up-to-date symlink: /home/ws/install/allan_variance_ros2/share/allan_variance_ros2/environment/ament_prefix_path.dsv
-- Up-to-date symlink: /home/ws/install/allan_variance_ros2/share/allan_variance_ros2/environment/path.sh
-- Up-to-date symlink: /home/ws/install/allan_variance_ros2/share/allan_variance_ros2/environment/path.dsv
-- Up-to-date symlink: /home/ws/install/allan_variance_ros2/share/allan_variance_ros2/local_setup.bash
-- Up-to-date symlink: /home/ws/install/allan_variance_ros2/share/allan_variance_ros2/local_setup.sh
-- Up-to-date symlink: /home/ws/install/allan_variance_ros2/share/allan_variance_ros2/local_setup.zsh
-- Up-to-date symlink: /home/ws/install/allan_variance_ros2/share/allan_variance_ros2/local_setup.dsv
-- Symlinking: /home/ws/install/allan_variance_ros2/share/allan_variance_ros2/package.dsv
-- Up-to-date symlink: /home/ws/install/allan_variance_ros2/share/ament_index/resource_index/packages/allan_variance_ros2
-- Up-to-date symlink: /home/ws/install/allan_variance_ros2/share/allan_variance_ros2/cmake/ConfigExtras.cmake
-- Up-to-date symlink: /home/ws/install/allan_variance_ros2/share/allan_variance_ros2/cmake/rosidl_cmake-extras.cmake
-- Up-to-date symlink: /home/ws/install/allan_variance_ros2/share/allan_variance_ros2/cmake/ament_cmake_export_dependencies-extras.cmake
-- Up-to-date symlink: /home/ws/install/allan_variance_ros2/share/allan_variance_ros2/cmake/ament_cmake_export_include_directories-extras.cmake
-- Up-to-date symlink: /home/ws/install/allan_variance_ros2/share/allan_variance_ros2/cmake/ament_cmake_export_libraries-extras.cmake
-- Up-to-date symlink: /home/ws/install/allan_variance_ros2/share/allan_variance_ros2/cmake/ament_cmake_export_targets-extras.cmake
-- Up-to-date symlink: /home/ws/install/allan_variance_ros2/share/allan_variance_ros2/cmake/rosidl_cmake_export_typesupport_targets-extras.cmake
-- Up-to-date symlink: /home/ws/install/allan_variance_ros2/share/allan_variance_ros2/cmake/rosidl_cmake_export_typesupport_libraries-extras.cmake
-- Up-to-date symlink: /home/ws/install/allan_variance_ros2/share/allan_variance_ros2/cmake/allan_variance_ros2Config.cmake
-- Up-to-date symlink: /home/ws/install/allan_variance_ros2/share/allan_variance_ros2/cmake/allan_variance_ros2Config-version.cmake
-- Up-to-date symlink: /home/ws/install/allan_variance_ros2/share/allan_variance_ros2/package.xml
-- Up-to-date: /home/ws/install/allan_variance_ros2/lib/liballan_variance_ros2_msg__rosidl_generator_c.so
-- Up-to-date: /home/ws/install/allan_variance_ros2/lib/liballan_variance_ros2_msg__rosidl_typesupport_fastrtps_c.so
-- Up-to-date: /home/ws/install/allan_variance_ros2/lib/liballan_variance_ros2_msg__rosidl_typesupport_fastrtps_cpp.so
-- Up-to-date: /home/ws/install/allan_variance_ros2/lib/liballan_variance_ros2_msg__rosidl_typesupport_introspection_c.so
-- Up-to-date: /home/ws/install/allan_variance_ros2/lib/liballan_variance_ros2_msg__rosidl_typesupport_c.so
-- Up-to-date: /home/ws/install/allan_variance_ros2/lib/liballan_variance_ros2_msg__rosidl_typesupport_introspection_cpp.so
-- Up-to-date: /home/ws/install/allan_variance_ros2/lib/liballan_variance_ros2_msg__rosidl_typesupport_cpp.so
Listing '/home/ws/install/allan_variance_ros2/local/lib/python3.10/dist-packages/allan_variance_ros2'...
Listing '/home/ws/install/allan_variance_ros2/local/lib/python3.10/dist-packages/allan_variance_ros2/msg'...
-- Up-to-date: /home/ws/install/allan_variance_ros2/lib/liballan_variance_ros2_msg__rosidl_generator_py.so
-- Up-to-date: /home/ws/install/allan_variance_ros2/share/allan_variance_ros2/cmake/export_allan_variance_ros2_msg__rosidl_generator_cExport.cmake
-- Up-to-date: /home/ws/install/allan_variance_ros2/share/allan_variance_ros2/cmake/export_allan_variance_ros2_msg__rosidl_generator_cExport-noconfig.cmake
-- Up-to-date: /home/ws/install/allan_variance_ros2/share/allan_variance_ros2/cmake/export_allan_variance_ros2_msg__rosidl_typesupport_fastrtps_cExport.cmake
-- Up-to-date: /home/ws/install/allan_variance_ros2/share/allan_variance_ros2/cmake/export_allan_variance_ros2_msg__rosidl_typesupport_fastrtps_cExport-noconfig.cmake
-- Up-to-date: /home/ws/install/allan_variance_ros2/share/allan_variance_ros2/cmake/export_allan_variance_ros2_msg__rosidl_generator_cppExport.cmake
-- Up-to-date: /home/ws/install/allan_variance_ros2/share/allan_variance_ros2/cmake/export_allan_variance_ros2_msg__rosidl_typesupport_fastrtps_cppExport.cmake
-- Up-to-date: /home/ws/install/allan_variance_ros2/share/allan_variance_ros2/cmake/export_allan_variance_ros2_msg__rosidl_typesupport_fastrtps_cppExport-noconfig.cmake
-- Up-to-date: /home/ws/install/allan_variance_ros2/share/allan_variance_ros2/cmake/allan_variance_ros2_msg__rosidl_typesupport_introspection_cExport.cmake
-- Up-to-date: /home/ws/install/allan_variance_ros2/share/allan_variance_ros2/cmake/allan_variance_ros2_msg__rosidl_typesupport_introspection_cExport-noconfig.cmake
-- Up-to-date: /home/ws/install/allan_variance_ros2/share/allan_variance_ros2/cmake/allan_variance_ros2_msg__rosidl_typesupport_cExport.cmake
-- Up-to-date: /home/ws/install/allan_variance_ros2/share/allan_variance_ros2/cmake/allan_variance_ros2_msg__rosidl_typesupport_cExport-noconfig.cmake
-- Up-to-date: /home/ws/install/allan_variance_ros2/share/allan_variance_ros2/cmake/allan_variance_ros2_msg__rosidl_typesupport_introspection_cppExport.cmake
-- Up-to-date: /home/ws/install/allan_variance_ros2/share/allan_variance_ros2/cmake/allan_variance_ros2_msg__rosidl_typesupport_introspection_cppExport-noconfig.cmake
-- Up-to-date: /home/ws/install/allan_variance_ros2/share/allan_variance_ros2/cmake/allan_variance_ros2_msg__rosidl_typesupport_cppExport.cmake
-- Up-to-date: /home/ws/install/allan_variance_ros2/share/allan_variance_ros2/cmake/allan_variance_ros2_msg__rosidl_typesupport_cppExport-noconfig.cmake
-- Up-to-date: /home/ws/install/allan_variance_ros2/share/allan_variance_ros2/cmake/export_allan_variance_ros2_msg__rosidl_generator_pyExport.cmake
-- Up-to-date: /home/ws/install/allan_variance_ros2/share/allan_variance_ros2/cmake/export_allan_variance_ros2_msg__rosidl_generator_pyExport-noconfig.cmake
