[0.015s] Invoking command in '/home/ws/build/allan_variance_ros2': CMAKE_PREFIX_PATH=${CMAKE_PREFIX_PATH}:/opt/ros/humble /usr/bin/cmake --build /home/ws/build/allan_variance_ros2 -- -j12 -l12
[0.048s] [35m[1mConsolidate compiler generated dependencies of target allan_variance_ros2[0m
[0.054s] [  2%] Built target allan_variance_ros2_msg__cpp
[0.055s] [ 10%] Built target allan_variance_ros2_msg__rosidl_generator_c
[0.061s] [ 10%] Built target ament_cmake_python_symlink_allan_variance_ros2
[0.075s] [ 27%] Built target allan_variance_ros2_msg__rosidl_typesupport_fastrtps_cpp
[0.075s] [ 27%] Built target allan_variance_ros2_msg__rosidl_typesupport_c
[0.076s] [ 35%] Built target allan_variance_ros2_msg__rosidl_typesupport_fastrtps_c
[0.076s] [ 45%] Built target allan_variance_ros2
[0.076s] [ 54%] Built target allan_variance_ros2_msg__rosidl_typesupport_cpp
[0.076s] [ 62%] Built target allan_variance_ros2_msg__rosidl_typesupport_introspection_c
[0.076s] [ 70%] Built target allan_variance_ros2_msg__rosidl_typesupport_introspection_cpp
[0.083s] [35m[1mConsolidate compiler generated dependencies of target allan_variance[0m
[0.092s] [ 70%] Built target allan_variance_ros2_msg
[0.100s] [ 75%] Built target allan_variance
[0.108s] [ 78%] Built target allan_variance_ros2_msg__py
[0.125s] [ 83%] Built target allan_variance_ros2_msg__rosidl_generator_py
[0.141s] [100%] Built target allan_variance_ros2__rosidl_typesupport_c__pyext
[0.141s] [100%] Built target allan_variance_ros2__rosidl_typesupport_introspection_c__pyext
[0.141s] [100%] Built target allan_variance_ros2__rosidl_typesupport_fastrtps_c__pyext
[0.252s] running egg_info
[0.252s] writing allan_variance_ros2.egg-info/PKG-INFO
[0.253s] writing dependency_links to allan_variance_ros2.egg-info/dependency_links.txt
[0.253s] writing top-level names to allan_variance_ros2.egg-info/top_level.txt
[0.255s] reading manifest file 'allan_variance_ros2.egg-info/SOURCES.txt'
[0.255s] writing manifest file 'allan_variance_ros2.egg-info/SOURCES.txt'
[0.273s] [100%] Built target ament_cmake_python_build_allan_variance_ros2_egg
[0.283s] Invoked command in '/home/ws/build/allan_variance_ros2' returned '0': CMAKE_PREFIX_PATH=${CMAKE_PREFIX_PATH}:/opt/ros/humble /usr/bin/cmake --build /home/ws/build/allan_variance_ros2 -- -j12 -l12
[0.333s] Invoking command in '/home/ws/build/allan_variance_ros2': CMAKE_PREFIX_PATH=${CMAKE_PREFIX_PATH}:/opt/ros/humble /usr/bin/cmake --install /home/ws/build/allan_variance_ros2
[0.338s] -- Install configuration: ""
[0.339s] -- Execute custom install script
[0.339s] -- Up-to-date symlink: /home/ws/install/allan_variance_ros2/include/allan_variance_ros2/AllanVarianceComputor.hpp
[0.339s] -- Up-to-date symlink: /home/ws/install/allan_variance_ros2/include/allan_variance_ros2/ImuMeasurement.hpp
[0.339s] -- Up-to-date symlink: /home/ws/install/allan_variance_ros2/include/allan_variance_ros2/yaml_parsers.hpp
[0.339s] -- Up-to-date symlink: /home/ws/install/allan_variance_ros2/lib/allan_variance_ros2/allan_variance
[0.340s] -- Up-to-date symlink: /home/ws/install/allan_variance_ros2/share/allan_variance_ros2/launch/record.launch
[0.340s] -- Up-to-date symlink: /home/ws/install/allan_variance_ros2/share/ament_index/resource_index/rosidl_interfaces/allan_variance_ros2
[0.340s] -- Up-to-date symlink: /home/ws/install/allan_variance_ros2/include/allan_variance_ros2/allan_variance_ros2/msg/detail/imu9_do_f__functions.h
[0.340s] -- Up-to-date symlink: /home/ws/install/allan_variance_ros2/include/allan_variance_ros2/allan_variance_ros2/msg/detail/imu9_do_f__struct.h
[0.340s] -- Up-to-date symlink: /home/ws/install/allan_variance_ros2/include/allan_variance_ros2/allan_variance_ros2/msg/detail/imu9_do_f__type_support.h
[0.340s] -- Up-to-date symlink: /home/ws/install/allan_variance_ros2/include/allan_variance_ros2/allan_variance_ros2/msg/imu9_do_f.h
[0.340s] -- Up-to-date symlink: /home/ws/install/allan_variance_ros2/include/allan_variance_ros2/allan_variance_ros2/msg/rosidl_generator_c__visibility_control.h
[0.340s] -- Up-to-date symlink: /home/ws/install/allan_variance_ros2/share/allan_variance_ros2/environment/library_path.sh
[0.341s] -- Up-to-date symlink: /home/ws/install/allan_variance_ros2/share/allan_variance_ros2/environment/library_path.dsv
[0.341s] -- Up-to-date symlink: /home/ws/install/allan_variance_ros2/include/allan_variance_ros2/allan_variance_ros2/msg/detail/imu9_do_f__rosidl_typesupport_fastrtps_c.h
[0.341s] -- Up-to-date symlink: /home/ws/install/allan_variance_ros2/include/allan_variance_ros2/allan_variance_ros2/msg/rosidl_typesupport_fastrtps_c__visibility_control.h
[0.341s] -- Up-to-date symlink: /home/ws/install/allan_variance_ros2/include/allan_variance_ros2/allan_variance_ros2/msg/detail/imu9_do_f__builder.hpp
[0.341s] -- Up-to-date symlink: /home/ws/install/allan_variance_ros2/include/allan_variance_ros2/allan_variance_ros2/msg/detail/imu9_do_f__struct.hpp
[0.341s] -- Up-to-date symlink: /home/ws/install/allan_variance_ros2/include/allan_variance_ros2/allan_variance_ros2/msg/detail/imu9_do_f__traits.hpp
[0.342s] -- Up-to-date symlink: /home/ws/install/allan_variance_ros2/include/allan_variance_ros2/allan_variance_ros2/msg/imu9_do_f.hpp
[0.342s] -- Up-to-date symlink: /home/ws/install/allan_variance_ros2/include/allan_variance_ros2/allan_variance_ros2/msg/detail/imu9_do_f__rosidl_typesupport_fastrtps_cpp.hpp
[0.342s] -- Up-to-date symlink: /home/ws/install/allan_variance_ros2/include/allan_variance_ros2/allan_variance_ros2/msg/rosidl_typesupport_fastrtps_cpp__visibility_control.h
[0.342s] -- Up-to-date symlink: /home/ws/install/allan_variance_ros2/include/allan_variance_ros2/allan_variance_ros2/msg/detail/imu9_do_f__rosidl_typesupport_introspection_c.h
[0.342s] -- Up-to-date symlink: /home/ws/install/allan_variance_ros2/include/allan_variance_ros2/allan_variance_ros2/msg/rosidl_typesupport_introspection_c__visibility_control.h
[0.342s] -- Up-to-date symlink: /home/ws/install/allan_variance_ros2/include/allan_variance_ros2/allan_variance_ros2/msg/detail/imu9_do_f__rosidl_typesupport_introspection_cpp.hpp
[0.342s] -- Up-to-date symlink: /home/ws/install/allan_variance_ros2/share/allan_variance_ros2/environment/pythonpath.sh
[0.343s] -- Up-to-date symlink: /home/ws/install/allan_variance_ros2/share/allan_variance_ros2/environment/pythonpath.dsv
[0.343s] -- Up-to-date symlink: /home/ws/install/allan_variance_ros2/local/lib/python3.10/dist-packages/allan_variance_ros2-0.0.1-py3.10.egg-info/PKG-INFO
[0.343s] -- Up-to-date symlink: /home/ws/install/allan_variance_ros2/local/lib/python3.10/dist-packages/allan_variance_ros2-0.0.1-py3.10.egg-info/SOURCES.txt
[0.343s] -- Up-to-date symlink: /home/ws/install/allan_variance_ros2/local/lib/python3.10/dist-packages/allan_variance_ros2-0.0.1-py3.10.egg-info/dependency_links.txt
[0.343s] -- Up-to-date symlink: /home/ws/install/allan_variance_ros2/local/lib/python3.10/dist-packages/allan_variance_ros2-0.0.1-py3.10.egg-info/top_level.txt
[0.343s] -- Up-to-date symlink: /home/ws/install/allan_variance_ros2/local/lib/python3.10/dist-packages/allan_variance_ros2/__init__.py
[0.344s] -- Up-to-date symlink: /home/ws/install/allan_variance_ros2/local/lib/python3.10/dist-packages/allan_variance_ros2/_allan_variance_ros2_s.ep.rosidl_typesupport_c.c
[0.344s] -- Up-to-date symlink: /home/ws/install/allan_variance_ros2/local/lib/python3.10/dist-packages/allan_variance_ros2/_allan_variance_ros2_s.ep.rosidl_typesupport_fastrtps_c.c
[0.344s] -- Up-to-date symlink: /home/ws/install/allan_variance_ros2/local/lib/python3.10/dist-packages/allan_variance_ros2/_allan_variance_ros2_s.ep.rosidl_typesupport_introspection_c.c
[0.344s] -- Up-to-date symlink: /home/ws/install/allan_variance_ros2/local/lib/python3.10/dist-packages/allan_variance_ros2/allan_variance_ros2_s__rosidl_typesupport_c.cpython-310-x86_64-linux-gnu.so
[0.344s] -- Up-to-date symlink: /home/ws/install/allan_variance_ros2/local/lib/python3.10/dist-packages/allan_variance_ros2/allan_variance_ros2_s__rosidl_typesupport_fastrtps_c.cpython-310-x86_64-linux-gnu.so
[0.344s] -- Up-to-date symlink: /home/ws/install/allan_variance_ros2/local/lib/python3.10/dist-packages/allan_variance_ros2/allan_variance_ros2_s__rosidl_typesupport_introspection_c.cpython-310-x86_64-linux-gnu.so
[0.344s] -- Up-to-date symlink: /home/ws/install/allan_variance_ros2/local/lib/python3.10/dist-packages/allan_variance_ros2/liballan_variance_ros2_msg__rosidl_generator_py.so
[0.344s] -- Up-to-date symlink: /home/ws/install/allan_variance_ros2/local/lib/python3.10/dist-packages/allan_variance_ros2/msg/__init__.py
[0.344s] -- Up-to-date symlink: /home/ws/install/allan_variance_ros2/local/lib/python3.10/dist-packages/allan_variance_ros2/msg/_imu9_do_f.py
[0.344s] -- Up-to-date symlink: /home/ws/install/allan_variance_ros2/local/lib/python3.10/dist-packages/allan_variance_ros2/msg/_imu9_do_f_s.c
[0.344s] -- Up-to-date symlink: /home/ws/install/allan_variance_ros2/local/lib/python3.10/dist-packages/allan_variance_ros2/allan_variance_ros2_s__rosidl_typesupport_fastrtps_c.cpython-310-x86_64-linux-gnu.so
[0.345s] -- Up-to-date symlink: /home/ws/install/allan_variance_ros2/local/lib/python3.10/dist-packages/allan_variance_ros2/allan_variance_ros2_s__rosidl_typesupport_introspection_c.cpython-310-x86_64-linux-gnu.so
[0.345s] -- Up-to-date symlink: /home/ws/install/allan_variance_ros2/local/lib/python3.10/dist-packages/allan_variance_ros2/allan_variance_ros2_s__rosidl_typesupport_c.cpython-310-x86_64-linux-gnu.so
[0.345s] -- Up-to-date symlink: /home/ws/install/allan_variance_ros2/share/allan_variance_ros2/msg/Imu9DoF.idl
[0.345s] -- Up-to-date symlink: /home/ws/install/allan_variance_ros2/share/allan_variance_ros2/msg/Imu9DoF.msg
[0.345s] -- Up-to-date symlink: /home/ws/install/allan_variance_ros2/share/ament_index/resource_index/package_run_dependencies/allan_variance_ros2
[0.345s] -- Up-to-date symlink: /home/ws/install/allan_variance_ros2/share/ament_index/resource_index/parent_prefix_path/allan_variance_ros2
[0.346s] -- Up-to-date symlink: /home/ws/install/allan_variance_ros2/share/allan_variance_ros2/environment/ament_prefix_path.sh
[0.346s] -- Up-to-date symlink: /home/ws/install/allan_variance_ros2/share/allan_variance_ros2/environment/ament_prefix_path.dsv
[0.346s] -- Up-to-date symlink: /home/ws/install/allan_variance_ros2/share/allan_variance_ros2/environment/path.sh
[0.346s] -- Up-to-date symlink: /home/ws/install/allan_variance_ros2/share/allan_variance_ros2/environment/path.dsv
[0.346s] -- Up-to-date symlink: /home/ws/install/allan_variance_ros2/share/allan_variance_ros2/local_setup.bash
[0.346s] -- Up-to-date symlink: /home/ws/install/allan_variance_ros2/share/allan_variance_ros2/local_setup.sh
[0.346s] -- Up-to-date symlink: /home/ws/install/allan_variance_ros2/share/allan_variance_ros2/local_setup.zsh
[0.346s] -- Up-to-date symlink: /home/ws/install/allan_variance_ros2/share/allan_variance_ros2/local_setup.dsv
[0.346s] -- Symlinking: /home/ws/install/allan_variance_ros2/share/allan_variance_ros2/package.dsv
[0.353s] -- Up-to-date symlink: /home/ws/install/allan_variance_ros2/share/ament_index/resource_index/packages/allan_variance_ros2
[0.353s] -- Up-to-date symlink: /home/ws/install/allan_variance_ros2/share/allan_variance_ros2/cmake/ConfigExtras.cmake
[0.353s] -- Up-to-date symlink: /home/ws/install/allan_variance_ros2/share/allan_variance_ros2/cmake/rosidl_cmake-extras.cmake
[0.353s] -- Up-to-date symlink: /home/ws/install/allan_variance_ros2/share/allan_variance_ros2/cmake/ament_cmake_export_dependencies-extras.cmake
[0.353s] -- Up-to-date symlink: /home/ws/install/allan_variance_ros2/share/allan_variance_ros2/cmake/ament_cmake_export_include_directories-extras.cmake
[0.353s] -- Up-to-date symlink: /home/ws/install/allan_variance_ros2/share/allan_variance_ros2/cmake/ament_cmake_export_libraries-extras.cmake
[0.353s] -- Up-to-date symlink: /home/ws/install/allan_variance_ros2/share/allan_variance_ros2/cmake/ament_cmake_export_targets-extras.cmake
[0.354s] -- Up-to-date symlink: /home/ws/install/allan_variance_ros2/share/allan_variance_ros2/cmake/rosidl_cmake_export_typesupport_targets-extras.cmake
[0.354s] -- Up-to-date symlink: /home/ws/install/allan_variance_ros2/share/allan_variance_ros2/cmake/rosidl_cmake_export_typesupport_libraries-extras.cmake
[0.354s] -- Up-to-date symlink: /home/ws/install/allan_variance_ros2/share/allan_variance_ros2/cmake/allan_variance_ros2Config.cmake
[0.354s] -- Up-to-date symlink: /home/ws/install/allan_variance_ros2/share/allan_variance_ros2/cmake/allan_variance_ros2Config-version.cmake
[0.354s] -- Up-to-date symlink: /home/ws/install/allan_variance_ros2/share/allan_variance_ros2/package.xml
[0.354s] -- Up-to-date: /home/ws/install/allan_variance_ros2/lib/liballan_variance_ros2_msg__rosidl_generator_c.so
[0.354s] -- Up-to-date: /home/ws/install/allan_variance_ros2/lib/liballan_variance_ros2_msg__rosidl_typesupport_fastrtps_c.so
[0.354s] -- Up-to-date: /home/ws/install/allan_variance_ros2/lib/liballan_variance_ros2_msg__rosidl_typesupport_fastrtps_cpp.so
[0.355s] -- Up-to-date: /home/ws/install/allan_variance_ros2/lib/liballan_variance_ros2_msg__rosidl_typesupport_introspection_c.so
[0.355s] -- Up-to-date: /home/ws/install/allan_variance_ros2/lib/liballan_variance_ros2_msg__rosidl_typesupport_c.so
[0.355s] -- Up-to-date: /home/ws/install/allan_variance_ros2/lib/liballan_variance_ros2_msg__rosidl_typesupport_introspection_cpp.so
[0.355s] -- Up-to-date: /home/ws/install/allan_variance_ros2/lib/liballan_variance_ros2_msg__rosidl_typesupport_cpp.so
[0.379s] Listing '/home/ws/install/allan_variance_ros2/local/lib/python3.10/dist-packages/allan_variance_ros2'...
[0.380s] Listing '/home/ws/install/allan_variance_ros2/local/lib/python3.10/dist-packages/allan_variance_ros2/msg'...
[0.383s] -- Up-to-date: /home/ws/install/allan_variance_ros2/lib/liballan_variance_ros2_msg__rosidl_generator_py.so
[0.383s] -- Up-to-date: /home/ws/install/allan_variance_ros2/share/allan_variance_ros2/cmake/export_allan_variance_ros2_msg__rosidl_generator_cExport.cmake
[0.383s] -- Up-to-date: /home/ws/install/allan_variance_ros2/share/allan_variance_ros2/cmake/export_allan_variance_ros2_msg__rosidl_generator_cExport-noconfig.cmake
[0.383s] -- Up-to-date: /home/ws/install/allan_variance_ros2/share/allan_variance_ros2/cmake/export_allan_variance_ros2_msg__rosidl_typesupport_fastrtps_cExport.cmake
[0.383s] -- Up-to-date: /home/ws/install/allan_variance_ros2/share/allan_variance_ros2/cmake/export_allan_variance_ros2_msg__rosidl_typesupport_fastrtps_cExport-noconfig.cmake
[0.383s] -- Up-to-date: /home/ws/install/allan_variance_ros2/share/allan_variance_ros2/cmake/export_allan_variance_ros2_msg__rosidl_generator_cppExport.cmake
[0.383s] -- Up-to-date: /home/ws/install/allan_variance_ros2/share/allan_variance_ros2/cmake/export_allan_variance_ros2_msg__rosidl_typesupport_fastrtps_cppExport.cmake
[0.383s] -- Up-to-date: /home/ws/install/allan_variance_ros2/share/allan_variance_ros2/cmake/export_allan_variance_ros2_msg__rosidl_typesupport_fastrtps_cppExport-noconfig.cmake
[0.384s] -- Up-to-date: /home/ws/install/allan_variance_ros2/share/allan_variance_ros2/cmake/allan_variance_ros2_msg__rosidl_typesupport_introspection_cExport.cmake
[0.384s] -- Up-to-date: /home/ws/install/allan_variance_ros2/share/allan_variance_ros2/cmake/allan_variance_ros2_msg__rosidl_typesupport_introspection_cExport-noconfig.cmake
[0.384s] -- Up-to-date: /home/ws/install/allan_variance_ros2/share/allan_variance_ros2/cmake/allan_variance_ros2_msg__rosidl_typesupport_cExport.cmake
[0.384s] -- Up-to-date: /home/ws/install/allan_variance_ros2/share/allan_variance_ros2/cmake/allan_variance_ros2_msg__rosidl_typesupport_cExport-noconfig.cmake
[0.384s] -- Up-to-date: /home/ws/install/allan_variance_ros2/share/allan_variance_ros2/cmake/allan_variance_ros2_msg__rosidl_typesupport_introspection_cppExport.cmake
[0.384s] -- Up-to-date: /home/ws/install/allan_variance_ros2/share/allan_variance_ros2/cmake/allan_variance_ros2_msg__rosidl_typesupport_introspection_cppExport-noconfig.cmake
[0.384s] -- Up-to-date: /home/ws/install/allan_variance_ros2/share/allan_variance_ros2/cmake/allan_variance_ros2_msg__rosidl_typesupport_cppExport.cmake
[0.384s] -- Up-to-date: /home/ws/install/allan_variance_ros2/share/allan_variance_ros2/cmake/allan_variance_ros2_msg__rosidl_typesupport_cppExport-noconfig.cmake
[0.384s] -- Up-to-date: /home/ws/install/allan_variance_ros2/share/allan_variance_ros2/cmake/export_allan_variance_ros2_msg__rosidl_generator_pyExport.cmake
[0.384s] -- Up-to-date: /home/ws/install/allan_variance_ros2/share/allan_variance_ros2/cmake/export_allan_variance_ros2_msg__rosidl_generator_pyExport-noconfig.cmake
[0.386s] Invoked command in '/home/ws/build/allan_variance_ros2' returned '0': CMAKE_PREFIX_PATH=${CMAKE_PREFIX_PATH}:/opt/ros/humble /usr/bin/cmake --install /home/ws/build/allan_variance_ros2
