[0.006s] Invoking command in '/home/ws/build/allan_variance_ros2': AMENT_PREFIX_PATH=/home/ws/install/allan_variance_msgs:${AMENT_PREFIX_PATH} CMAKE_PREFIX_PATH=/home/ws/install/allan_variance_msgs:/opt/ros/humble LD_LIBRARY_PATH=/home/ws/install/allan_variance_msgs/lib:${LD_LIBRARY_PATH} PYTHONPATH=/home/ws/install/allan_variance_msgs/local/lib/python3.10/dist-packages:${PYTHONPATH} /usr/bin/cmake --build /home/ws/build/allan_variance_ros2 -- -j12 -l12
[0.039s] [35m[1mConsolidate compiler generated dependencies of target allan_variance_ros2[0m
[0.055s] [ 66%] Built target allan_variance_ros2
[0.078s] [100%] Built target allan_variance
[0.086s] Invoked command in '/home/ws/build/allan_variance_ros2' returned '0': AMENT_PREFIX_PATH=/home/ws/install/allan_variance_msgs:${AMENT_PREFIX_PATH} CMAKE_PREFIX_PATH=/home/ws/install/allan_variance_msgs:/opt/ros/humble LD_LIBRARY_PATH=/home/ws/install/allan_variance_msgs/lib:${LD_LIBRARY_PATH} PYTHONPATH=/home/ws/install/allan_variance_msgs/local/lib/python3.10/dist-packages:${PYTHONPATH} /usr/bin/cmake --build /home/ws/build/allan_variance_ros2 -- -j12 -l12
[0.108s] Invoking command in '/home/ws/build/allan_variance_ros2': AMENT_PREFIX_PATH=/home/ws/install/allan_variance_msgs:${AMENT_PREFIX_PATH} CMAKE_PREFIX_PATH=/home/ws/install/allan_variance_msgs:/opt/ros/humble LD_LIBRARY_PATH=/home/ws/install/allan_variance_msgs/lib:${LD_LIBRARY_PATH} PYTHONPATH=/home/ws/install/allan_variance_msgs/local/lib/python3.10/dist-packages:${PYTHONPATH} /usr/bin/cmake --install /home/ws/build/allan_variance_ros2
[0.114s] -- Install configuration: ""
[0.114s] -- Execute custom install script
[0.115s] -- Up-to-date symlink: /home/ws/install/allan_variance_ros2/include/allan_variance_ros2/AllanVarianceComputor.hpp
[0.115s] -- Up-to-date symlink: /home/ws/install/allan_variance_ros2/include/allan_variance_ros2/ImuMeasurement.hpp
[0.115s] -- Up-to-date symlink: /home/ws/install/allan_variance_ros2/include/allan_variance_ros2/yaml_parsers.hpp
[0.115s] -- Up-to-date symlink: /home/ws/install/allan_variance_ros2/lib/allan_variance_ros2/allan_variance
[0.116s] -- Up-to-date symlink: /home/ws/install/allan_variance_ros2/share/allan_variance_ros2/launch/record.launch
[0.116s] -- Up-to-date symlink: /home/ws/install/allan_variance_ros2/share/ament_index/resource_index/package_run_dependencies/allan_variance_ros2
[0.116s] -- Up-to-date symlink: /home/ws/install/allan_variance_ros2/share/ament_index/resource_index/parent_prefix_path/allan_variance_ros2
[0.116s] -- Up-to-date symlink: /home/ws/install/allan_variance_ros2/share/allan_variance_ros2/environment/ament_prefix_path.sh
[0.116s] -- Up-to-date symlink: /home/ws/install/allan_variance_ros2/share/allan_variance_ros2/environment/ament_prefix_path.dsv
[0.116s] -- Up-to-date symlink: /home/ws/install/allan_variance_ros2/share/allan_variance_ros2/environment/path.sh
[0.116s] -- Up-to-date symlink: /home/ws/install/allan_variance_ros2/share/allan_variance_ros2/environment/path.dsv
[0.117s] -- Up-to-date symlink: /home/ws/install/allan_variance_ros2/share/allan_variance_ros2/local_setup.bash
[0.117s] -- Up-to-date symlink: /home/ws/install/allan_variance_ros2/share/allan_variance_ros2/local_setup.sh
[0.117s] -- Up-to-date symlink: /home/ws/install/allan_variance_ros2/share/allan_variance_ros2/local_setup.zsh
[0.117s] -- Up-to-date symlink: /home/ws/install/allan_variance_ros2/share/allan_variance_ros2/local_setup.dsv
[0.117s] -- Symlinking: /home/ws/install/allan_variance_ros2/share/allan_variance_ros2/package.dsv
[0.124s] -- Up-to-date symlink: /home/ws/install/allan_variance_ros2/share/ament_index/resource_index/packages/allan_variance_ros2
[0.124s] -- Up-to-date symlink: /home/ws/install/allan_variance_ros2/share/allan_variance_ros2/cmake/ConfigExtras.cmake
[0.125s] -- Up-to-date symlink: /home/ws/install/allan_variance_ros2/share/allan_variance_ros2/cmake/allan_variance_ros2Config.cmake
[0.125s] -- Up-to-date symlink: /home/ws/install/allan_variance_ros2/share/allan_variance_ros2/cmake/allan_variance_ros2Config-version.cmake
[0.125s] -- Up-to-date symlink: /home/ws/install/allan_variance_ros2/share/allan_variance_ros2/package.xml
[0.129s] Invoked command in '/home/ws/build/allan_variance_ros2' returned '0': AMENT_PREFIX_PATH=/home/ws/install/allan_variance_msgs:${AMENT_PREFIX_PATH} CMAKE_PREFIX_PATH=/home/ws/install/allan_variance_msgs:/opt/ros/humble LD_LIBRARY_PATH=/home/ws/install/allan_variance_msgs/lib:${LD_LIBRARY_PATH} PYTHONPATH=/home/ws/install/allan_variance_msgs/local/lib/python3.10/dist-packages:${PYTHONPATH} /usr/bin/cmake --install /home/ws/build/allan_variance_ros2
