[35m[1mConsolidate compiler generated dependencies of target allan_variance_ros2_msg__rosidl_generator_c[0m
[  2%] [32mBuilding CXX object CMakeFiles/allan_variance_ros2.dir/src/yaml_parsers.cpp.o[0m
[ 10%] Built target allan_variance_ros2_msg__rosidl_generator_c
[ 13%] [32mBuilding CXX object CMakeFiles/allan_variance_ros2.dir/src/ImuMeasurement.cpp.o[0m
[ 16%] Built target allan_variance_ros2_msg__cpp
[ 18%] [32mBuilding CXX object CMakeFiles/allan_variance_ros2.dir/src/AllanVarianceComputor.cpp.o[0m
[ 18%] Built target ament_cmake_python_symlink_allan_variance_ros2
[ 24%] [34m[1mGenerating C type support dispatch for ROS interfaces[0m
[ 24%] [34m[1mGenerating C type support for eProsima Fast-RTPS[0m
[35m[1mConsolidate compiler generated dependencies of target allan_variance_ros2_msg__rosidl_typesupport_introspection_cpp[0m
[ 27%] [34m[1mGenerating C introspection for ROS interfaces[0m
[35m[1mConsolidate compiler generated dependencies of target allan_variance_ros2_msg__rosidl_typesupport_cpp[0m
[35m[1mConsolidate compiler generated dependencies of target allan_variance_ros2_msg__rosidl_typesupport_fastrtps_cpp[0m
[ 43%] Built target allan_variance_ros2_msg__rosidl_typesupport_cpp
[ 43%] Built target allan_variance_ros2_msg__rosidl_typesupport_introspection_cpp
[ 51%] Built target allan_variance_ros2_msg__rosidl_typesupport_fastrtps_cpp
running egg_info
writing allan_variance_ros2.egg-info/PKG-INFO
writing dependency_links to allan_variance_ros2.egg-info/dependency_links.txt
writing top-level names to allan_variance_ros2.egg-info/top_level.txt
[ 54%] [32mBuilding CXX object CMakeFiles/allan_variance_ros2_msg__rosidl_typesupport_c.dir/rosidl_typesupport_c/allan_variance_ros2/msg/imu9_do_f__type_support.cpp.o[0m
reading manifest file 'allan_variance_ros2.egg-info/SOURCES.txt'
writing manifest file 'allan_variance_ros2.egg-info/SOURCES.txt'
[ 56%] [32mBuilding C object CMakeFiles/allan_variance_ros2_msg__rosidl_typesupport_introspection_c.dir/rosidl_typesupport_introspection_c/allan_variance_ros2/msg/detail/imu9_do_f__type_support.c.o[0m
[ 59%] [32mBuilding CXX object CMakeFiles/allan_variance_ros2_msg__rosidl_typesupport_fastrtps_c.dir/rosidl_typesupport_fastrtps_c/allan_variance_ros2/msg/detail/imu9_do_f__type_support_c.cpp.o[0m
[ 59%] Built target ament_cmake_python_build_allan_variance_ros2_egg
[ 62%] [32m[1mLinking CXX shared library liballan_variance_ros2_msg__rosidl_typesupport_c.so[0m
[ 64%] [32m[1mLinking C shared library liballan_variance_ros2_msg__rosidl_typesupport_introspection_c.so[0m
[ 64%] Built target allan_variance_ros2_msg__rosidl_typesupport_c
[ 64%] Built target allan_variance_ros2_msg__rosidl_typesupport_introspection_c
[ 67%] [32m[1mLinking CXX shared library liballan_variance_ros2_msg__rosidl_typesupport_fastrtps_c.so[0m
[ 67%] Built target allan_variance_ros2_msg__rosidl_typesupport_fastrtps_c
[ 67%] Built target allan_variance_ros2_msg
[ 70%] [34m[1mGenerating Python code for ROS interfaces[0m
[ 70%] Built target allan_variance_ros2_msg__py
[ 72%] [32mBuilding C object CMakeFiles/allan_variance_ros2_msg__rosidl_generator_py.dir/rosidl_generator_py/allan_variance_ros2/msg/_imu9_do_f_s.c.o[0m
[ 75%] [32m[1mLinking C shared library rosidl_generator_py/allan_variance_ros2/liballan_variance_ros2_msg__rosidl_generator_py.so[0m
[ 75%] Built target allan_variance_ros2_msg__rosidl_generator_py
[ 78%] [32mBuilding C object CMakeFiles/allan_variance_ros2__rosidl_typesupport_fastrtps_c__pyext.dir/rosidl_generator_py/allan_variance_ros2/_allan_variance_ros2_s.ep.rosidl_typesupport_fastrtps_c.c.o[0m
[ 83%] [32mBuilding C object CMakeFiles/allan_variance_ros2__rosidl_typesupport_c__pyext.dir/rosidl_generator_py/allan_variance_ros2/_allan_variance_ros2_s.ep.rosidl_typesupport_c.c.o[0m
[ 83%] [32mBuilding C object CMakeFiles/allan_variance_ros2__rosidl_typesupport_introspection_c__pyext.dir/rosidl_generator_py/allan_variance_ros2/_allan_variance_ros2_s.ep.rosidl_typesupport_introspection_c.c.o[0m
[ 89%] [32m[1mLinking C shared library rosidl_generator_py/allan_variance_ros2/allan_variance_ros2_s__rosidl_typesupport_c.cpython-310-x86_64-linux-gnu.so[0m
[ 91%] [32m[1mLinking C shared library rosidl_generator_py/allan_variance_ros2/allan_variance_ros2_s__rosidl_typesupport_introspection_c.cpython-310-x86_64-linux-gnu.so[0m
[ 91%] [32m[1mLinking C shared library rosidl_generator_py/allan_variance_ros2/allan_variance_ros2_s__rosidl_typesupport_fastrtps_c.cpython-310-x86_64-linux-gnu.so[0m
[ 91%] Built target allan_variance_ros2__rosidl_typesupport_introspection_c__pyext
[ 91%] Built target allan_variance_ros2__rosidl_typesupport_c__pyext
[ 91%] Built target allan_variance_ros2__rosidl_typesupport_fastrtps_c__pyext
