[0.016s] Invoking command in '/home/ws/build/allan_variance_msgs': CMAKE_PREFIX_PATH=${CMAKE_PREFIX_PATH}:/opt/ros/humble /usr/bin/cmake /home/ws/src/allan_variance_msgs -DCMAKE_INSTALL_PREFIX=/home/ws/install/allan_variance_msgs
[0.062s] -- The C compiler identification is GNU 11.4.0
[0.109s] -- The CXX compiler identification is GNU 11.4.0
[0.115s] -- Detecting C compiler ABI info
[0.163s] -- Detecting C compiler ABI info - done
[0.170s] -- Check for working C compiler: /usr/bin/cc - skipped
[0.170s] -- Detecting C compile features
[0.170s] -- Detecting C compile features - done
[0.173s] -- Detecting CXX compiler ABI info
[0.231s] -- Detecting CXX compiler ABI info - done
[0.237s] -- Check for working CXX compiler: /usr/bin/c++ - skipped
[0.237s] -- Detecting CXX compile features
[0.238s] -- Detecting CXX compile features - done
[0.240s] -- Found ament_cmake: 1.3.5 (/opt/ros/humble/share/ament_cmake/cmake)
[0.377s] -- Found Python3: /usr/bin/python3.10 (found version "3.10.12") found components: Interpreter 
[0.449s] -- Found std_msgs: 4.2.3 (/opt/ros/humble/share/std_msgs/cmake)
[0.474s] -- Found rosidl_generator_c: 3.1.5 (/opt/ros/humble/share/rosidl_generator_c/cmake)
[0.478s] -- Found rosidl_adapter: 3.1.5 (/opt/ros/humble/share/rosidl_adapter/cmake)
[0.486s] -- Found rosidl_generator_cpp: 3.1.5 (/opt/ros/humble/share/rosidl_generator_cpp/cmake)
[0.498s] -- Using all available rosidl_typesupport_c: rosidl_typesupport_fastrtps_c;rosidl_typesupport_introspection_c
[0.515s] -- Using all available rosidl_typesupport_cpp: rosidl_typesupport_fastrtps_cpp;rosidl_typesupport_introspection_cpp
[0.570s] -- Found geometry_msgs: 4.2.3 (/opt/ros/humble/share/geometry_msgs/cmake)
[0.613s] -- Found rosidl_default_generators: 1.2.0 (/opt/ros/humble/share/rosidl_default_generators/cmake)
[0.863s] -- Found ament_cmake_ros: 0.10.0 (/opt/ros/humble/share/ament_cmake_ros/cmake)
[1.209s] -- Using all available rosidl_typesupport_c: rosidl_typesupport_fastrtps_c;rosidl_typesupport_introspection_c
[1.353s] -- Using all available rosidl_typesupport_cpp: rosidl_typesupport_fastrtps_cpp;rosidl_typesupport_introspection_cpp
[1.371s] -- Found PythonInterp: /usr/bin/python3 (found suitable version "3.10.12", minimum required is "3.6") 
[1.372s] -- Found python_cmake_module: 0.10.0 (/opt/ros/humble/share/python_cmake_module/cmake)
[1.391s] -- Found PythonLibs: /usr/lib/x86_64-linux-gnu/libpython3.10.so (found suitable version "3.10.12", minimum required is "3.5") 
[1.392s] -- Using PYTHON_EXECUTABLE: /usr/bin/python3
[1.392s] -- Using PYTHON_INCLUDE_DIRS: /usr/include/python3.10
[1.392s] -- Using PYTHON_LIBRARIES: /usr/lib/x86_64-linux-gnu/libpython3.10.so
[1.410s] -- Found PythonExtra: .so  
[1.477s] -- Configuring done
[1.504s] -- Generating done
[1.506s] -- Build files have been written to: /home/ws/build/allan_variance_msgs
[1.510s] Invoked command in '/home/ws/build/allan_variance_msgs' returned '0': CMAKE_PREFIX_PATH=${CMAKE_PREFIX_PATH}:/opt/ros/humble /usr/bin/cmake /home/ws/src/allan_variance_msgs -DCMAKE_INSTALL_PREFIX=/home/ws/install/allan_variance_msgs
[1.511s] Invoking command in '/home/ws/build/allan_variance_msgs': CMAKE_PREFIX_PATH=${CMAKE_PREFIX_PATH}:/opt/ros/humble /usr/bin/cmake --build /home/ws/build/allan_variance_msgs -- -j12 -l12
[1.541s] [  3%] [34m[1mGenerating C code for ROS interfaces[0m
[1.549s] [  6%] [34m[1mGenerating C++ code for ROS interfaces[0m
[1.555s] [  6%] Built target ament_cmake_python_copy_allan_variance_msgs
[1.747s] running egg_info
[1.747s] creating allan_variance_msgs.egg-info
[1.748s] writing allan_variance_msgs.egg-info/PKG-INFO
[1.748s] writing dependency_links to allan_variance_msgs.egg-info/dependency_links.txt
[1.748s] writing top-level names to allan_variance_msgs.egg-info/top_level.txt
[1.748s] writing manifest file 'allan_variance_msgs.egg-info/SOURCES.txt'
[1.750s] reading manifest file 'allan_variance_msgs.egg-info/SOURCES.txt'
[1.751s] writing manifest file 'allan_variance_msgs.egg-info/SOURCES.txt'
[1.774s] [  6%] Built target ament_cmake_python_build_allan_variance_msgs_egg
[1.825s] [  9%] [32mBuilding C object CMakeFiles/allan_variance_msgs__rosidl_generator_c.dir/rosidl_generator_c/allan_variance_msgs/msg/detail/imu9_do_f__functions.c.o[0m
[1.839s] [  9%] Built target allan_variance_msgs__cpp
[1.847s] [ 16%] [34m[1mGenerating C++ type support for eProsima Fast-RTPS[0m
[1.847s] [ 16%] [34m[1mGenerating C++ type support dispatch for ROS interfaces[0m
[1.850s] [ 19%] [34m[1mGenerating C++ introspection for ROS interfaces[0m
[1.871s] [ 22%] [32m[1mLinking C shared library liballan_variance_msgs__rosidl_generator_c.so[0m
[1.900s] [ 22%] Built target allan_variance_msgs__rosidl_generator_c
[1.909s] [ 25%] [34m[1mGenerating C type support for eProsima Fast-RTPS[0m
[1.912s] [ 32%] [34m[1mGenerating C introspection for ROS interfaces[0m
[1.912s] [ 32%] [34m[1mGenerating C type support dispatch for ROS interfaces[0m
[2.120s] [ 35%] [32mBuilding CXX object CMakeFiles/allan_variance_msgs__rosidl_typesupport_introspection_cpp.dir/rosidl_typesupport_introspection_cpp/allan_variance_msgs/msg/detail/imu9_do_f__type_support.cpp.o[0m
[2.148s] [ 38%] [32mBuilding C object CMakeFiles/allan_variance_msgs__rosidl_typesupport_introspection_c.dir/rosidl_typesupport_introspection_c/allan_variance_msgs/msg/detail/imu9_do_f__type_support.c.o[0m
[2.176s] [ 41%] [32mBuilding CXX object CMakeFiles/allan_variance_msgs__rosidl_typesupport_cpp.dir/rosidl_typesupport_cpp/allan_variance_msgs/msg/imu9_do_f__type_support.cpp.o[0m
[2.182s] [ 45%] [32m[1mLinking C shared library liballan_variance_msgs__rosidl_typesupport_introspection_c.so[0m
[2.201s] [ 48%] [32mBuilding CXX object CMakeFiles/allan_variance_msgs__rosidl_typesupport_fastrtps_cpp.dir/rosidl_typesupport_fastrtps_cpp/allan_variance_msgs/msg/detail/dds_fastrtps/imu9_do_f__type_support.cpp.o[0m
[2.206s] [ 48%] Built target allan_variance_msgs__rosidl_typesupport_introspection_c
[2.226s] [ 51%] [32mBuilding CXX object CMakeFiles/allan_variance_msgs__rosidl_typesupport_c.dir/rosidl_typesupport_c/allan_variance_msgs/msg/imu9_do_f__type_support.cpp.o[0m
[2.250s] [ 54%] [32m[1mLinking CXX shared library liballan_variance_msgs__rosidl_typesupport_c.so[0m
[2.283s] [ 54%] Built target allan_variance_msgs__rosidl_typesupport_c
[2.290s] [ 58%] [32mBuilding CXX object CMakeFiles/allan_variance_msgs__rosidl_typesupport_fastrtps_c.dir/rosidl_typesupport_fastrtps_c/allan_variance_msgs/msg/detail/imu9_do_f__type_support_c.cpp.o[0m
[2.441s] [ 61%] [32m[1mLinking CXX shared library liballan_variance_msgs__rosidl_typesupport_cpp.so[0m
[2.490s] [ 61%] Built target allan_variance_msgs__rosidl_typesupport_cpp
[2.528s] [ 64%] [32m[1mLinking CXX shared library liballan_variance_msgs__rosidl_typesupport_introspection_cpp.so[0m
[2.577s] [ 67%] [32m[1mLinking CXX shared library liballan_variance_msgs__rosidl_typesupport_fastrtps_cpp.so[0m
[2.588s] [ 67%] Built target allan_variance_msgs__rosidl_typesupport_introspection_cpp
[2.632s] [ 70%] [32m[1mLinking CXX shared library liballan_variance_msgs__rosidl_typesupport_fastrtps_c.so[0m
[2.641s] [ 70%] Built target allan_variance_msgs__rosidl_typesupport_fastrtps_cpp
[2.689s] [ 70%] Built target allan_variance_msgs__rosidl_typesupport_fastrtps_c
[2.703s] [ 70%] Built target allan_variance_msgs
[2.718s] [ 74%] [34m[1mGenerating Python code for ROS interfaces[0m
[2.993s] [ 74%] Built target allan_variance_msgs__py
[3.006s] [ 77%] [32mBuilding C object CMakeFiles/allan_variance_msgs__rosidl_generator_py.dir/rosidl_generator_py/allan_variance_msgs/msg/_imu9_do_f_s.c.o[0m
[3.101s] [ 80%] [32m[1mLinking C shared library rosidl_generator_py/allan_variance_msgs/liballan_variance_msgs__rosidl_generator_py.so[0m
[3.165s] [ 80%] Built target allan_variance_msgs__rosidl_generator_py
[3.182s] [ 87%] [32mBuilding C object CMakeFiles/allan_variance_msgs__rosidl_typesupport_introspection_c__pyext.dir/rosidl_generator_py/allan_variance_msgs/_allan_variance_msgs_s.ep.rosidl_typesupport_introspection_c.c.o[0m
[3.182s] [ 90%] [32mBuilding C object CMakeFiles/allan_variance_msgs__rosidl_typesupport_c__pyext.dir/rosidl_generator_py/allan_variance_msgs/_allan_variance_msgs_s.ep.rosidl_typesupport_c.c.o[0m
[3.182s] [ 90%] [32mBuilding C object CMakeFiles/allan_variance_msgs__rosidl_typesupport_fastrtps_c__pyext.dir/rosidl_generator_py/allan_variance_msgs/_allan_variance_msgs_s.ep.rosidl_typesupport_fastrtps_c.c.o[0m
[3.269s] [100%] [32m[1mLinking C shared library rosidl_generator_py/allan_variance_msgs/allan_variance_msgs_s__rosidl_typesupport_introspection_c.cpython-310-x86_64-linux-gnu.so[0m
[3.269s] [100%] [32m[1mLinking C shared library rosidl_generator_py/allan_variance_msgs/allan_variance_msgs_s__rosidl_typesupport_fastrtps_c.cpython-310-x86_64-linux-gnu.so[0m
[3.269s] [100%] [32m[1mLinking C shared library rosidl_generator_py/allan_variance_msgs/allan_variance_msgs_s__rosidl_typesupport_c.cpython-310-x86_64-linux-gnu.so[0m
[3.299s] [100%] Built target allan_variance_msgs__rosidl_typesupport_fastrtps_c__pyext
[3.299s] [100%] Built target allan_variance_msgs__rosidl_typesupport_introspection_c__pyext
[3.300s] [100%] Built target allan_variance_msgs__rosidl_typesupport_c__pyext
