-- The C compiler identification is GNU 11.4.0
-- The CXX compiler identification is GNU 11.4.0
-- Detecting C compiler ABI info
-- Detecting C compiler ABI info - done
-- Check for working C compiler: /usr/bin/cc - skipped
-- Detecting C compile features
-- Detecting C compile features - done
-- Detecting CXX compiler ABI info
-- Detecting CXX compiler ABI info - done
-- Check for working CXX compiler: /usr/bin/c++ - skipped
-- Detecting CXX compile features
-- Detecting CXX compile features - done
-- Found ament_cmake: 1.3.5 (/opt/ros/humble/share/ament_cmake/cmake)
-- Found Python3: /usr/bin/python3.10 (found version "3.10.12") found components: Interpreter 
-- Override CMake install command with custom implementation using symlinks instead of copying resources
-- Found std_msgs: 4.2.3 (/opt/ros/humble/share/std_msgs/cmake)
-- Found rosidl_generator_c: 3.1.5 (/opt/ros/humble/share/rosidl_generator_c/cmake)
-- Found rosidl_adapter: 3.1.5 (/opt/ros/humble/share/rosidl_adapter/cmake)
-- Found rosidl_generator_cpp: 3.1.5 (/opt/ros/humble/share/rosidl_generator_cpp/cmake)
-- Using all available rosidl_typesupport_c: rosidl_typesupport_fastrtps_c;rosidl_typesupport_introspection_c
-- Using all available rosidl_typesupport_cpp: rosidl_typesupport_fastrtps_cpp;rosidl_typesupport_introspection_cpp
-- Found geometry_msgs: 4.2.3 (/opt/ros/humble/share/geometry_msgs/cmake)
-- Found rosidl_default_generators: 1.2.0 (/opt/ros/humble/share/rosidl_default_generators/cmake)
-- Found ament_cmake_ros: 0.10.0 (/opt/ros/humble/share/ament_cmake_ros/cmake)
-- Using all available rosidl_typesupport_c: rosidl_typesupport_fastrtps_c;rosidl_typesupport_introspection_c
-- Using all available rosidl_typesupport_cpp: rosidl_typesupport_fastrtps_cpp;rosidl_typesupport_introspection_cpp
-- Found PythonInterp: /usr/bin/python3 (found suitable version "3.10.12", minimum required is "3.6") 
-- Found python_cmake_module: 0.10.0 (/opt/ros/humble/share/python_cmake_module/cmake)
-- Found PythonLibs: /usr/lib/x86_64-linux-gnu/libpython3.10.so (found suitable version "3.10.12", minimum required is "3.5") 
-- Using PYTHON_EXECUTABLE: /usr/bin/python3
-- Using PYTHON_INCLUDE_DIRS: /usr/include/python3.10
-- Using PYTHON_LIBRARIES: /usr/lib/x86_64-linux-gnu/libpython3.10.so
-- Found PythonExtra: .so  
-- Configuring done
-- Generating done
-- Build files have been written to: /home/ws/build/allan_variance_msgs
[  3%] [34m[1mGenerating C code for ROS interfaces[0m
[  6%] [34m[1mGenerating C++ code for ROS interfaces[0m
[  6%] Built target ament_cmake_python_symlink_allan_variance_msgs
running egg_info
creating allan_variance_msgs.egg-info
writing allan_variance_msgs.egg-info/PKG-INFO
writing dependency_links to allan_variance_msgs.egg-info/dependency_links.txt
writing top-level names to allan_variance_msgs.egg-info/top_level.txt
writing manifest file 'allan_variance_msgs.egg-info/SOURCES.txt'
reading manifest file 'allan_variance_msgs.egg-info/SOURCES.txt'
writing manifest file 'allan_variance_msgs.egg-info/SOURCES.txt'
[  6%] Built target allan_variance_msgs__cpp
[ 16%] [34m[1mGenerating C++ type support for eProsima Fast-RTPS[0m
[ 16%] [34m[1mGenerating C++ introspection for ROS interfaces[0m
[ 16%] [32mBuilding C object CMakeFiles/allan_variance_msgs__rosidl_generator_c.dir/rosidl_generator_c/allan_variance_msgs/msg/detail/imu9_do_f__functions.c.o[0m
[ 19%] [34m[1mGenerating C++ type support dispatch for ROS interfaces[0m
[ 19%] Built target ament_cmake_python_build_allan_variance_msgs_egg
[ 22%] [32m[1mLinking C shared library liballan_variance_msgs__rosidl_generator_c.so[0m
[ 22%] Built target allan_variance_msgs__rosidl_generator_c
[ 29%] [34m[1mGenerating C type support dispatch for ROS interfaces[0m
[ 29%] [34m[1mGenerating C type support for eProsima Fast-RTPS[0m
[ 32%] [34m[1mGenerating C introspection for ROS interfaces[0m
[ 35%] [32mBuilding CXX object CMakeFiles/allan_variance_msgs__rosidl_typesupport_cpp.dir/rosidl_typesupport_cpp/allan_variance_msgs/msg/imu9_do_f__type_support.cpp.o[0m
[ 38%] [32mBuilding CXX object CMakeFiles/allan_variance_msgs__rosidl_typesupport_introspection_cpp.dir/rosidl_typesupport_introspection_cpp/allan_variance_msgs/msg/detail/imu9_do_f__type_support.cpp.o[0m
[ 41%] [32mBuilding CXX object CMakeFiles/allan_variance_msgs__rosidl_typesupport_fastrtps_cpp.dir/rosidl_typesupport_fastrtps_cpp/allan_variance_msgs/msg/detail/dds_fastrtps/imu9_do_f__type_support.cpp.o[0m
[ 45%] [32mBuilding C object CMakeFiles/allan_variance_msgs__rosidl_typesupport_introspection_c.dir/rosidl_typesupport_introspection_c/allan_variance_msgs/msg/detail/imu9_do_f__type_support.c.o[0m
[ 48%] [32mBuilding CXX object CMakeFiles/allan_variance_msgs__rosidl_typesupport_c.dir/rosidl_typesupport_c/allan_variance_msgs/msg/imu9_do_f__type_support.cpp.o[0m
[ 51%] [32m[1mLinking C shared library liballan_variance_msgs__rosidl_typesupport_introspection_c.so[0m
[ 54%] [32m[1mLinking CXX shared library liballan_variance_msgs__rosidl_typesupport_c.so[0m
[ 58%] [32mBuilding CXX object CMakeFiles/allan_variance_msgs__rosidl_typesupport_fastrtps_c.dir/rosidl_typesupport_fastrtps_c/allan_variance_msgs/msg/detail/imu9_do_f__type_support_c.cpp.o[0m
[ 58%] Built target allan_variance_msgs__rosidl_typesupport_introspection_c
[ 58%] Built target allan_variance_msgs__rosidl_typesupport_c
[ 61%] [32m[1mLinking CXX shared library liballan_variance_msgs__rosidl_typesupport_cpp.so[0m
[ 61%] Built target allan_variance_msgs__rosidl_typesupport_cpp
[ 64%] [32m[1mLinking CXX shared library liballan_variance_msgs__rosidl_typesupport_introspection_cpp.so[0m
[ 64%] Built target allan_variance_msgs__rosidl_typesupport_introspection_cpp
[ 67%] [32m[1mLinking CXX shared library liballan_variance_msgs__rosidl_typesupport_fastrtps_cpp.so[0m
[ 70%] [32m[1mLinking CXX shared library liballan_variance_msgs__rosidl_typesupport_fastrtps_c.so[0m
[ 70%] Built target allan_variance_msgs__rosidl_typesupport_fastrtps_cpp
[ 70%] Built target allan_variance_msgs__rosidl_typesupport_fastrtps_c
[ 70%] Built target allan_variance_msgs
[ 74%] [34m[1mGenerating Python code for ROS interfaces[0m
[ 74%] Built target allan_variance_msgs__py
[ 77%] [32mBuilding C object CMakeFiles/allan_variance_msgs__rosidl_generator_py.dir/rosidl_generator_py/allan_variance_msgs/msg/_imu9_do_f_s.c.o[0m
[ 80%] [32m[1mLinking C shared library rosidl_generator_py/allan_variance_msgs/liballan_variance_msgs__rosidl_generator_py.so[0m
[ 80%] Built target allan_variance_msgs__rosidl_generator_py
[ 87%] [32mBuilding C object CMakeFiles/allan_variance_msgs__rosidl_typesupport_introspection_c__pyext.dir/rosidl_generator_py/allan_variance_msgs/_allan_variance_msgs_s.ep.rosidl_typesupport_introspection_c.c.o[0m
[ 87%] [32mBuilding C object CMakeFiles/allan_variance_msgs__rosidl_typesupport_c__pyext.dir/rosidl_generator_py/allan_variance_msgs/_allan_variance_msgs_s.ep.rosidl_typesupport_c.c.o[0m
[ 90%] [32mBuilding C object CMakeFiles/allan_variance_msgs__rosidl_typesupport_fastrtps_c__pyext.dir/rosidl_generator_py/allan_variance_msgs/_allan_variance_msgs_s.ep.rosidl_typesupport_fastrtps_c.c.o[0m
[ 93%] [32m[1mLinking C shared library rosidl_generator_py/allan_variance_msgs/allan_variance_msgs_s__rosidl_typesupport_introspection_c.cpython-310-x86_64-linux-gnu.so[0m
[ 96%] [32m[1mLinking C shared library rosidl_generator_py/allan_variance_msgs/allan_variance_msgs_s__rosidl_typesupport_c.cpython-310-x86_64-linux-gnu.so[0m
[100%] [32m[1mLinking C shared library rosidl_generator_py/allan_variance_msgs/allan_variance_msgs_s__rosidl_typesupport_fastrtps_c.cpython-310-x86_64-linux-gnu.so[0m
[100%] Built target allan_variance_msgs__rosidl_typesupport_introspection_c__pyext
[100%] Built target allan_variance_msgs__rosidl_typesupport_c__pyext
[100%] Built target allan_variance_msgs__rosidl_typesupport_fastrtps_c__pyext
-- Install configuration: ""
-- Execute custom install script
-- Symlinking: /home/ws/install/allan_variance_msgs/share/ament_index/resource_index/rosidl_interfaces/allan_variance_msgs
-- Symlinking: /home/ws/install/allan_variance_msgs/include/allan_variance_msgs/allan_variance_msgs/msg/detail/imu9_do_f__functions.h
-- Symlinking: /home/ws/install/allan_variance_msgs/include/allan_variance_msgs/allan_variance_msgs/msg/detail/imu9_do_f__struct.h
-- Symlinking: /home/ws/install/allan_variance_msgs/include/allan_variance_msgs/allan_variance_msgs/msg/detail/imu9_do_f__type_support.h
-- Symlinking: /home/ws/install/allan_variance_msgs/include/allan_variance_msgs/allan_variance_msgs/msg/imu9_do_f.h
-- Symlinking: /home/ws/install/allan_variance_msgs/include/allan_variance_msgs/allan_variance_msgs/msg/rosidl_generator_c__visibility_control.h
-- Symlinking: /home/ws/install/allan_variance_msgs/share/allan_variance_msgs/environment/library_path.sh
-- Symlinking: /home/ws/install/allan_variance_msgs/share/allan_variance_msgs/environment/library_path.dsv
-- Symlinking: /home/ws/install/allan_variance_msgs/include/allan_variance_msgs/allan_variance_msgs/msg/detail/imu9_do_f__rosidl_typesupport_fastrtps_c.h
-- Symlinking: /home/ws/install/allan_variance_msgs/include/allan_variance_msgs/allan_variance_msgs/msg/rosidl_typesupport_fastrtps_c__visibility_control.h
-- Symlinking: /home/ws/install/allan_variance_msgs/include/allan_variance_msgs/allan_variance_msgs/msg/detail/imu9_do_f__builder.hpp
-- Symlinking: /home/ws/install/allan_variance_msgs/include/allan_variance_msgs/allan_variance_msgs/msg/detail/imu9_do_f__struct.hpp
-- Symlinking: /home/ws/install/allan_variance_msgs/include/allan_variance_msgs/allan_variance_msgs/msg/detail/imu9_do_f__traits.hpp
-- Symlinking: /home/ws/install/allan_variance_msgs/include/allan_variance_msgs/allan_variance_msgs/msg/imu9_do_f.hpp
-- Symlinking: /home/ws/install/allan_variance_msgs/include/allan_variance_msgs/allan_variance_msgs/msg/detail/imu9_do_f__rosidl_typesupport_fastrtps_cpp.hpp
-- Symlinking: /home/ws/install/allan_variance_msgs/include/allan_variance_msgs/allan_variance_msgs/msg/rosidl_typesupport_fastrtps_cpp__visibility_control.h
-- Symlinking: /home/ws/install/allan_variance_msgs/include/allan_variance_msgs/allan_variance_msgs/msg/detail/imu9_do_f__rosidl_typesupport_introspection_c.h
-- Symlinking: /home/ws/install/allan_variance_msgs/include/allan_variance_msgs/allan_variance_msgs/msg/rosidl_typesupport_introspection_c__visibility_control.h
-- Symlinking: /home/ws/install/allan_variance_msgs/include/allan_variance_msgs/allan_variance_msgs/msg/detail/imu9_do_f__rosidl_typesupport_introspection_cpp.hpp
-- Symlinking: /home/ws/install/allan_variance_msgs/share/allan_variance_msgs/environment/pythonpath.sh
-- Symlinking: /home/ws/install/allan_variance_msgs/share/allan_variance_msgs/environment/pythonpath.dsv
-- Symlinking: /home/ws/install/allan_variance_msgs/local/lib/python3.10/dist-packages/allan_variance_msgs-0.0.0-py3.10.egg-info/PKG-INFO
-- Symlinking: /home/ws/install/allan_variance_msgs/local/lib/python3.10/dist-packages/allan_variance_msgs-0.0.0-py3.10.egg-info/SOURCES.txt
-- Symlinking: /home/ws/install/allan_variance_msgs/local/lib/python3.10/dist-packages/allan_variance_msgs-0.0.0-py3.10.egg-info/dependency_links.txt
-- Symlinking: /home/ws/install/allan_variance_msgs/local/lib/python3.10/dist-packages/allan_variance_msgs-0.0.0-py3.10.egg-info/top_level.txt
-- Symlinking: /home/ws/install/allan_variance_msgs/local/lib/python3.10/dist-packages/allan_variance_msgs/__init__.py
-- Symlinking: /home/ws/install/allan_variance_msgs/local/lib/python3.10/dist-packages/allan_variance_msgs/_allan_variance_msgs_s.ep.rosidl_typesupport_c.c
-- Symlinking: /home/ws/install/allan_variance_msgs/local/lib/python3.10/dist-packages/allan_variance_msgs/_allan_variance_msgs_s.ep.rosidl_typesupport_fastrtps_c.c
-- Symlinking: /home/ws/install/allan_variance_msgs/local/lib/python3.10/dist-packages/allan_variance_msgs/_allan_variance_msgs_s.ep.rosidl_typesupport_introspection_c.c
-- Symlinking: /home/ws/install/allan_variance_msgs/local/lib/python3.10/dist-packages/allan_variance_msgs/allan_variance_msgs_s__rosidl_typesupport_c.cpython-310-x86_64-linux-gnu.so
-- Symlinking: /home/ws/install/allan_variance_msgs/local/lib/python3.10/dist-packages/allan_variance_msgs/allan_variance_msgs_s__rosidl_typesupport_fastrtps_c.cpython-310-x86_64-linux-gnu.so
-- Symlinking: /home/ws/install/allan_variance_msgs/local/lib/python3.10/dist-packages/allan_variance_msgs/allan_variance_msgs_s__rosidl_typesupport_introspection_c.cpython-310-x86_64-linux-gnu.so
-- Symlinking: /home/ws/install/allan_variance_msgs/local/lib/python3.10/dist-packages/allan_variance_msgs/liballan_variance_msgs__rosidl_generator_py.so
-- Symlinking: /home/ws/install/allan_variance_msgs/local/lib/python3.10/dist-packages/allan_variance_msgs/msg/__init__.py
-- Symlinking: /home/ws/install/allan_variance_msgs/local/lib/python3.10/dist-packages/allan_variance_msgs/msg/_imu9_do_f.py
-- Symlinking: /home/ws/install/allan_variance_msgs/local/lib/python3.10/dist-packages/allan_variance_msgs/msg/_imu9_do_f_s.c
-- Up-to-date symlink: /home/ws/install/allan_variance_msgs/local/lib/python3.10/dist-packages/allan_variance_msgs/allan_variance_msgs_s__rosidl_typesupport_fastrtps_c.cpython-310-x86_64-linux-gnu.so
-- Up-to-date symlink: /home/ws/install/allan_variance_msgs/local/lib/python3.10/dist-packages/allan_variance_msgs/allan_variance_msgs_s__rosidl_typesupport_introspection_c.cpython-310-x86_64-linux-gnu.so
-- Up-to-date symlink: /home/ws/install/allan_variance_msgs/local/lib/python3.10/dist-packages/allan_variance_msgs/allan_variance_msgs_s__rosidl_typesupport_c.cpython-310-x86_64-linux-gnu.so
-- Symlinking: /home/ws/install/allan_variance_msgs/share/allan_variance_msgs/msg/Imu9DoF.idl
-- Symlinking: /home/ws/install/allan_variance_msgs/share/allan_variance_msgs/msg/Imu9DoF.msg
-- Symlinking: /home/ws/install/allan_variance_msgs/share/ament_index/resource_index/package_run_dependencies/allan_variance_msgs
-- Symlinking: /home/ws/install/allan_variance_msgs/share/ament_index/resource_index/parent_prefix_path/allan_variance_msgs
-- Symlinking: /home/ws/install/allan_variance_msgs/share/allan_variance_msgs/environment/ament_prefix_path.sh
-- Symlinking: /home/ws/install/allan_variance_msgs/share/allan_variance_msgs/environment/ament_prefix_path.dsv
-- Symlinking: /home/ws/install/allan_variance_msgs/share/allan_variance_msgs/environment/path.sh
-- Symlinking: /home/ws/install/allan_variance_msgs/share/allan_variance_msgs/environment/path.dsv
-- Symlinking: /home/ws/install/allan_variance_msgs/share/allan_variance_msgs/local_setup.bash
-- Symlinking: /home/ws/install/allan_variance_msgs/share/allan_variance_msgs/local_setup.sh
-- Symlinking: /home/ws/install/allan_variance_msgs/share/allan_variance_msgs/local_setup.zsh
-- Symlinking: /home/ws/install/allan_variance_msgs/share/allan_variance_msgs/local_setup.dsv
-- Symlinking: /home/ws/install/allan_variance_msgs/share/allan_variance_msgs/package.dsv
-- Symlinking: /home/ws/install/allan_variance_msgs/share/ament_index/resource_index/packages/allan_variance_msgs
-- Symlinking: /home/ws/install/allan_variance_msgs/share/allan_variance_msgs/cmake/rosidl_cmake-extras.cmake
-- Symlinking: /home/ws/install/allan_variance_msgs/share/allan_variance_msgs/cmake/ament_cmake_export_dependencies-extras.cmake
-- Symlinking: /home/ws/install/allan_variance_msgs/share/allan_variance_msgs/cmake/ament_cmake_export_include_directories-extras.cmake
-- Symlinking: /home/ws/install/allan_variance_msgs/share/allan_variance_msgs/cmake/ament_cmake_export_libraries-extras.cmake
-- Symlinking: /home/ws/install/allan_variance_msgs/share/allan_variance_msgs/cmake/ament_cmake_export_targets-extras.cmake
-- Symlinking: /home/ws/install/allan_variance_msgs/share/allan_variance_msgs/cmake/rosidl_cmake_export_typesupport_targets-extras.cmake
-- Symlinking: /home/ws/install/allan_variance_msgs/share/allan_variance_msgs/cmake/rosidl_cmake_export_typesupport_libraries-extras.cmake
-- Symlinking: /home/ws/install/allan_variance_msgs/share/allan_variance_msgs/cmake/allan_variance_msgsConfig.cmake
-- Symlinking: /home/ws/install/allan_variance_msgs/share/allan_variance_msgs/cmake/allan_variance_msgsConfig-version.cmake
-- Symlinking: /home/ws/install/allan_variance_msgs/share/allan_variance_msgs/package.xml
-- Installing: /home/ws/install/allan_variance_msgs/lib/liballan_variance_msgs__rosidl_generator_c.so
-- Set runtime path of "/home/ws/install/allan_variance_msgs/lib/liballan_variance_msgs__rosidl_generator_c.so" to ""
-- Installing: /home/ws/install/allan_variance_msgs/lib/liballan_variance_msgs__rosidl_typesupport_fastrtps_c.so
-- Set runtime path of "/home/ws/install/allan_variance_msgs/lib/liballan_variance_msgs__rosidl_typesupport_fastrtps_c.so" to ""
-- Installing: /home/ws/install/allan_variance_msgs/lib/liballan_variance_msgs__rosidl_typesupport_fastrtps_cpp.so
-- Set runtime path of "/home/ws/install/allan_variance_msgs/lib/liballan_variance_msgs__rosidl_typesupport_fastrtps_cpp.so" to ""
-- Installing: /home/ws/install/allan_variance_msgs/lib/liballan_variance_msgs__rosidl_typesupport_introspection_c.so
-- Set runtime path of "/home/ws/install/allan_variance_msgs/lib/liballan_variance_msgs__rosidl_typesupport_introspection_c.so" to ""
-- Installing: /home/ws/install/allan_variance_msgs/lib/liballan_variance_msgs__rosidl_typesupport_c.so
-- Set runtime path of "/home/ws/install/allan_variance_msgs/lib/liballan_variance_msgs__rosidl_typesupport_c.so" to ""
-- Installing: /home/ws/install/allan_variance_msgs/lib/liballan_variance_msgs__rosidl_typesupport_introspection_cpp.so
-- Set runtime path of "/home/ws/install/allan_variance_msgs/lib/liballan_variance_msgs__rosidl_typesupport_introspection_cpp.so" to ""
-- Installing: /home/ws/install/allan_variance_msgs/lib/liballan_variance_msgs__rosidl_typesupport_cpp.so
-- Set runtime path of "/home/ws/install/allan_variance_msgs/lib/liballan_variance_msgs__rosidl_typesupport_cpp.so" to ""
Listing '/home/ws/install/allan_variance_msgs/local/lib/python3.10/dist-packages/allan_variance_msgs'...
Compiling '/home/ws/install/allan_variance_msgs/local/lib/python3.10/dist-packages/allan_variance_msgs/__init__.py'...
Listing '/home/ws/install/allan_variance_msgs/local/lib/python3.10/dist-packages/allan_variance_msgs/msg'...
Compiling '/home/ws/install/allan_variance_msgs/local/lib/python3.10/dist-packages/allan_variance_msgs/msg/__init__.py'...
Compiling '/home/ws/install/allan_variance_msgs/local/lib/python3.10/dist-packages/allan_variance_msgs/msg/_imu9_do_f.py'...
-- Installing: /home/ws/install/allan_variance_msgs/lib/liballan_variance_msgs__rosidl_generator_py.so
-- Set runtime path of "/home/ws/install/allan_variance_msgs/lib/liballan_variance_msgs__rosidl_generator_py.so" to ""
-- Installing: /home/ws/install/allan_variance_msgs/share/allan_variance_msgs/cmake/export_allan_variance_msgs__rosidl_generator_cExport.cmake
-- Installing: /home/ws/install/allan_variance_msgs/share/allan_variance_msgs/cmake/export_allan_variance_msgs__rosidl_generator_cExport-noconfig.cmake
-- Installing: /home/ws/install/allan_variance_msgs/share/allan_variance_msgs/cmake/export_allan_variance_msgs__rosidl_typesupport_fastrtps_cExport.cmake
-- Installing: /home/ws/install/allan_variance_msgs/share/allan_variance_msgs/cmake/export_allan_variance_msgs__rosidl_typesupport_fastrtps_cExport-noconfig.cmake
-- Installing: /home/ws/install/allan_variance_msgs/share/allan_variance_msgs/cmake/export_allan_variance_msgs__rosidl_generator_cppExport.cmake
-- Installing: /home/ws/install/allan_variance_msgs/share/allan_variance_msgs/cmake/export_allan_variance_msgs__rosidl_typesupport_fastrtps_cppExport.cmake
-- Installing: /home/ws/install/allan_variance_msgs/share/allan_variance_msgs/cmake/export_allan_variance_msgs__rosidl_typesupport_fastrtps_cppExport-noconfig.cmake
-- Installing: /home/ws/install/allan_variance_msgs/share/allan_variance_msgs/cmake/allan_variance_msgs__rosidl_typesupport_introspection_cExport.cmake
-- Installing: /home/ws/install/allan_variance_msgs/share/allan_variance_msgs/cmake/allan_variance_msgs__rosidl_typesupport_introspection_cExport-noconfig.cmake
-- Installing: /home/ws/install/allan_variance_msgs/share/allan_variance_msgs/cmake/allan_variance_msgs__rosidl_typesupport_cExport.cmake
-- Installing: /home/ws/install/allan_variance_msgs/share/allan_variance_msgs/cmake/allan_variance_msgs__rosidl_typesupport_cExport-noconfig.cmake
-- Installing: /home/ws/install/allan_variance_msgs/share/allan_variance_msgs/cmake/allan_variance_msgs__rosidl_typesupport_introspection_cppExport.cmake
-- Installing: /home/ws/install/allan_variance_msgs/share/allan_variance_msgs/cmake/allan_variance_msgs__rosidl_typesupport_introspection_cppExport-noconfig.cmake
-- Installing: /home/ws/install/allan_variance_msgs/share/allan_variance_msgs/cmake/allan_variance_msgs__rosidl_typesupport_cppExport.cmake
-- Installing: /home/ws/install/allan_variance_msgs/share/allan_variance_msgs/cmake/allan_variance_msgs__rosidl_typesupport_cppExport-noconfig.cmake
-- Installing: /home/ws/install/allan_variance_msgs/share/allan_variance_msgs/cmake/export_allan_variance_msgs__rosidl_generator_pyExport.cmake
-- Installing: /home/ws/install/allan_variance_msgs/share/allan_variance_msgs/cmake/export_allan_variance_msgs__rosidl_generator_pyExport-noconfig.cmake
