[0.010s] Invoking command in '/home/ws/build/allan_variance_msgs': CMAKE_PREFIX_PATH=${CMAKE_PREFIX_PATH}:/opt/ros/humble /usr/bin/cmake /home/ws/src/allan_variance_msgs -DAMENT_CMAKE_SYMLINK_INSTALL=1 -DCMAKE_INSTALL_PREFIX=/home/ws/install/allan_variance_msgs
[0.058s] -- The C compiler identification is GNU 11.4.0
[0.102s] -- The CXX compiler identification is GNU 11.4.0
[0.108s] -- Detecting C compiler ABI info
[0.158s] -- Detecting C compiler ABI info - done
[0.165s] -- Check for working C compiler: /usr/bin/cc - skipped
[0.165s] -- Detecting C compile features
[0.165s] -- Detecting C compile features - done
[0.168s] -- Detecting CXX compiler ABI info
[0.227s] -- Detecting CXX compiler ABI info - done
[0.235s] -- Check for working CXX compiler: /usr/bin/c++ - skipped
[0.235s] -- Detecting CXX compile features
[0.235s] -- Detecting CXX compile features - done
[0.238s] -- Found ament_cmake: 1.3.5 (/opt/ros/humble/share/ament_cmake/cmake)
[0.381s] -- Found Python3: /usr/bin/python3.10 (found version "3.10.12") found components: Interpreter 
[0.435s] -- Override CMake install command with custom implementation using symlinks instead of copying resources
[0.457s] -- Found std_msgs: 4.2.3 (/opt/ros/humble/share/std_msgs/cmake)
[0.484s] -- Found rosidl_generator_c: 3.1.5 (/opt/ros/humble/share/rosidl_generator_c/cmake)
[0.488s] -- Found rosidl_adapter: 3.1.5 (/opt/ros/humble/share/rosidl_adapter/cmake)
[0.496s] -- Found rosidl_generator_cpp: 3.1.5 (/opt/ros/humble/share/rosidl_generator_cpp/cmake)
[0.507s] -- Using all available rosidl_typesupport_c: rosidl_typesupport_fastrtps_c;rosidl_typesupport_introspection_c
[0.527s] -- Using all available rosidl_typesupport_cpp: rosidl_typesupport_fastrtps_cpp;rosidl_typesupport_introspection_cpp
[0.586s] -- Found geometry_msgs: 4.2.3 (/opt/ros/humble/share/geometry_msgs/cmake)
[0.629s] -- Found rosidl_default_generators: 1.2.0 (/opt/ros/humble/share/rosidl_default_generators/cmake)
[0.876s] -- Found ament_cmake_ros: 0.10.0 (/opt/ros/humble/share/ament_cmake_ros/cmake)
[1.234s] -- Using all available rosidl_typesupport_c: rosidl_typesupport_fastrtps_c;rosidl_typesupport_introspection_c
[1.376s] -- Using all available rosidl_typesupport_cpp: rosidl_typesupport_fastrtps_cpp;rosidl_typesupport_introspection_cpp
[1.395s] -- Found PythonInterp: /usr/bin/python3 (found suitable version "3.10.12", minimum required is "3.6") 
[1.397s] -- Found python_cmake_module: 0.10.0 (/opt/ros/humble/share/python_cmake_module/cmake)
[1.417s] -- Found PythonLibs: /usr/lib/x86_64-linux-gnu/libpython3.10.so (found suitable version "3.10.12", minimum required is "3.5") 
[1.417s] -- Using PYTHON_EXECUTABLE: /usr/bin/python3
[1.417s] -- Using PYTHON_INCLUDE_DIRS: /usr/include/python3.10
[1.417s] -- Using PYTHON_LIBRARIES: /usr/lib/x86_64-linux-gnu/libpython3.10.so
[1.435s] -- Found PythonExtra: .so  
[1.494s] -- Configuring done
[1.521s] -- Generating done
[1.523s] -- Build files have been written to: /home/ws/build/allan_variance_msgs
[1.528s] Invoked command in '/home/ws/build/allan_variance_msgs' returned '0': CMAKE_PREFIX_PATH=${CMAKE_PREFIX_PATH}:/opt/ros/humble /usr/bin/cmake /home/ws/src/allan_variance_msgs -DAMENT_CMAKE_SYMLINK_INSTALL=1 -DCMAKE_INSTALL_PREFIX=/home/ws/install/allan_variance_msgs
[1.529s] Invoking command in '/home/ws/build/allan_variance_msgs': CMAKE_PREFIX_PATH=${CMAKE_PREFIX_PATH}:/opt/ros/humble /usr/bin/cmake --build /home/ws/build/allan_variance_msgs -- -j12 -l12
[1.558s] [  3%] [34m[1mGenerating C code for ROS interfaces[0m
[1.566s] [  6%] [34m[1mGenerating C++ code for ROS interfaces[0m
[1.572s] [  6%] Built target ament_cmake_python_symlink_allan_variance_msgs
[1.775s] running egg_info
[1.775s] creating allan_variance_msgs.egg-info
[1.775s] writing allan_variance_msgs.egg-info/PKG-INFO
[1.775s] writing dependency_links to allan_variance_msgs.egg-info/dependency_links.txt
[1.776s] writing top-level names to allan_variance_msgs.egg-info/top_level.txt
[1.776s] writing manifest file 'allan_variance_msgs.egg-info/SOURCES.txt'
[1.779s] reading manifest file 'allan_variance_msgs.egg-info/SOURCES.txt'
[1.779s] writing manifest file 'allan_variance_msgs.egg-info/SOURCES.txt'
[1.785s] [  6%] Built target allan_variance_msgs__cpp
[1.793s] [ 16%] [34m[1mGenerating C++ type support for eProsima Fast-RTPS[0m
[1.793s] [ 16%] [34m[1mGenerating C++ introspection for ROS interfaces[0m
[1.793s] [ 16%] [32mBuilding C object CMakeFiles/allan_variance_msgs__rosidl_generator_c.dir/rosidl_generator_c/allan_variance_msgs/msg/detail/imu9_do_f__functions.c.o[0m
[1.794s] [ 19%] [34m[1mGenerating C++ type support dispatch for ROS interfaces[0m
[1.811s] [ 19%] Built target ament_cmake_python_build_allan_variance_msgs_egg
[1.856s] [ 22%] [32m[1mLinking C shared library liballan_variance_msgs__rosidl_generator_c.so[0m
[1.884s] [ 22%] Built target allan_variance_msgs__rosidl_generator_c
[1.892s] [ 29%] [34m[1mGenerating C type support dispatch for ROS interfaces[0m
[1.892s] [ 29%] [34m[1mGenerating C type support for eProsima Fast-RTPS[0m
[1.893s] [ 32%] [34m[1mGenerating C introspection for ROS interfaces[0m
[2.004s] [ 35%] [32mBuilding CXX object CMakeFiles/allan_variance_msgs__rosidl_typesupport_cpp.dir/rosidl_typesupport_cpp/allan_variance_msgs/msg/imu9_do_f__type_support.cpp.o[0m
[2.013s] [ 38%] [32mBuilding CXX object CMakeFiles/allan_variance_msgs__rosidl_typesupport_introspection_cpp.dir/rosidl_typesupport_introspection_cpp/allan_variance_msgs/msg/detail/imu9_do_f__type_support.cpp.o[0m
[2.025s] [ 41%] [32mBuilding CXX object CMakeFiles/allan_variance_msgs__rosidl_typesupport_fastrtps_cpp.dir/rosidl_typesupport_fastrtps_cpp/allan_variance_msgs/msg/detail/dds_fastrtps/imu9_do_f__type_support.cpp.o[0m
[2.115s] [ 45%] [32mBuilding C object CMakeFiles/allan_variance_msgs__rosidl_typesupport_introspection_c.dir/rosidl_typesupport_introspection_c/allan_variance_msgs/msg/detail/imu9_do_f__type_support.c.o[0m
[2.125s] [ 48%] [32mBuilding CXX object CMakeFiles/allan_variance_msgs__rosidl_typesupport_c.dir/rosidl_typesupport_c/allan_variance_msgs/msg/imu9_do_f__type_support.cpp.o[0m
[2.151s] [ 51%] [32m[1mLinking C shared library liballan_variance_msgs__rosidl_typesupport_introspection_c.so[0m
[2.155s] [ 54%] [32m[1mLinking CXX shared library liballan_variance_msgs__rosidl_typesupport_c.so[0m
[2.163s] [ 58%] [32mBuilding CXX object CMakeFiles/allan_variance_msgs__rosidl_typesupport_fastrtps_c.dir/rosidl_typesupport_fastrtps_c/allan_variance_msgs/msg/detail/imu9_do_f__type_support_c.cpp.o[0m
[2.181s] [ 58%] Built target allan_variance_msgs__rosidl_typesupport_introspection_c
[2.192s] [ 58%] Built target allan_variance_msgs__rosidl_typesupport_c
[2.257s] [ 61%] [32m[1mLinking CXX shared library liballan_variance_msgs__rosidl_typesupport_cpp.so[0m
[2.288s] [ 61%] Built target allan_variance_msgs__rosidl_typesupport_cpp
[2.375s] [ 64%] [32m[1mLinking CXX shared library liballan_variance_msgs__rosidl_typesupport_introspection_cpp.so[0m
[2.429s] [ 64%] Built target allan_variance_msgs__rosidl_typesupport_introspection_cpp
[2.430s] [ 67%] [32m[1mLinking CXX shared library liballan_variance_msgs__rosidl_typesupport_fastrtps_cpp.so[0m
[2.477s] [ 70%] [32m[1mLinking CXX shared library liballan_variance_msgs__rosidl_typesupport_fastrtps_c.so[0m
[2.496s] [ 70%] Built target allan_variance_msgs__rosidl_typesupport_fastrtps_cpp
[2.536s] [ 70%] Built target allan_variance_msgs__rosidl_typesupport_fastrtps_c
[2.551s] [ 70%] Built target allan_variance_msgs
[2.565s] [ 74%] [34m[1mGenerating Python code for ROS interfaces[0m
[2.830s] [ 74%] Built target allan_variance_msgs__py
[2.845s] [ 77%] [32mBuilding C object CMakeFiles/allan_variance_msgs__rosidl_generator_py.dir/rosidl_generator_py/allan_variance_msgs/msg/_imu9_do_f_s.c.o[0m
[2.936s] [ 80%] [32m[1mLinking C shared library rosidl_generator_py/allan_variance_msgs/liballan_variance_msgs__rosidl_generator_py.so[0m
[2.968s] [ 80%] Built target allan_variance_msgs__rosidl_generator_py
[2.985s] [ 87%] [32mBuilding C object CMakeFiles/allan_variance_msgs__rosidl_typesupport_introspection_c__pyext.dir/rosidl_generator_py/allan_variance_msgs/_allan_variance_msgs_s.ep.rosidl_typesupport_introspection_c.c.o[0m
[2.985s] [ 87%] [32mBuilding C object CMakeFiles/allan_variance_msgs__rosidl_typesupport_c__pyext.dir/rosidl_generator_py/allan_variance_msgs/_allan_variance_msgs_s.ep.rosidl_typesupport_c.c.o[0m
[2.986s] [ 90%] [32mBuilding C object CMakeFiles/allan_variance_msgs__rosidl_typesupport_fastrtps_c__pyext.dir/rosidl_generator_py/allan_variance_msgs/_allan_variance_msgs_s.ep.rosidl_typesupport_fastrtps_c.c.o[0m
[3.077s] [ 93%] [32m[1mLinking C shared library rosidl_generator_py/allan_variance_msgs/allan_variance_msgs_s__rosidl_typesupport_introspection_c.cpython-310-x86_64-linux-gnu.so[0m
[3.077s] [ 96%] [32m[1mLinking C shared library rosidl_generator_py/allan_variance_msgs/allan_variance_msgs_s__rosidl_typesupport_c.cpython-310-x86_64-linux-gnu.so[0m
[3.082s] [100%] [32m[1mLinking C shared library rosidl_generator_py/allan_variance_msgs/allan_variance_msgs_s__rosidl_typesupport_fastrtps_c.cpython-310-x86_64-linux-gnu.so[0m
[3.107s] [100%] Built target allan_variance_msgs__rosidl_typesupport_introspection_c__pyext
[3.107s] [100%] Built target allan_variance_msgs__rosidl_typesupport_c__pyext
[3.113s] [100%] Built target allan_variance_msgs__rosidl_typesupport_fastrtps_c__pyext
[3.121s] Invoked command in '/home/ws/build/allan_variance_msgs' returned '0': CMAKE_PREFIX_PATH=${CMAKE_PREFIX_PATH}:/opt/ros/humble /usr/bin/cmake --build /home/ws/build/allan_variance_msgs -- -j12 -l12
[3.166s] Invoking command in '/home/ws/build/allan_variance_msgs': CMAKE_PREFIX_PATH=${CMAKE_PREFIX_PATH}:/opt/ros/humble /usr/bin/cmake --install /home/ws/build/allan_variance_msgs
[3.171s] -- Install configuration: ""
[3.171s] -- Execute custom install script
[3.171s] -- Symlinking: /home/ws/install/allan_variance_msgs/share/ament_index/resource_index/rosidl_interfaces/allan_variance_msgs
[3.178s] -- Symlinking: /home/ws/install/allan_variance_msgs/include/allan_variance_msgs/allan_variance_msgs/msg/detail/imu9_do_f__functions.h
[3.183s] -- Symlinking: /home/ws/install/allan_variance_msgs/include/allan_variance_msgs/allan_variance_msgs/msg/detail/imu9_do_f__struct.h
[3.189s] -- Symlinking: /home/ws/install/allan_variance_msgs/include/allan_variance_msgs/allan_variance_msgs/msg/detail/imu9_do_f__type_support.h
[3.195s] -- Symlinking: /home/ws/install/allan_variance_msgs/include/allan_variance_msgs/allan_variance_msgs/msg/imu9_do_f.h
[3.201s] -- Symlinking: /home/ws/install/allan_variance_msgs/include/allan_variance_msgs/allan_variance_msgs/msg/rosidl_generator_c__visibility_control.h
[3.207s] -- Symlinking: /home/ws/install/allan_variance_msgs/share/allan_variance_msgs/environment/library_path.sh
[3.213s] -- Symlinking: /home/ws/install/allan_variance_msgs/share/allan_variance_msgs/environment/library_path.dsv
[3.220s] -- Symlinking: /home/ws/install/allan_variance_msgs/include/allan_variance_msgs/allan_variance_msgs/msg/detail/imu9_do_f__rosidl_typesupport_fastrtps_c.h
[3.226s] -- Symlinking: /home/ws/install/allan_variance_msgs/include/allan_variance_msgs/allan_variance_msgs/msg/rosidl_typesupport_fastrtps_c__visibility_control.h
[3.232s] -- Symlinking: /home/ws/install/allan_variance_msgs/include/allan_variance_msgs/allan_variance_msgs/msg/detail/imu9_do_f__builder.hpp
[3.238s] -- Symlinking: /home/ws/install/allan_variance_msgs/include/allan_variance_msgs/allan_variance_msgs/msg/detail/imu9_do_f__struct.hpp
[3.245s] -- Symlinking: /home/ws/install/allan_variance_msgs/include/allan_variance_msgs/allan_variance_msgs/msg/detail/imu9_do_f__traits.hpp
[3.251s] -- Symlinking: /home/ws/install/allan_variance_msgs/include/allan_variance_msgs/allan_variance_msgs/msg/imu9_do_f.hpp
[3.257s] -- Symlinking: /home/ws/install/allan_variance_msgs/include/allan_variance_msgs/allan_variance_msgs/msg/detail/imu9_do_f__rosidl_typesupport_fastrtps_cpp.hpp
[3.263s] -- Symlinking: /home/ws/install/allan_variance_msgs/include/allan_variance_msgs/allan_variance_msgs/msg/rosidl_typesupport_fastrtps_cpp__visibility_control.h
[3.269s] -- Symlinking: /home/ws/install/allan_variance_msgs/include/allan_variance_msgs/allan_variance_msgs/msg/detail/imu9_do_f__rosidl_typesupport_introspection_c.h
[3.275s] -- Symlinking: /home/ws/install/allan_variance_msgs/include/allan_variance_msgs/allan_variance_msgs/msg/rosidl_typesupport_introspection_c__visibility_control.h
[3.281s] -- Symlinking: /home/ws/install/allan_variance_msgs/include/allan_variance_msgs/allan_variance_msgs/msg/detail/imu9_do_f__rosidl_typesupport_introspection_cpp.hpp
[3.287s] -- Symlinking: /home/ws/install/allan_variance_msgs/share/allan_variance_msgs/environment/pythonpath.sh
[3.293s] -- Symlinking: /home/ws/install/allan_variance_msgs/share/allan_variance_msgs/environment/pythonpath.dsv
[3.299s] -- Symlinking: /home/ws/install/allan_variance_msgs/local/lib/python3.10/dist-packages/allan_variance_msgs-0.0.0-py3.10.egg-info/PKG-INFO
[3.305s] -- Symlinking: /home/ws/install/allan_variance_msgs/local/lib/python3.10/dist-packages/allan_variance_msgs-0.0.0-py3.10.egg-info/SOURCES.txt
[3.311s] -- Symlinking: /home/ws/install/allan_variance_msgs/local/lib/python3.10/dist-packages/allan_variance_msgs-0.0.0-py3.10.egg-info/dependency_links.txt
[3.318s] -- Symlinking: /home/ws/install/allan_variance_msgs/local/lib/python3.10/dist-packages/allan_variance_msgs-0.0.0-py3.10.egg-info/top_level.txt
[3.334s] -- Symlinking: /home/ws/install/allan_variance_msgs/local/lib/python3.10/dist-packages/allan_variance_msgs/__init__.py
[3.340s] -- Symlinking: /home/ws/install/allan_variance_msgs/local/lib/python3.10/dist-packages/allan_variance_msgs/_allan_variance_msgs_s.ep.rosidl_typesupport_c.c
[3.347s] -- Symlinking: /home/ws/install/allan_variance_msgs/local/lib/python3.10/dist-packages/allan_variance_msgs/_allan_variance_msgs_s.ep.rosidl_typesupport_fastrtps_c.c
[3.353s] -- Symlinking: /home/ws/install/allan_variance_msgs/local/lib/python3.10/dist-packages/allan_variance_msgs/_allan_variance_msgs_s.ep.rosidl_typesupport_introspection_c.c
[3.359s] -- Symlinking: /home/ws/install/allan_variance_msgs/local/lib/python3.10/dist-packages/allan_variance_msgs/allan_variance_msgs_s__rosidl_typesupport_c.cpython-310-x86_64-linux-gnu.so
[3.365s] -- Symlinking: /home/ws/install/allan_variance_msgs/local/lib/python3.10/dist-packages/allan_variance_msgs/allan_variance_msgs_s__rosidl_typesupport_fastrtps_c.cpython-310-x86_64-linux-gnu.so
[3.371s] -- Symlinking: /home/ws/install/allan_variance_msgs/local/lib/python3.10/dist-packages/allan_variance_msgs/allan_variance_msgs_s__rosidl_typesupport_introspection_c.cpython-310-x86_64-linux-gnu.so
[3.377s] -- Symlinking: /home/ws/install/allan_variance_msgs/local/lib/python3.10/dist-packages/allan_variance_msgs/liballan_variance_msgs__rosidl_generator_py.so
[3.383s] -- Symlinking: /home/ws/install/allan_variance_msgs/local/lib/python3.10/dist-packages/allan_variance_msgs/msg/__init__.py
[3.388s] -- Symlinking: /home/ws/install/allan_variance_msgs/local/lib/python3.10/dist-packages/allan_variance_msgs/msg/_imu9_do_f.py
[3.395s] -- Symlinking: /home/ws/install/allan_variance_msgs/local/lib/python3.10/dist-packages/allan_variance_msgs/msg/_imu9_do_f_s.c
[3.401s] -- Up-to-date symlink: /home/ws/install/allan_variance_msgs/local/lib/python3.10/dist-packages/allan_variance_msgs/allan_variance_msgs_s__rosidl_typesupport_fastrtps_c.cpython-310-x86_64-linux-gnu.so
[3.401s] -- Up-to-date symlink: /home/ws/install/allan_variance_msgs/local/lib/python3.10/dist-packages/allan_variance_msgs/allan_variance_msgs_s__rosidl_typesupport_introspection_c.cpython-310-x86_64-linux-gnu.so
[3.401s] -- Up-to-date symlink: /home/ws/install/allan_variance_msgs/local/lib/python3.10/dist-packages/allan_variance_msgs/allan_variance_msgs_s__rosidl_typesupport_c.cpython-310-x86_64-linux-gnu.so
[3.402s] -- Symlinking: /home/ws/install/allan_variance_msgs/share/allan_variance_msgs/msg/Imu9DoF.idl
[3.408s] -- Symlinking: /home/ws/install/allan_variance_msgs/share/allan_variance_msgs/msg/Imu9DoF.msg
[3.415s] -- Symlinking: /home/ws/install/allan_variance_msgs/share/ament_index/resource_index/package_run_dependencies/allan_variance_msgs
[3.421s] -- Symlinking: /home/ws/install/allan_variance_msgs/share/ament_index/resource_index/parent_prefix_path/allan_variance_msgs
[3.428s] -- Symlinking: /home/ws/install/allan_variance_msgs/share/allan_variance_msgs/environment/ament_prefix_path.sh
[3.435s] -- Symlinking: /home/ws/install/allan_variance_msgs/share/allan_variance_msgs/environment/ament_prefix_path.dsv
[3.442s] -- Symlinking: /home/ws/install/allan_variance_msgs/share/allan_variance_msgs/environment/path.sh
[3.448s] -- Symlinking: /home/ws/install/allan_variance_msgs/share/allan_variance_msgs/environment/path.dsv
[3.455s] -- Symlinking: /home/ws/install/allan_variance_msgs/share/allan_variance_msgs/local_setup.bash
[3.461s] -- Symlinking: /home/ws/install/allan_variance_msgs/share/allan_variance_msgs/local_setup.sh
[3.468s] -- Symlinking: /home/ws/install/allan_variance_msgs/share/allan_variance_msgs/local_setup.zsh
[3.475s] -- Symlinking: /home/ws/install/allan_variance_msgs/share/allan_variance_msgs/local_setup.dsv
[3.482s] -- Symlinking: /home/ws/install/allan_variance_msgs/share/allan_variance_msgs/package.dsv
[3.488s] -- Symlinking: /home/ws/install/allan_variance_msgs/share/ament_index/resource_index/packages/allan_variance_msgs
[3.495s] -- Symlinking: /home/ws/install/allan_variance_msgs/share/allan_variance_msgs/cmake/rosidl_cmake-extras.cmake
[3.501s] -- Symlinking: /home/ws/install/allan_variance_msgs/share/allan_variance_msgs/cmake/ament_cmake_export_dependencies-extras.cmake
[3.508s] -- Symlinking: /home/ws/install/allan_variance_msgs/share/allan_variance_msgs/cmake/ament_cmake_export_include_directories-extras.cmake
[3.515s] -- Symlinking: /home/ws/install/allan_variance_msgs/share/allan_variance_msgs/cmake/ament_cmake_export_libraries-extras.cmake
[3.524s] -- Symlinking: /home/ws/install/allan_variance_msgs/share/allan_variance_msgs/cmake/ament_cmake_export_targets-extras.cmake
[3.531s] -- Symlinking: /home/ws/install/allan_variance_msgs/share/allan_variance_msgs/cmake/rosidl_cmake_export_typesupport_targets-extras.cmake
[3.537s] -- Symlinking: /home/ws/install/allan_variance_msgs/share/allan_variance_msgs/cmake/rosidl_cmake_export_typesupport_libraries-extras.cmake
[3.544s] -- Symlinking: /home/ws/install/allan_variance_msgs/share/allan_variance_msgs/cmake/allan_variance_msgsConfig.cmake
[3.550s] -- Symlinking: /home/ws/install/allan_variance_msgs/share/allan_variance_msgs/cmake/allan_variance_msgsConfig-version.cmake
[3.557s] -- Symlinking: /home/ws/install/allan_variance_msgs/share/allan_variance_msgs/package.xml
[3.564s] -- Installing: /home/ws/install/allan_variance_msgs/lib/liballan_variance_msgs__rosidl_generator_c.so
[3.564s] -- Set runtime path of "/home/ws/install/allan_variance_msgs/lib/liballan_variance_msgs__rosidl_generator_c.so" to ""
[3.564s] -- Installing: /home/ws/install/allan_variance_msgs/lib/liballan_variance_msgs__rosidl_typesupport_fastrtps_c.so
[3.565s] -- Set runtime path of "/home/ws/install/allan_variance_msgs/lib/liballan_variance_msgs__rosidl_typesupport_fastrtps_c.so" to ""
[3.565s] -- Installing: /home/ws/install/allan_variance_msgs/lib/liballan_variance_msgs__rosidl_typesupport_fastrtps_cpp.so
[3.565s] -- Set runtime path of "/home/ws/install/allan_variance_msgs/lib/liballan_variance_msgs__rosidl_typesupport_fastrtps_cpp.so" to ""
[3.565s] -- Installing: /home/ws/install/allan_variance_msgs/lib/liballan_variance_msgs__rosidl_typesupport_introspection_c.so
[3.565s] -- Set runtime path of "/home/ws/install/allan_variance_msgs/lib/liballan_variance_msgs__rosidl_typesupport_introspection_c.so" to ""
[3.565s] -- Installing: /home/ws/install/allan_variance_msgs/lib/liballan_variance_msgs__rosidl_typesupport_c.so
[3.566s] -- Set runtime path of "/home/ws/install/allan_variance_msgs/lib/liballan_variance_msgs__rosidl_typesupport_c.so" to ""
[3.566s] -- Installing: /home/ws/install/allan_variance_msgs/lib/liballan_variance_msgs__rosidl_typesupport_introspection_cpp.so
[3.566s] -- Set runtime path of "/home/ws/install/allan_variance_msgs/lib/liballan_variance_msgs__rosidl_typesupport_introspection_cpp.so" to ""
[3.566s] -- Installing: /home/ws/install/allan_variance_msgs/lib/liballan_variance_msgs__rosidl_typesupport_cpp.so
[3.566s] -- Set runtime path of "/home/ws/install/allan_variance_msgs/lib/liballan_variance_msgs__rosidl_typesupport_cpp.so" to ""
[3.599s] Listing '/home/ws/install/allan_variance_msgs/local/lib/python3.10/dist-packages/allan_variance_msgs'...
[3.599s] Compiling '/home/ws/install/allan_variance_msgs/local/lib/python3.10/dist-packages/allan_variance_msgs/__init__.py'...
[3.599s] Listing '/home/ws/install/allan_variance_msgs/local/lib/python3.10/dist-packages/allan_variance_msgs/msg'...
[3.599s] Compiling '/home/ws/install/allan_variance_msgs/local/lib/python3.10/dist-packages/allan_variance_msgs/msg/__init__.py'...
[3.599s] Compiling '/home/ws/install/allan_variance_msgs/local/lib/python3.10/dist-packages/allan_variance_msgs/msg/_imu9_do_f.py'...
[3.603s] -- Installing: /home/ws/install/allan_variance_msgs/lib/liballan_variance_msgs__rosidl_generator_py.so
[3.603s] -- Set runtime path of "/home/ws/install/allan_variance_msgs/lib/liballan_variance_msgs__rosidl_generator_py.so" to ""
[3.603s] -- Installing: /home/ws/install/allan_variance_msgs/share/allan_variance_msgs/cmake/export_allan_variance_msgs__rosidl_generator_cExport.cmake
[3.603s] -- Installing: /home/ws/install/allan_variance_msgs/share/allan_variance_msgs/cmake/export_allan_variance_msgs__rosidl_generator_cExport-noconfig.cmake
[3.603s] -- Installing: /home/ws/install/allan_variance_msgs/share/allan_variance_msgs/cmake/export_allan_variance_msgs__rosidl_typesupport_fastrtps_cExport.cmake
[3.603s] -- Installing: /home/ws/install/allan_variance_msgs/share/allan_variance_msgs/cmake/export_allan_variance_msgs__rosidl_typesupport_fastrtps_cExport-noconfig.cmake
[3.603s] -- Installing: /home/ws/install/allan_variance_msgs/share/allan_variance_msgs/cmake/export_allan_variance_msgs__rosidl_generator_cppExport.cmake
[3.604s] -- Installing: /home/ws/install/allan_variance_msgs/share/allan_variance_msgs/cmake/export_allan_variance_msgs__rosidl_typesupport_fastrtps_cppExport.cmake
[3.604s] -- Installing: /home/ws/install/allan_variance_msgs/share/allan_variance_msgs/cmake/export_allan_variance_msgs__rosidl_typesupport_fastrtps_cppExport-noconfig.cmake
[3.604s] -- Installing: /home/ws/install/allan_variance_msgs/share/allan_variance_msgs/cmake/allan_variance_msgs__rosidl_typesupport_introspection_cExport.cmake
[3.604s] -- Installing: /home/ws/install/allan_variance_msgs/share/allan_variance_msgs/cmake/allan_variance_msgs__rosidl_typesupport_introspection_cExport-noconfig.cmake
[3.604s] -- Installing: /home/ws/install/allan_variance_msgs/share/allan_variance_msgs/cmake/allan_variance_msgs__rosidl_typesupport_cExport.cmake
[3.604s] -- Installing: /home/ws/install/allan_variance_msgs/share/allan_variance_msgs/cmake/allan_variance_msgs__rosidl_typesupport_cExport-noconfig.cmake
[3.604s] -- Installing: /home/ws/install/allan_variance_msgs/share/allan_variance_msgs/cmake/allan_variance_msgs__rosidl_typesupport_introspection_cppExport.cmake
[3.604s] -- Installing: /home/ws/install/allan_variance_msgs/share/allan_variance_msgs/cmake/allan_variance_msgs__rosidl_typesupport_introspection_cppExport-noconfig.cmake
[3.604s] -- Installing: /home/ws/install/allan_variance_msgs/share/allan_variance_msgs/cmake/allan_variance_msgs__rosidl_typesupport_cppExport.cmake
[3.605s] -- Installing: /home/ws/install/allan_variance_msgs/share/allan_variance_msgs/cmake/allan_variance_msgs__rosidl_typesupport_cppExport-noconfig.cmake
[3.605s] -- Installing: /home/ws/install/allan_variance_msgs/share/allan_variance_msgs/cmake/export_allan_variance_msgs__rosidl_generator_pyExport.cmake
[3.605s] -- Installing: /home/ws/install/allan_variance_msgs/share/allan_variance_msgs/cmake/export_allan_variance_msgs__rosidl_generator_pyExport-noconfig.cmake
[3.607s] Invoked command in '/home/ws/build/allan_variance_msgs' returned '0': CMAKE_PREFIX_PATH=${CMAKE_PREFIX_PATH}:/opt/ros/humble /usr/bin/cmake --install /home/ws/build/allan_variance_msgs
