[0.010s] Invoking command in '/home/ws/build/allan_variance_ros2': CMAKE_PREFIX_PATH=${CMAKE_PREFIX_PATH}:/opt/ros/humble LD_LIBRARY_PATH=/home/ws/install/allan_variance_msgs/lib:/home/ws/install/allan_variance_ros2/lib:/opt/ros/humble/lib/x86_64-linux-gnu:/opt/ros/humble/lib /usr/bin/cmake --build /home/ws/build/allan_variance_ros2 -- -j12 -l12
[0.043s] [35m[1mConsolidate compiler generated dependencies of target allan_variance_ros2[0m
[0.059s] [ 66%] Built target allan_variance_ros2
[0.067s] [35m[1mConsolidate compiler generated dependencies of target allan_variance[0m
[0.084s] [100%] Built target allan_variance
[0.092s] Invoked command in '/home/ws/build/allan_variance_ros2' returned '0': CMAKE_PREFIX_PATH=${CMAKE_PREFIX_PATH}:/opt/ros/humble LD_LIBRARY_PATH=/home/ws/install/allan_variance_msgs/lib:/home/ws/install/allan_variance_ros2/lib:/opt/ros/humble/lib/x86_64-linux-gnu:/opt/ros/humble/lib /usr/bin/cmake --build /home/ws/build/allan_variance_ros2 -- -j12 -l12
[0.116s] Invoking command in '/home/ws/build/allan_variance_ros2': CMAKE_PREFIX_PATH=${CMAKE_PREFIX_PATH}:/opt/ros/humble LD_LIBRARY_PATH=/home/ws/install/allan_variance_msgs/lib:/home/ws/install/allan_variance_ros2/lib:/opt/ros/humble/lib/x86_64-linux-gnu:/opt/ros/humble/lib /usr/bin/cmake --install /home/ws/build/allan_variance_ros2
[0.121s] -- Install configuration: ""
[0.121s] -- Execute custom install script
[0.122s] -- Up-to-date symlink: /home/ws/install/allan_variance_ros2/include/allan_variance_ros2/AllanVarianceComputor.hpp
[0.122s] -- Up-to-date symlink: /home/ws/install/allan_variance_ros2/include/allan_variance_ros2/ImuMeasurement.hpp
[0.122s] -- Up-to-date symlink: /home/ws/install/allan_variance_ros2/include/allan_variance_ros2/yaml_parsers.hpp
[0.122s] -- Up-to-date symlink: /home/ws/install/allan_variance_ros2/lib/allan_variance_ros2/allan_variance
[0.122s] -- Up-to-date symlink: /home/ws/install/allan_variance_ros2/share/allan_variance_ros2/launch/record.launch
[0.123s] -- Up-to-date symlink: /home/ws/install/allan_variance_ros2/share/ament_index/resource_index/package_run_dependencies/allan_variance_ros2
[0.123s] -- Up-to-date symlink: /home/ws/install/allan_variance_ros2/share/ament_index/resource_index/parent_prefix_path/allan_variance_ros2
[0.123s] -- Up-to-date symlink: /home/ws/install/allan_variance_ros2/share/allan_variance_ros2/environment/ament_prefix_path.sh
[0.123s] -- Up-to-date symlink: /home/ws/install/allan_variance_ros2/share/allan_variance_ros2/environment/ament_prefix_path.dsv
[0.123s] -- Up-to-date symlink: /home/ws/install/allan_variance_ros2/share/allan_variance_ros2/environment/path.sh
[0.123s] -- Up-to-date symlink: /home/ws/install/allan_variance_ros2/share/allan_variance_ros2/environment/path.dsv
[0.123s] -- Up-to-date symlink: /home/ws/install/allan_variance_ros2/share/allan_variance_ros2/local_setup.bash
[0.123s] -- Up-to-date symlink: /home/ws/install/allan_variance_ros2/share/allan_variance_ros2/local_setup.sh
[0.123s] -- Up-to-date symlink: /home/ws/install/allan_variance_ros2/share/allan_variance_ros2/local_setup.zsh
[0.124s] -- Up-to-date symlink: /home/ws/install/allan_variance_ros2/share/allan_variance_ros2/local_setup.dsv
[0.124s] -- Symlinking: /home/ws/install/allan_variance_ros2/share/allan_variance_ros2/package.dsv
[0.131s] -- Up-to-date symlink: /home/ws/install/allan_variance_ros2/share/ament_index/resource_index/packages/allan_variance_ros2
[0.131s] -- Up-to-date symlink: /home/ws/install/allan_variance_ros2/share/allan_variance_ros2/cmake/ConfigExtras.cmake
[0.131s] -- Up-to-date symlink: /home/ws/install/allan_variance_ros2/share/allan_variance_ros2/cmake/allan_variance_ros2Config.cmake
[0.131s] -- Up-to-date symlink: /home/ws/install/allan_variance_ros2/share/allan_variance_ros2/cmake/allan_variance_ros2Config-version.cmake
[0.131s] -- Up-to-date symlink: /home/ws/install/allan_variance_ros2/share/allan_variance_ros2/package.xml
[0.134s] Invoked command in '/home/ws/build/allan_variance_ros2' returned '0': CMAKE_PREFIX_PATH=${CMAKE_PREFIX_PATH}:/opt/ros/humble LD_LIBRARY_PATH=/home/ws/install/allan_variance_msgs/lib:/home/ws/install/allan_variance_ros2/lib:/opt/ros/humble/lib/x86_64-linux-gnu:/opt/ros/humble/lib /usr/bin/cmake --install /home/ws/build/allan_variance_ros2
